<?xml version="1.0" encoding="UTF-8"?>
<testsuite xmlns:xsi="http://www.w3.org/2001/XMLSchema-instance" xsi:noNamespaceSchemaLocation="https://maven.apache.org/surefire/maven-surefire-plugin/xsd/surefire-test-report-3.0.xsd" version="3.0" name="com.enterprise.atlas.workflow.service.CommandMappingIntegrationTest" time="2.709" tests="1" errors="0" skipped="0" failures="0">
  <properties>
[...]
</properties>
  <testcase name="testHttpRestCommandInputOutputMappingAndDecision" classname="com.enterprise.atlas.workflow.service.CommandMappingIntegrationTest" time="0.563">
    <system-out><![CDATA[2026-06-16 15:20:52.717 [main] INFO  org.springframework.boot.test.context.SpringBootTestContextBootstrapper.getOrFindConfigurationClasses [SpringBootTestContextBootstrapper.java:234] - Found @SpringBootConfiguration com.enterprise.atlas.workflow.WorkflowServiceApplication for test class com.enterprise.atlas.workflow.service.CommandMappingIntegrationTest

  .   ____          _            __ _ _
 /\\ / ___'_ __ _ _(_)_ __  __ _ \ \ \ \
( ( )\___ | '_ | '_| | '_ \/ _` | \ \ \ \
 \\/  ___)| |_)| | | | | || (_| |  ) ) ) )
  '  |____| .__|_| |_|_| |_\__, | / / / /
 =========|_|==============|___/=/_/_/_/

 :: Spring Boot ::                (v3.3.4)

2026-06-16 15:20:52.836 [main] INFO  com.enterprise.atlas.workflow.service.CommandMappingIntegrationTest.logStarting [StartupInfoLogger.java:50] - Starting CommandMappingIntegrationTest using Java 24.0.2 with PID 10096 (started by hemant in C:\Users\hemant\Desktop\Projects\state-machine-engine\atlas-workflow-service)
2026-06-16 15:20:52.837 [main] INFO  com.enterprise.atlas.workflow.service.CommandMappingIntegrationTest.logStartupProfileInfo [SpringApplication.java:660] - The following 1 profile is active: "test"
2026-06-16 15:20:53.104 [main] INFO  org.springframework.data.repository.config.RepositoryConfigurationDelegate.registerRepositoriesIn [RepositoryConfigurationDelegate.java:143] - Bootstrapping Spring Data JPA repositories in DEFAULT mode.
2026-06-16 15:20:53.126 [main] INFO  org.springframework.data.repository.config.RepositoryConfigurationDelegate.registerRepositoriesIn [RepositoryConfigurationDelegate.java:211] - Finished Spring Data repository scanning in 21 ms. Found 15 JPA repository interfaces.
2026-06-16 15:20:53.536 [main] INFO  org.springframework.boot.web.embedded.tomcat.TomcatWebServer.initialize [TomcatWebServer.java:111] - Tomcat initialized with port 0 (http)
2026-06-16 15:20:53.555 [main] INFO  org.apache.coyote.http11.Http11NioProtocol.log [DirectJDKLog.java:173] - Initializing ProtocolHandler ["http-nio-auto-1"]
2026-06-16 15:20:53.561 [main] INFO  org.apache.catalina.core.StandardService.log [DirectJDKLog.java:173] - Starting service [Tomcat]
2026-06-16 15:20:53.563 [main] INFO  org.apache.catalina.core.StandardEngine.log [DirectJDKLog.java:173] - Starting Servlet engine: [Apache Tomcat/10.1.30]
2026-06-16 15:20:53.673 [main] INFO  org.apache.catalina.core.ContainerBase.[Tomcat].[localhost].[/].log [DirectJDKLog.java:173] - Initializing Spring embedded WebApplicationContext
2026-06-16 15:20:53.674 [main] INFO  org.springframework.boot.web.servlet.context.ServletWebServerApplicationContext.prepareWebApplicationContext [ServletWebServerApplicationContext.java:296] - Root WebApplicationContext: initialization completed in 830 ms
2026-06-16 15:20:53.691 [main] INFO  com.zaxxer.hikari.HikariDataSource.getConnection [HikariDataSource.java:109] - HikariPool-2 - Starting...
2026-06-16 15:20:53.694 [main] INFO  com.zaxxer.hikari.pool.HikariPool.checkFailFast [HikariPool.java:554] - HikariPool-2 - Added connection conn11: url=jdbc:h2:file:./data/atlasdb user=SA
2026-06-16 15:20:53.695 [main] INFO  com.zaxxer.hikari.HikariDataSource.getConnection [HikariDataSource.java:122] - HikariPool-2 - Start completed.
2026-06-16 15:20:53.695 [main] INFO  org.springframework.boot.autoconfigure.h2.H2ConsoleAutoConfiguration.logDataSources [H2ConsoleAutoConfiguration.java:88] - H2 console available at '/h2-console'. Database available at 'jdbc:h2:file:./data/atlasdb'
2026-06-16 15:20:53.778 [main] INFO  com.enterprise.atlas.workflow.config.DatabaseMigrationRunner.migrate [DatabaseMigrationRunner.java:24] - Starting database schema migration check...
2026-06-16 15:20:53.819 [main] INFO  com.enterprise.atlas.workflow.config.DatabaseMigrationRunner.cleanOrphanedData [DatabaseMigrationRunner.java:94] - Cleaning up orphaned records before constraint creation...
2026-06-16 15:20:53.821 [main] INFO  com.enterprise.atlas.workflow.config.DatabaseMigrationRunner.autoCleanOrphans [DatabaseMigrationRunner.java:116] - Cleaning up orphans in bucket_executions on column execution_log_id...
2026-06-16 15:20:53.824 [main] INFO  com.enterprise.atlas.workflow.config.DatabaseMigrationRunner.autoCleanOrphans [DatabaseMigrationRunner.java:116] - Cleaning up orphans in bucket_executions on column instance_id...
2026-06-16 15:20:53.826 [main] INFO  com.enterprise.atlas.workflow.config.DatabaseMigrationRunner.autoCleanOrphans [DatabaseMigrationRunner.java:116] - Cleaning up orphans in workflow_instances on column version_id...
2026-06-16 15:20:53.828 [main] INFO  com.enterprise.atlas.workflow.config.DatabaseMigrationRunner.autoCleanOrphans [DatabaseMigrationRunner.java:116] - Cleaning up orphans in execution_logs on column version_id...
2026-06-16 15:20:53.830 [main] INFO  com.enterprise.atlas.workflow.config.DatabaseMigrationRunner.autoCleanOrphans [DatabaseMigrationRunner.java:116] - Cleaning up orphans in execution_logs on column instance_id...
2026-06-16 15:20:53.832 [main] INFO  com.enterprise.atlas.workflow.config.DatabaseMigrationRunner.autoCleanOrphans [DatabaseMigrationRunner.java:116] - Cleaning up orphans in revert_status on column workflow_instance_id...
2026-06-16 15:20:53.835 [main] INFO  com.enterprise.atlas.workflow.config.DatabaseMigrationRunner.autoCleanOrphans [DatabaseMigrationRunner.java:116] - Cleaning up orphans in revert_status on column form_id...
2026-06-16 15:20:53.836 [main] INFO  com.enterprise.atlas.workflow.config.DatabaseMigrationRunner.cleanOrphanedData [DatabaseMigrationRunner.java:107] - Cleaning up invalid integration_id references in context_fields...
2026-06-16 15:20:53.837 [main] INFO  com.enterprise.atlas.workflow.config.DatabaseMigrationRunner.healWorkloadDataInconsistency [DatabaseMigrationRunner.java:140] - Healing bucket executions for completed workflow instances...
2026-06-16 15:20:53.839 [main] INFO  com.enterprise.atlas.workflow.config.DatabaseMigrationRunner.healWorkloadDataInconsistency [DatabaseMigrationRunner.java:153] - Healing bucket executions for completed reverts...
2026-06-16 15:20:53.842 [main] INFO  com.enterprise.atlas.workflow.config.DatabaseMigrationRunner.alterColumnLengthIfExist [DatabaseMigrationRunner.java:173] - Altering column task_instances.task_instance_pk length to 255...
2026-06-16 15:20:53.857 [main] INFO  com.enterprise.atlas.workflow.config.DatabaseMigrationRunner.alterColumnLengthIfExist [DatabaseMigrationRunner.java:179] - Successfully altered column task_instances.task_instance_pk length to 255.
2026-06-16 15:20:53.858 [main] INFO  com.enterprise.atlas.workflow.config.DatabaseMigrationRunner.migrate [DatabaseMigrationRunner.java:66] - Database schema migration check completed successfully.
2026-06-16 15:20:53.877 [main] INFO  org.hibernate.jpa.internal.util.LogHelper.logPersistenceUnitInformation [LogHelper.java:31] - HHH000204: Processing PersistenceUnitInfo [name: default]
2026-06-16 15:20:53.882 [main] INFO  org.hibernate.cache.internal.RegionFactoryInitiator.initiateService [RegionFactoryInitiator.java:50] - HHH000026: Second-level cache disabled
2026-06-16 15:20:53.896 [main] INFO  org.springframework.orm.jpa.persistenceunit.SpringPersistenceUnitInfo.addTransformer [SpringPersistenceUnitInfo.java:87] - No LoadTimeWeaver setup: ignoring JPA class transformer
2026-06-16 15:20:53.899 [main] WARN  org.hibernate.orm.deprecation.constructDialect [DialectFactoryImpl.java:153] - HHH90000025: H2Dialect does not need to be specified explicitly using 'hibernate.dialect' (remove the property setting and it will be selected by default)
2026-06-16 15:20:54.233 [main] INFO  org.hibernate.engine.transaction.jta.platform.internal.JtaPlatformInitiator.initiateService [JtaPlatformInitiator.java:59] - HHH000489: No JTA platform available (set 'hibernate.transaction.jta.platform' to enable JTA platform integration)
Hibernate: 
    alter table if exists buckets 
       drop constraint if exists idx_bucket_id_key
Hibernate: 
    alter table if exists buckets 
       add constraint idx_bucket_id_key unique (bucket_id)
Hibernate: 
    alter table if exists context_schemas 
       drop constraint if exists idx_ctx_schema_key
Hibernate: 
    alter table if exists context_schemas 
       add constraint idx_ctx_schema_key unique (workflow_key)
Hibernate: 
    alter table if exists event_definitions 
       drop constraint if exists idx_event_def_key
Hibernate: 
    alter table if exists event_definitions 
       add constraint idx_event_def_key unique (event_key)
Hibernate: 
    alter table if exists integration_registry 
       drop constraint if exists idx_int_key
Hibernate: 
    alter table if exists integration_registry 
       add constraint idx_int_key unique (integration_key)
Hibernate: 
    alter table if exists rules 
       drop constraint if exists idx_rule_key
Hibernate: 
    alter table if exists rules 
       add constraint idx_rule_key unique (rule_key)
Hibernate: 
    alter table if exists workflow_definitions 
       drop constraint if exists idx_wf_def_key
Hibernate: 
    alter table if exists workflow_definitions 
       add constraint idx_wf_def_key unique (wf_key)
Hibernate: 
    alter table if exists workflow_versions 
       drop constraint if exists uq_wf_version
Hibernate: 
    alter table if exists workflow_versions 
       add constraint uq_wf_version unique (workflow_definition_id, version)
2026-06-16 15:20:54.251 [main] INFO  org.springframework.orm.jpa.LocalContainerEntityManagerFactoryBean.buildNativeEntityManagerFactory [AbstractEntityManagerFactoryBean.java:437] - Initialized JPA EntityManagerFactory for persistence unit 'default'
2026-06-16 15:20:54.577 [main] WARN  org.springframework.boot.autoconfigure.orm.jpa.JpaBaseConfiguration$JpaWebConfiguration.openEntityManagerInViewInterceptor [JpaBaseConfiguration.java:236] - spring.jpa.open-in-view is enabled by default. Therefore, database queries may be performed during view rendering. Explicitly configure spring.jpa.open-in-view to disable this warning
2026-06-16 15:20:54.788 [main] INFO  org.apache.coyote.http11.Http11NioProtocol.log [DirectJDKLog.java:173] - Starting ProtocolHandler ["http-nio-auto-1"]
2026-06-16 15:20:54.813 [main] INFO  org.springframework.boot.web.embedded.tomcat.TomcatWebServer.start [TomcatWebServer.java:243] - Tomcat started on port 55201 (http) with context path '/'
2026-06-16 15:20:54.822 [main] INFO  com.enterprise.atlas.workflow.service.CommandMappingIntegrationTest.logStarted [StartupInfoLogger.java:56] - Started CommandMappingIntegrationTest in 2.1 seconds (process running for 14.512)
Hibernate: 
    select
        wi1_0.workflow_instance_pk,
        wi1_0.business_key,
        wi1_0.created_at,
        wi1_0.current_node_id,
        wi1_0.runtime_graph,
        wi1_0.serialized_context,
        wi1_0.status,
        wi1_0.updated_at,
        wi1_0.version_number,
        wi1_0.workflow_key,
        wi1_0.version_id 
    from
        workflow_instances wi1_0 
    where
        wi1_0.status=? 
    order by
        wi1_0.created_at desc
Hibernate: 
    select
        el1_0.execution_log_pk,
        el1_0.completed_at,
        el1_0.context_id,
        el1_0.error_message,
        el1_0.execution_trace_json,
        el1_0.input_context_json,
        el1_0.outcome_bucket_id,
        el1_0.outcome_node_id,
        el1_0.outcome_node_label,
        el1_0.started_at,
        el1_0.status,
        el1_0.total_duration_ms,
        el1_0.version_number,
        el1_0.instance_id,
        el1_0.workflow_key,
        el1_0.version_id 
    from
        execution_logs el1_0 
    where
        el1_0.instance_id=? 
        and el1_0.status=?
Hibernate: 
    select
        wd1_0.workflow_definition_pk 
    from
        workflow_definitions wd1_0 
    where
        wd1_0.wf_key=? 
    fetch
        first ? rows only
Hibernate: 
    select
        wd1_0.workflow_definition_pk,
        wd1_0.active_version,
        wd1_0.created_at,
        wd1_0.description,
        wd1_0.wf_key,
        wd1_0.name,
        wd1_0.updated_at,
        v1_0.workflow_definition_id,
        v1_0.workflow_version_pk,
        v1_0.created_at,
        v1_0.created_by,
        v1_0.definition_json,
        v1_0.status,
        v1_0.updated_at,
        v1_0.updated_by,
        v1_0.version 
    from
        workflow_definitions wd1_0 
    left join
        workflow_versions v1_0 
            on wd1_0.workflow_definition_pk=v1_0.workflow_definition_id 
    where
        wd1_0.workflow_definition_pk=? 
    order by
        v1_0.version
Hibernate: 
    select
        rs1_0.revert_status_pk,
        rs1_0.bucket_id,
        rs1_0.bucket_name,
        rs1_0.completed_at,
        rs1_0.created_at,
        rs1_0.form_id,
        rs1_0.dependency_bucket_ids,
        rs1_0.previous_step_id,
        rs1_0.resolution_notes,
        rs1_0.resolved_by,
        rs1_0.status,
        rs1_0.workflow_instance_id 
    from
        revert_status rs1_0 
    where
        rs1_0.workflow_instance_id=? 
    order by
        rs1_0.created_at desc
Hibernate: 
    insert 
    into
        workflow_definitions
        (active_version, created_at, description, wf_key, name, updated_at, workflow_definition_pk) 
    values
        (?, ?, ?, ?, ?, ?, ?)
Hibernate: 
    select
        cf1_0.customer_form_pk,
        cf1_0.customer_name,
        cf1_0.form_status,
        cf1_0.updated_at 
    from
        customer_forms cf1_0 
    where
        cf1_0.customer_form_pk=?
Hibernate: 
    select
        coalesce(max(wv1_0.version), 0) 
    from
        workflow_versions wv1_0 
    where
        wv1_0.workflow_definition_id=?
Hibernate: 
    select
        wv1_0.workflow_version_pk,
        wv1_0.created_at,
        wv1_0.created_by,
        wv1_0.definition_json,
        wv1_0.status,
        wv1_0.updated_at,
        wv1_0.updated_by,
        wv1_0.version,
        wv1_0.workflow_definition_id 
    from
        workflow_versions wv1_0 
    where
        wv1_0.workflow_version_pk=?
Hibernate: 
    insert 
    into
        workflow_versions
        (created_at, created_by, definition_json, status, updated_at, updated_by, version, workflow_definition_id, workflow_version_pk) 
    values
        (?, ?, ?, ?, ?, ?, ?, ?, ?)
Hibernate: 
    update
        workflow_versions 
    set
        created_by=?,
        definition_json=?,
        status=?,
        updated_at=?,
        updated_by=?,
        version=?,
        workflow_definition_id=? 
    where
        workflow_version_pk=?
Hibernate: 
    select
        wv1_0.workflow_version_pk,
        wv1_0.created_at,
        wv1_0.created_by,
        wv1_0.definition_json,
        wv1_0.status,
        wv1_0.updated_at,
        wv1_0.updated_by,
        wv1_0.version,
        wv1_0.workflow_definition_id 
    from
        workflow_versions wv1_0 
    where
        wv1_0.workflow_version_pk=?
Hibernate: 
    update
        workflow_versions 
    set
        created_by=?,
        definition_json=?,
        status=?,
        updated_at=?,
        updated_by=?,
        version=?,
        workflow_definition_id=? 
    where
        workflow_version_pk=?
Hibernate: 
    select
        wv1_0.workflow_version_pk,
        wv1_0.created_at,
        wv1_0.created_by,
        wv1_0.definition_json,
        wv1_0.status,
        wv1_0.updated_at,
        wv1_0.updated_by,
        wv1_0.version,
        wv1_0.workflow_definition_id 
    from
        workflow_versions wv1_0 
    where
        wv1_0.workflow_version_pk=?
Hibernate: 
    update
        workflow_versions 
    set
        created_by=?,
        definition_json=?,
        status=?,
        updated_at=?,
        updated_by=?,
        version=?,
        workflow_definition_id=? 
    where
        workflow_version_pk=?
Hibernate: 
    select
        wv1_0.workflow_version_pk,
        wv1_0.created_at,
        wv1_0.created_by,
        wv1_0.definition_json,
        wv1_0.status,
        wv1_0.updated_at,
        wv1_0.updated_by,
        wv1_0.version,
        wv1_0.workflow_definition_id 
    from
        workflow_versions wv1_0 
    where
        wv1_0.workflow_version_pk=?
Hibernate: 
    update
        workflow_versions 
    set
        created_by=?,
        definition_json=?,
        status=?,
        updated_at=?,
        updated_by=?,
        version=?,
        workflow_definition_id=? 
    where
        workflow_version_pk=?
Hibernate: 
    select
        wv1_0.workflow_version_pk,
        wv1_0.created_at,
        wv1_0.created_by,
        wv1_0.definition_json,
        wv1_0.status,
        wv1_0.updated_at,
        wv1_0.updated_by,
        wv1_0.version,
        wv1_0.workflow_definition_id 
    from
        workflow_versions wv1_0 
    where
        wv1_0.workflow_version_pk=?
Hibernate: 
    select
        wd1_0.workflow_definition_pk,
        wd1_0.active_version,
        wd1_0.created_at,
        wd1_0.description,
        wd1_0.wf_key,
        wd1_0.name,
        wd1_0.updated_at 
    from
        workflow_definitions wd1_0 
    where
        wd1_0.workflow_definition_pk=?
Hibernate: 
    update
        workflow_versions 
    set
        created_by=?,
        definition_json=?,
        status=?,
        updated_at=?,
        updated_by=?,
        version=?,
        workflow_definition_id=? 
    where
        workflow_version_pk=?
Hibernate: 
    update
        workflow_definitions 
    set
        active_version=?,
        description=?,
        wf_key=?,
        name=?,
        updated_at=? 
    where
        workflow_definition_pk=?
Hibernate: 
    select
        wd1_0.workflow_definition_pk,
        wd1_0.active_version,
        wd1_0.created_at,
        wd1_0.description,
        wd1_0.wf_key,
        wd1_0.name,
        wd1_0.updated_at 
    from
        workflow_definitions wd1_0 
    where
        wd1_0.wf_key=?
Hibernate: 
    select
        wv1_0.workflow_version_pk,
        wv1_0.created_at,
        wv1_0.created_by,
        wv1_0.definition_json,
        wv1_0.status,
        wv1_0.updated_at,
        wv1_0.updated_by,
        wv1_0.version,
        wv1_0.workflow_definition_id 
    from
        workflow_versions wv1_0 
    where
        wv1_0.workflow_definition_id=? 
        and wv1_0.version=?
2026-06-16 15:20:54.900 [main] INFO  com.enterprise.atlas.workflow.service.ExecutionService.execute [ExecutionService.java:169] - Starting workflow execution. workflowKey=REST_MAPPING_WF_27c42aaf, version=1, contextId=C1, businessKey=BK-f3563ea9, context={val=5000, category=HIGH}
Hibernate: 
    select
        wi1_0.workflow_instance_pk,
        wi1_0.business_key,
        wi1_0.created_at,
        wi1_0.current_node_id,
        wi1_0.runtime_graph,
        wi1_0.serialized_context,
        wi1_0.status,
        wi1_0.updated_at,
        wi1_0.version_number,
        wi1_0.workflow_key,
        wi1_0.version_id 
    from
        workflow_instances wi1_0 
    where
        wi1_0.workflow_instance_pk=?
Hibernate: 
    insert 
    into
        workflow_instances
        (business_key, created_at, current_node_id, runtime_graph, serialized_context, status, updated_at, version_number, workflow_key, version_id, workflow_instance_pk) 
    values
        (?, ?, ?, ?, ?, ?, ?, ?, ?, ?, ?)
Hibernate: 
    select
        cs1_0.context_schema_pk,
        cs1_0.created_at,
        cs1_0.description,
        cs1_0.name,
        cs1_0.updated_at,
        cs1_0.workflow_key 
    from
        context_schemas cs1_0 
    where
        cs1_0.workflow_key=?
2026-06-16 15:20:54.911 [main] WARN  com.enterprise.atlas.workflow.service.ExecutionService.execute [ExecutionService.java:189] - Workflow pre-flight schema validation warnings/failures for workflowKey=REST_MAPPING_WF_27c42aaf: com.enterprise.atlas.common.dto.ValidationResultDto@482d1bb9
2026-06-16 15:20:54.911 [main] INFO  com.enterprise.atlas.workflow.service.GraphTraversalEngine.traverse [GraphTraversalEngine.java:186] - Engine starting/resuming traversal for workflowKey=REST_MAPPING_WF_27c42aaf, versionNumber=1, instanceId=f3563ea9-186c-4d3c-9416-4f3859998aae, startNodeId=null, contextId=C1
2026-06-16 15:20:54.912 [main] INFO  com.enterprise.atlas.workflow.service.GraphTraversalEngine.traverse [GraphTraversalEngine.java:884] - Engine traversing node ID: start, Label: Start, Type: START
Hibernate: 
    select
        ti1_0.task_instance_pk,
        ti1_0.completed_at,
        ti1_0.input_data,
        ti1_0.label,
        ti1_0.output_data,
        ti1_0.started_at,
        ti1_0.status,
        ti1_0.task_type,
        ti1_0.instance_id 
    from
        task_instances ti1_0 
    where
        ti1_0.task_instance_pk=?
2026-06-16 15:20:54.916 [main] INFO  com.enterprise.atlas.workflow.service.GraphTraversalEngine.traverse [GraphTraversalEngine.java:1244] - NodeID: start matched next Node ID: rest-command via edge ID: e1
2026-06-16 15:20:54.917 [main] INFO  com.enterprise.atlas.workflow.service.GraphTraversalEngine.traverse [GraphTraversalEngine.java:884] - Engine traversing node ID: rest-command, Label: Call Mock Risk API, Type: COMMAND
Hibernate: 
    select
        ti1_0.task_instance_pk,
        ti1_0.completed_at,
        ti1_0.input_data,
        ti1_0.label,
        ti1_0.output_data,
        ti1_0.started_at,
        ti1_0.status,
        ti1_0.task_type,
        ti1_0.instance_id 
    from
        task_instances ti1_0 
    where
        ti1_0.task_instance_pk=?
2026-06-16 15:20:54.920 [main] INFO  com.enterprise.atlas.workflow.service.HttpRestCommand.execute [HttpRestCommand.java:39] - Executing HttpRestCommand: method=POST, url=http://localhost:55201/test-mock/check-risk, input={commandType=REST, amount=5000, _nodeLabel=Call Mock Risk API, method=POST, _workflowKey=REST_MAPPING_WF_27c42aaf, _contextId=C1, context.category=HIGH, _nodeId=rest-command, _instanceId=f3563ea9-186c-4d3c-9416-4f3859998aae, url=http://localhost:55201/test-mock/check-risk, context.val=5000, inputMapping={context.category=riskCategory, context.val=amount}, riskCategory=HIGH, _context={val=5000, category=HIGH, _validation=com.enterprise.atlas.common.dto.ValidationResultDto@482d1bb9}, outputMapping={decision=context.decisionOutcome, riskScore=context.riskScore}}
2026-06-16 15:20:54.927 [main] INFO  com.enterprise.atlas.workflow.service.HttpRestCommand.execute [HttpRestCommand.java:69] - HttpRestCommand full request body payload: {"amount":5000,"_nodeLabel":"Call Mock Risk API","_workflowKey":"REST_MAPPING_WF_27c42aaf","_contextId":"C1","context.category":"HIGH","_nodeId":"rest-command","_instanceId":"f3563ea9-186c-4d3c-9416-4f3859998aae","context.val":5000,"riskCategory":"HIGH","_context":{"val":5000,"category":"HIGH","_validation":{"valid":true,"errors":[],"warnings":["No context schema defined for workflow key: REST_MAPPING_WF_27c42aaf"]}}}
2026-06-16 15:20:55.098 [http-nio-auto-1-exec-1] INFO  org.apache.catalina.core.ContainerBase.[Tomcat].[localhost].[/].log [DirectJDKLog.java:173] - Initializing Spring DispatcherServlet 'dispatcherServlet'
2026-06-16 15:20:55.098 [http-nio-auto-1-exec-1] INFO  org.springframework.web.servlet.DispatcherServlet.initServletBean [FrameworkServlet.java:532] - Initializing Servlet 'dispatcherServlet'
2026-06-16 15:20:55.102 [http-nio-auto-1-exec-1] INFO  org.springframework.web.servlet.DispatcherServlet.initServletBean [FrameworkServlet.java:554] - Completed initialization in 3 ms
2026-06-16 15:20:55.207 [http-nio-auto-1-exec-1] INFO  com.enterprise.atlas.workflow.logging.RequestResponseLoggingFilter.logRequest [RequestResponseLoggingFilter.java:59] - Incoming Request: POST /test-mock/check-risk | Payload: {"amount":5000,"_nodeLabel":"Call Mock Risk API","_workflowKey":"REST_MAPPING_WF_27c42aaf","_contextId":"C1","context.category":"HIGH","_nodeId":"rest-command","_instanceId":"f3563ea9-186c-4d3c-9416-4f3859998aae","context.val":5000,"riskCategory":"HIGH","_context":{"val":5000,"category":"HIGH","_validation":{"valid":true,"errors":[],"warnings":["No context schema defined for workflow key: REST_MAPPING_WF_27c42aaf"]}}}
2026-06-16 15:20:55.208 [http-nio-auto-1-exec-1] INFO  com.enterprise.atlas.workflow.logging.RequestResponseLoggingFilter.logResponse [RequestResponseLoggingFilter.java:64] - Outgoing Response Status: 200 | Duration: 94ms
2026-06-16 15:20:55.250 [main] INFO  com.enterprise.atlas.workflow.service.HttpRestCommand.execute [HttpRestCommand.java:75] - HttpRestCommand response status: 200
2026-06-16 15:20:55.250 [main] INFO  com.enterprise.atlas.workflow.service.HttpRestCommand.execute [HttpRestCommand.java:76] - HttpRestCommand full response body payload: {"decision":"REJECTED","riskScore":95}
2026-06-16 15:20:55.252 [main] INFO  com.enterprise.atlas.workflow.service.GraphTraversalEngine.traverse [GraphTraversalEngine.java:1244] - NodeID: rest-command matched next Node ID: decision via edge ID: e2
2026-06-16 15:20:55.252 [main] INFO  com.enterprise.atlas.workflow.service.GraphTraversalEngine.traverse [GraphTraversalEngine.java:884] - Engine traversing node ID: decision, Label: Decide Risk, Type: DECISION
Hibernate: 
    select
        ti1_0.task_instance_pk,
        ti1_0.completed_at,
        ti1_0.input_data,
        ti1_0.label,
        ti1_0.output_data,
        ti1_0.started_at,
        ti1_0.status,
        ti1_0.task_type,
        ti1_0.instance_id 
    from
        task_instances ti1_0 
    where
        ti1_0.task_instance_pk=?
2026-06-16 15:20:55.254 [main] INFO  com.enterprise.atlas.workflow.service.GraphTraversalEngine.traverse [GraphTraversalEngine.java:1040] - DECISION Node Evaluation - NodeID: decision, Label: Decide Risk, Field/Expr: context['decisionOutcome'], Resolved Value: REJECTED
2026-06-16 15:20:55.255 [main] INFO  com.enterprise.atlas.workflow.service.GraphTraversalEngine.traverse [GraphTraversalEngine.java:1244] - NodeID: decision matched next Node ID: end-rejected via edge ID: e-rejected
2026-06-16 15:20:55.256 [main] INFO  com.enterprise.atlas.workflow.service.GraphTraversalEngine.traverse [GraphTraversalEngine.java:884] - Engine traversing node ID: end-rejected, Label: Rejected Out, Type: END
Hibernate: 
    select
        ti1_0.task_instance_pk,
        ti1_0.completed_at,
        ti1_0.input_data,
        ti1_0.label,
        ti1_0.output_data,
        ti1_0.started_at,
        ti1_0.status,
        ti1_0.task_type,
        ti1_0.instance_id 
    from
        task_instances ti1_0 
    where
        ti1_0.task_instance_pk=?
2026-06-16 15:20:55.259 [main] INFO  com.enterprise.atlas.workflow.service.GraphTraversalEngine.traverse [GraphTraversalEngine.java:1226] - Reached END terminal node ID: end-rejected, Label: Rejected Out
Hibernate: 
    select
        el1_0.execution_log_pk,
        el1_0.completed_at,
        el1_0.context_id,
        el1_0.error_message,
        el1_0.execution_trace_json,
        el1_0.input_context_json,
        el1_0.outcome_bucket_id,
        el1_0.outcome_node_id,
        el1_0.outcome_node_label,
        el1_0.started_at,
        el1_0.status,
        el1_0.total_duration_ms,
        el1_0.version_number,
        el1_0.instance_id,
        el1_0.workflow_key,
        el1_0.version_id 
    from
        execution_logs el1_0 
    where
        el1_0.execution_log_pk=?
Hibernate: 
    select
        es1_0.event_subscription_pk,
        es1_0.business_key,
        es1_0.created_at,
        es1_0.event_type,
        es1_0.filter_attributes,
        es1_0.status,
        es1_0.target_node_id,
        es1_0.instance_id 
    from
        event_subscriptions es1_0 
    where
        es1_0.event_type=? 
        and es1_0.status=?
Hibernate: 
    select
        es1_0.event_subscription_pk,
        es1_0.business_key,
        es1_0.created_at,
        es1_0.event_type,
        es1_0.filter_attributes,
        es1_0.status,
        es1_0.target_node_id,
        es1_0.instance_id 
    from
        event_subscriptions es1_0 
    where
        es1_0.event_type=? 
        and es1_0.status=?
Hibernate: 
    insert 
    into
        task_instances
        (completed_at, input_data, label, output_data, started_at, status, task_type, instance_id, task_instance_pk) 
    values
        (?, ?, ?, ?, ?, ?, ?, ?, ?)
Hibernate: 
    insert 
    into
        task_instances
        (completed_at, input_data, label, output_data, started_at, status, task_type, instance_id, task_instance_pk) 
    values
        (?, ?, ?, ?, ?, ?, ?, ?, ?)
Hibernate: 
    insert 
    into
        task_instances
        (completed_at, input_data, label, output_data, started_at, status, task_type, instance_id, task_instance_pk) 
    values
        (?, ?, ?, ?, ?, ?, ?, ?, ?)
Hibernate: 
    insert 
    into
        task_instances
        (completed_at, input_data, label, output_data, started_at, status, task_type, instance_id, task_instance_pk) 
    values
        (?, ?, ?, ?, ?, ?, ?, ?, ?)
Hibernate: 
    insert 
    into
        execution_logs
        (completed_at, context_id, error_message, execution_trace_json, input_context_json, outcome_bucket_id, outcome_node_id, outcome_node_label, started_at, status, total_duration_ms, version_number, instance_id, workflow_key, version_id, execution_log_pk) 
    values
        (?, ?, ?, ?, ?, ?, ?, ?, ?, ?, ?, ?, ?, ?, ?, ?)
Hibernate: 
    update
        workflow_instances 
    set
        business_key=?,
        created_at=?,
        current_node_id=?,
        runtime_graph=?,
        serialized_context=?,
        status=?,
        updated_at=?,
        version_number=?,
        workflow_key=?,
        version_id=? 
    where
        workflow_instance_pk=?
Hibernate: 
    update
        task_instances 
    set
        completed_at=?,
        input_data=?,
        label=?,
        output_data=?,
        started_at=?,
        status=?,
        task_type=?,
        instance_id=? 
    where
        task_instance_pk=?
Hibernate: 
    update
        task_instances 
    set
        completed_at=?,
        input_data=?,
        label=?,
        output_data=?,
        started_at=?,
        status=?,
        task_type=?,
        instance_id=? 
    where
        task_instance_pk=?
Hibernate: 
    update
        task_instances 
    set
        completed_at=?,
        input_data=?,
        label=?,
        output_data=?,
        started_at=?,
        status=?,
        task_type=?,
        instance_id=? 
    where
        task_instance_pk=?
Hibernate: 
    update
        task_instances 
    set
        completed_at=?,
        input_data=?,
        label=?,
        output_data=?,
        started_at=?,
        status=?,
        task_type=?,
        instance_id=? 
    where
        task_instance_pk=?
Hibernate: 
    update
        execution_logs 
    set
        completed_at=?,
        context_id=?,
        error_message=?,
        execution_trace_json=?,
        input_context_json=?,
        outcome_bucket_id=?,
        outcome_node_id=?,
        outcome_node_label=?,
        started_at=?,
        status=?,
        total_duration_ms=?,
        version_number=?,
        instance_id=?,
        workflow_key=?,
        version_id=? 
    where
        execution_log_pk=?
Hibernate: 
    select
        wi1_0.workflow_instance_pk,
        wi1_0.business_key,
        wi1_0.created_at,
        wi1_0.current_node_id,
        wi1_0.runtime_graph,
        wi1_0.serialized_context,
        wi1_0.status,
        wi1_0.updated_at,
        wi1_0.version_number,
        wi1_0.workflow_key,
        wi1_0.version_id 
    from
        workflow_instances wi1_0 
    where
        wi1_0.workflow_instance_pk=?
Hibernate: 
    select
        wd1_0.workflow_definition_pk,
        wd1_0.active_version,
        wd1_0.created_at,
        wd1_0.description,
        wd1_0.wf_key,
        wd1_0.name,
        wd1_0.updated_at 
    from
        workflow_definitions wd1_0 
    where
        wd1_0.wf_key=?
Hibernate: 
    select
        wv1_0.workflow_version_pk,
        wv1_0.created_at,
        wv1_0.created_by,
        wv1_0.definition_json,
        wv1_0.status,
        wv1_0.updated_at,
        wv1_0.updated_by,
        wv1_0.version,
        wv1_0.workflow_definition_id 
    from
        workflow_versions wv1_0 
    where
        wv1_0.workflow_definition_id=? 
        and wv1_0.version=?
2026-06-16 15:20:55.318 [main] INFO  com.enterprise.atlas.workflow.service.ExecutionService.execute [ExecutionService.java:169] - Starting workflow execution. workflowKey=REST_MAPPING_WF_27c42aaf, version=1, contextId=C2, businessKey=BK-fc669768, context={val=500, category=HIGH}
Hibernate: 
    select
        wi1_0.workflow_instance_pk,
        wi1_0.business_key,
        wi1_0.created_at,
        wi1_0.current_node_id,
        wi1_0.runtime_graph,
        wi1_0.serialized_context,
        wi1_0.status,
        wi1_0.updated_at,
        wi1_0.version_number,
        wi1_0.workflow_key,
        wi1_0.version_id 
    from
        workflow_instances wi1_0 
    where
        wi1_0.workflow_instance_pk=?
Hibernate: 
    insert 
    into
        workflow_instances
        (business_key, created_at, current_node_id, runtime_graph, serialized_context, status, updated_at, version_number, workflow_key, version_id, workflow_instance_pk) 
    values
        (?, ?, ?, ?, ?, ?, ?, ?, ?, ?, ?)
Hibernate: 
    select
        cs1_0.context_schema_pk,
        cs1_0.created_at,
        cs1_0.description,
        cs1_0.name,
        cs1_0.updated_at,
        cs1_0.workflow_key 
    from
        context_schemas cs1_0 
    where
        cs1_0.workflow_key=?
2026-06-16 15:20:55.326 [main] WARN  com.enterprise.atlas.workflow.service.ExecutionService.execute [ExecutionService.java:189] - Workflow pre-flight schema validation warnings/failures for workflowKey=REST_MAPPING_WF_27c42aaf: com.enterprise.atlas.common.dto.ValidationResultDto@243c1d97
2026-06-16 15:20:55.327 [main] INFO  com.enterprise.atlas.workflow.service.GraphTraversalEngine.traverse [GraphTraversalEngine.java:186] - Engine starting/resuming traversal for workflowKey=REST_MAPPING_WF_27c42aaf, versionNumber=1, instanceId=fc669768-5068-48ad-9dc9-fb22f68641f0, startNodeId=null, contextId=C2
2026-06-16 15:20:55.328 [main] INFO  com.enterprise.atlas.workflow.service.GraphTraversalEngine.traverse [GraphTraversalEngine.java:884] - Engine traversing node ID: start, Label: Start, Type: START
Hibernate: 
    select
        ti1_0.task_instance_pk,
        ti1_0.completed_at,
        ti1_0.input_data,
        ti1_0.label,
        ti1_0.output_data,
        ti1_0.started_at,
        ti1_0.status,
        ti1_0.task_type,
        ti1_0.instance_id 
    from
        task_instances ti1_0 
    where
        ti1_0.task_instance_pk=?
2026-06-16 15:20:55.332 [main] INFO  com.enterprise.atlas.workflow.service.GraphTraversalEngine.traverse [GraphTraversalEngine.java:1244] - NodeID: start matched next Node ID: rest-command via edge ID: e1
2026-06-16 15:20:55.332 [main] INFO  com.enterprise.atlas.workflow.service.GraphTraversalEngine.traverse [GraphTraversalEngine.java:884] - Engine traversing node ID: rest-command, Label: Call Mock Risk API, Type: COMMAND
Hibernate: 
    select
        ti1_0.task_instance_pk,
        ti1_0.completed_at,
        ti1_0.input_data,
        ti1_0.label,
        ti1_0.output_data,
        ti1_0.started_at,
        ti1_0.status,
        ti1_0.task_type,
        ti1_0.instance_id 
    from
        task_instances ti1_0 
    where
        ti1_0.task_instance_pk=?
2026-06-16 15:20:55.337 [main] INFO  com.enterprise.atlas.workflow.service.HttpRestCommand.execute [HttpRestCommand.java:39] - Executing HttpRestCommand: method=POST, url=http://localhost:55201/test-mock/check-risk, input={commandType=REST, amount=500, _nodeLabel=Call Mock Risk API, method=POST, _workflowKey=REST_MAPPING_WF_27c42aaf, _contextId=C2, context.category=HIGH, _nodeId=rest-command, _instanceId=fc669768-5068-48ad-9dc9-fb22f68641f0, url=http://localhost:55201/test-mock/check-risk, context.val=500, inputMapping={context.category=riskCategory, context.val=amount}, riskCategory=HIGH, _context={val=500, category=HIGH, _validation=com.enterprise.atlas.common.dto.ValidationResultDto@243c1d97}, outputMapping={decision=context.decisionOutcome, riskScore=context.riskScore}}
2026-06-16 15:20:55.338 [main] INFO  com.enterprise.atlas.workflow.service.HttpRestCommand.execute [HttpRestCommand.java:69] - HttpRestCommand full request body payload: {"amount":500,"_nodeLabel":"Call Mock Risk API","_workflowKey":"REST_MAPPING_WF_27c42aaf","_contextId":"C2","context.category":"HIGH","_nodeId":"rest-command","_instanceId":"fc669768-5068-48ad-9dc9-fb22f68641f0","context.val":500,"riskCategory":"HIGH","_context":{"val":500,"category":"HIGH","_validation":{"valid":true,"errors":[],"warnings":["No context schema defined for workflow key: REST_MAPPING_WF_27c42aaf"]}}}
2026-06-16 15:20:55.345 [http-nio-auto-1-exec-2] INFO  com.enterprise.atlas.workflow.logging.RequestResponseLoggingFilter.logRequest [RequestResponseLoggingFilter.java:59] - Incoming Request: POST /test-mock/check-risk | Payload: {"amount":500,"_nodeLabel":"Call Mock Risk API","_workflowKey":"REST_MAPPING_WF_27c42aaf","_contextId":"C2","context.category":"HIGH","_nodeId":"rest-command","_instanceId":"fc669768-5068-48ad-9dc9-fb22f68641f0","context.val":500,"riskCategory":"HIGH","_context":{"val":500,"category":"HIGH","_validation":{"valid":true,"errors":[],"warnings":["No context schema defined for workflow key: REST_MAPPING_WF_27c42aaf"]}}}
2026-06-16 15:20:55.346 [http-nio-auto-1-exec-2] INFO  com.enterprise.atlas.workflow.logging.RequestResponseLoggingFilter.logResponse [RequestResponseLoggingFilter.java:64] - Outgoing Response Status: 200 | Duration: 3ms
2026-06-16 15:20:55.347 [main] INFO  com.enterprise.atlas.workflow.service.HttpRestCommand.execute [HttpRestCommand.java:75] - HttpRestCommand response status: 200
2026-06-16 15:20:55.347 [main] INFO  com.enterprise.atlas.workflow.service.HttpRestCommand.execute [HttpRestCommand.java:76] - HttpRestCommand full response body payload: {"decision":"APPROVED","riskScore":40}
2026-06-16 15:20:55.349 [main] INFO  com.enterprise.atlas.workflow.service.GraphTraversalEngine.traverse [GraphTraversalEngine.java:1244] - NodeID: rest-command matched next Node ID: decision via edge ID: e2
2026-06-16 15:20:55.349 [main] INFO  com.enterprise.atlas.workflow.service.GraphTraversalEngine.traverse [GraphTraversalEngine.java:884] - Engine traversing node ID: decision, Label: Decide Risk, Type: DECISION
Hibernate: 
    select
        ti1_0.task_instance_pk,
        ti1_0.completed_at,
        ti1_0.input_data,
        ti1_0.label,
        ti1_0.output_data,
        ti1_0.started_at,
        ti1_0.status,
        ti1_0.task_type,
        ti1_0.instance_id 
    from
        task_instances ti1_0 
    where
        ti1_0.task_instance_pk=?
2026-06-16 15:20:55.351 [main] INFO  com.enterprise.atlas.workflow.service.GraphTraversalEngine.traverse [GraphTraversalEngine.java:1040] - DECISION Node Evaluation - NodeID: decision, Label: Decide Risk, Field/Expr: context['decisionOutcome'], Resolved Value: APPROVED
2026-06-16 15:20:55.351 [main] INFO  com.enterprise.atlas.workflow.service.GraphTraversalEngine.traverse [GraphTraversalEngine.java:1244] - NodeID: decision matched next Node ID: end-approved via edge ID: e-approved
2026-06-16 15:20:55.351 [main] INFO  com.enterprise.atlas.workflow.service.GraphTraversalEngine.traverse [GraphTraversalEngine.java:884] - Engine traversing node ID: end-approved, Label: Approved Out, Type: END
Hibernate: 
    select
        ti1_0.task_instance_pk,
        ti1_0.completed_at,
        ti1_0.input_data,
        ti1_0.label,
        ti1_0.output_data,
        ti1_0.started_at,
        ti1_0.status,
        ti1_0.task_type,
        ti1_0.instance_id 
    from
        task_instances ti1_0 
    where
        ti1_0.task_instance_pk=?
2026-06-16 15:20:55.354 [main] INFO  com.enterprise.atlas.workflow.service.GraphTraversalEngine.traverse [GraphTraversalEngine.java:1226] - Reached END terminal node ID: end-approved, Label: Approved Out
Hibernate: 
    select
        el1_0.execution_log_pk,
        el1_0.completed_at,
        el1_0.context_id,
        el1_0.error_message,
        el1_0.execution_trace_json,
        el1_0.input_context_json,
        el1_0.outcome_bucket_id,
        el1_0.outcome_node_id,
        el1_0.outcome_node_label,
        el1_0.started_at,
        el1_0.status,
        el1_0.total_duration_ms,
        el1_0.version_number,
        el1_0.instance_id,
        el1_0.workflow_key,
        el1_0.version_id 
    from
        execution_logs el1_0 
    where
        el1_0.execution_log_pk=?
Hibernate: 
    select
        es1_0.event_subscription_pk,
        es1_0.business_key,
        es1_0.created_at,
        es1_0.event_type,
        es1_0.filter_attributes,
        es1_0.status,
        es1_0.target_node_id,
        es1_0.instance_id 
    from
        event_subscriptions es1_0 
    where
        es1_0.event_type=? 
        and es1_0.status=?
Hibernate: 
    select
        es1_0.event_subscription_pk,
        es1_0.business_key,
        es1_0.created_at,
        es1_0.event_type,
        es1_0.filter_attributes,
        es1_0.status,
        es1_0.target_node_id,
        es1_0.instance_id 
    from
        event_subscriptions es1_0 
    where
        es1_0.event_type=? 
        and es1_0.status=?
Hibernate: 
    insert 
    into
        task_instances
        (completed_at, input_data, label, output_data, started_at, status, task_type, instance_id, task_instance_pk) 
    values
        (?, ?, ?, ?, ?, ?, ?, ?, ?)
Hibernate: 
    insert 
    into
        task_instances
        (completed_at, input_data, label, output_data, started_at, status, task_type, instance_id, task_instance_pk) 
    values
        (?, ?, ?, ?, ?, ?, ?, ?, ?)
Hibernate: 
    insert 
    into
        task_instances
        (completed_at, input_data, label, output_data, started_at, status, task_type, instance_id, task_instance_pk) 
    values
        (?, ?, ?, ?, ?, ?, ?, ?, ?)
Hibernate: 
    insert 
    into
        task_instances
        (completed_at, input_data, label, output_data, started_at, status, task_type, instance_id, task_instance_pk) 
    values
        (?, ?, ?, ?, ?, ?, ?, ?, ?)
Hibernate: 
    insert 
    into
        execution_logs
        (completed_at, context_id, error_message, execution_trace_json, input_context_json, outcome_bucket_id, outcome_node_id, outcome_node_label, started_at, status, total_duration_ms, version_number, instance_id, workflow_key, version_id, execution_log_pk) 
    values
        (?, ?, ?, ?, ?, ?, ?, ?, ?, ?, ?, ?, ?, ?, ?, ?)
Hibernate: 
    update
        workflow_instances 
    set
        business_key=?,
        created_at=?,
        current_node_id=?,
        runtime_graph=?,
        serialized_context=?,
        status=?,
        updated_at=?,
        version_number=?,
        workflow_key=?,
        version_id=? 
    where
        workflow_instance_pk=?
Hibernate: 
    update
        task_instances 
    set
        completed_at=?,
        input_data=?,
        label=?,
        output_data=?,
        started_at=?,
        status=?,
        task_type=?,
        instance_id=? 
    where
        task_instance_pk=?
Hibernate: 
    update
        task_instances 
    set
        completed_at=?,
        input_data=?,
        label=?,
        output_data=?,
        started_at=?,
        status=?,
        task_type=?,
        instance_id=? 
    where
        task_instance_pk=?
Hibernate: 
    update
        task_instances 
    set
        completed_at=?,
        input_data=?,
        label=?,
        output_data=?,
        started_at=?,
        status=?,
        task_type=?,
        instance_id=? 
    where
        task_instance_pk=?
Hibernate: 
    update
        task_instances 
    set
        completed_at=?,
        input_data=?,
        label=?,
        output_data=?,
        started_at=?,
        status=?,
        task_type=?,
        instance_id=? 
    where
        task_instance_pk=?
Hibernate: 
    update
        execution_logs 
    set
        completed_at=?,
        context_id=?,
        error_message=?,
        execution_trace_json=?,
        input_context_json=?,
        outcome_bucket_id=?,
        outcome_node_id=?,
        outcome_node_label=?,
        started_at=?,
        status=?,
        total_duration_ms=?,
        version_number=?,
        instance_id=?,
        workflow_key=?,
        version_id=? 
    where
        execution_log_pk=?
Hibernate: 
    select
        wi1_0.workflow_instance_pk,
        wi1_0.business_key,
        wi1_0.created_at,
        wi1_0.current_node_id,
        wi1_0.runtime_graph,
        wi1_0.serialized_context,
        wi1_0.status,
        wi1_0.updated_at,
        wi1_0.version_number,
        wi1_0.workflow_key,
        wi1_0.version_id 
    from
        workflow_instances wi1_0 
    where
        wi1_0.workflow_instance_pk=?
]]></system-out>
  </testcase>
</testsuite>