<?xml version="1.0" encoding="UTF-8"?>
<testsuite xmlns:xsi="http://www.w3.org/2001/XMLSchema-instance" xsi:noNamespaceSchemaLocation="https://maven.apache.org/surefire/maven-surefire-plugin/xsd/surefire-test-report-3.0.xsd" version="3.0" name="com.enterprise.atlas.workflow.service.WorkflowValidationIntegrationTest" time="0.065" tests="2" errors="0" skipped="0" failures="0">
  <properties>
[...]
</properties>
  <testcase name="testEmitEventCommandValidationDraftToReview" classname="com.enterprise.atlas.workflow.service.WorkflowValidationIntegrationTest" time="0.026">
    <system-out><![CDATA[2026-06-16 15:21:08.923 [main] INFO  org.springframework.test.context.support.AnnotationConfigContextLoaderUtils.detectDefaultConfigurationClasses [AnnotationConfigContextLoaderUtils.java:83] - Could not detect default configuration classes for test class [com.enterprise.atlas.workflow.service.WorkflowValidationIntegrationTest]: WorkflowValidationIntegrationTest does not declare any static, non-private, non-final, nested classes annotated with @Configuration.
2026-06-16 15:21:08.925 [main] INFO  org.springframework.boot.test.context.SpringBootTestContextBootstrapper.getOrFindConfigurationClasses [SpringBootTestContextBootstrapper.java:234] - Found @SpringBootConfiguration com.enterprise.atlas.workflow.WorkflowServiceApplication for test class com.enterprise.atlas.workflow.service.WorkflowValidationIntegrationTest
Hibernate: 
    select
        ed1_0.event_definition_pk,
        ed1_0.active,
        ed1_0.correlation_key_path,
        ed1_0.created_at,
        ed1_0.description,
        ed1_0.event_key,
        ed1_0.kafka_topic,
        ed1_0.name,
        ed1_0.payload_schema,
        ed1_0.updated_at 
    from
        event_definitions ed1_0
Hibernate: 
    delete 
    from
        event_definitions 
    where
        event_definition_pk=?
Hibernate: 
    delete 
    from
        event_definitions 
    where
        event_definition_pk=?
Hibernate: 
    select
        wd1_0.workflow_definition_pk 
    from
        workflow_definitions wd1_0 
    where
        wd1_0.wf_key=? 
    fetch
        first ? rows only
Hibernate: 
    select
        wd1_0.workflow_definition_pk,
        wd1_0.active_version,
        wd1_0.created_at,
        wd1_0.description,
        wd1_0.wf_key,
        wd1_0.name,
        wd1_0.updated_at,
        v1_0.workflow_definition_id,
        v1_0.workflow_version_pk,
        v1_0.created_at,
        v1_0.created_by,
        v1_0.definition_json,
        v1_0.status,
        v1_0.updated_at,
        v1_0.updated_by,
        v1_0.version 
    from
        workflow_definitions wd1_0 
    left join
        workflow_versions v1_0 
            on wd1_0.workflow_definition_pk=v1_0.workflow_definition_id 
    where
        wd1_0.workflow_definition_pk=? 
    order by
        v1_0.version
Hibernate: 
    insert 
    into
        workflow_definitions
        (active_version, created_at, description, wf_key, name, updated_at, workflow_definition_pk) 
    values
        (?, ?, ?, ?, ?, ?, ?)
Hibernate: 
    select
        coalesce(max(wv1_0.version), 0) 
    from
        workflow_versions wv1_0 
    where
        wv1_0.workflow_definition_id=?
Hibernate: 
    select
        wv1_0.workflow_version_pk,
        wv1_0.created_at,
        wv1_0.created_by,
        wv1_0.definition_json,
        wv1_0.status,
        wv1_0.updated_at,
        wv1_0.updated_by,
        wv1_0.version,
        wv1_0.workflow_definition_id 
    from
        workflow_versions wv1_0 
    where
        wv1_0.workflow_version_pk=?
Hibernate: 
    select
        ed1_0.event_definition_pk,
        ed1_0.active,
        ed1_0.correlation_key_path,
        ed1_0.created_at,
        ed1_0.description,
        ed1_0.event_key,
        ed1_0.kafka_topic,
        ed1_0.name,
        ed1_0.payload_schema,
        ed1_0.updated_at 
    from
        event_definitions ed1_0 
    where
        ed1_0.event_key=?
Hibernate: 
    select
        ed1_0.event_definition_pk,
        ed1_0.active,
        ed1_0.correlation_key_path,
        ed1_0.created_at,
        ed1_0.description,
        ed1_0.event_key,
        ed1_0.kafka_topic,
        ed1_0.name,
        ed1_0.payload_schema,
        ed1_0.updated_at 
    from
        event_definitions ed1_0 
    where
        ed1_0.event_definition_pk=?
Hibernate: 
    insert 
    into
        workflow_versions
        (created_at, created_by, definition_json, status, updated_at, updated_by, version, workflow_definition_id, workflow_version_pk) 
    values
        (?, ?, ?, ?, ?, ?, ?, ?, ?)
Hibernate: 
    insert 
    into
        event_definitions
        (active, correlation_key_path, created_at, description, event_key, kafka_topic, name, payload_schema, updated_at, event_definition_pk) 
    values
        (?, ?, ?, ?, ?, ?, ?, ?, ?, ?)
Hibernate: 
    update
        workflow_versions 
    set
        created_by=?,
        definition_json=?,
        status=?,
        updated_at=?,
        updated_by=?,
        version=?,
        workflow_definition_id=? 
    where
        workflow_version_pk=?
Hibernate: 
    select
        ed1_0.event_definition_pk,
        ed1_0.active,
        ed1_0.correlation_key_path,
        ed1_0.created_at,
        ed1_0.description,
        ed1_0.event_key,
        ed1_0.kafka_topic,
        ed1_0.name,
        ed1_0.payload_schema,
        ed1_0.updated_at 
    from
        event_definitions ed1_0 
    where
        ed1_0.event_key=?
]]></system-out>
  </testcase>
  <testcase name="testWaitEventValidationDraftToReview" classname="com.enterprise.atlas.workflow.service.WorkflowValidationIntegrationTest" time="0.025">
    <system-out><![CDATA[Hibernate: 
    select
        ed1_0.event_definition_pk,
        ed1_0.active,
        ed1_0.correlation_key_path,
        ed1_0.created_at,
        ed1_0.description,
        ed1_0.event_key,
        ed1_0.kafka_topic,
        ed1_0.name,
        ed1_0.payload_schema,
        ed1_0.updated_at 
    from
        event_definitions ed1_0
Hibernate: 
    delete 
    from
        event_definitions 
    where
        event_definition_pk=?
Hibernate: 
    delete 
    from
        event_definitions 
    where
        event_definition_pk=?
Hibernate: 
    select
        ed1_0.event_definition_pk,
        ed1_0.active,
        ed1_0.correlation_key_path,
        ed1_0.created_at,
        ed1_0.description,
        ed1_0.event_key,
        ed1_0.kafka_topic,
        ed1_0.name,
        ed1_0.payload_schema,
        ed1_0.updated_at 
    from
        event_definitions ed1_0 
    where
        ed1_0.event_definition_pk=?
Hibernate: 
    insert 
    into
        event_definitions
        (active, correlation_key_path, created_at, description, event_key, kafka_topic, name, payload_schema, updated_at, event_definition_pk) 
    values
        (?, ?, ?, ?, ?, ?, ?, ?, ?, ?)
Hibernate: 
    select
        wd1_0.workflow_definition_pk 
    from
        workflow_definitions wd1_0 
    where
        wd1_0.wf_key=? 
    fetch
        first ? rows only
Hibernate: 
    select
        wd1_0.workflow_definition_pk,
        wd1_0.active_version,
        wd1_0.created_at,
        wd1_0.description,
        wd1_0.wf_key,
        wd1_0.name,
        wd1_0.updated_at,
        v1_0.workflow_definition_id,
        v1_0.workflow_version_pk,
        v1_0.created_at,
        v1_0.created_by,
        v1_0.definition_json,
        v1_0.status,
        v1_0.updated_at,
        v1_0.updated_by,
        v1_0.version 
    from
        workflow_definitions wd1_0 
    left join
        workflow_versions v1_0 
            on wd1_0.workflow_definition_pk=v1_0.workflow_definition_id 
    where
        wd1_0.workflow_definition_pk=? 
    order by
        v1_0.version
Hibernate: 
    insert 
    into
        workflow_definitions
        (active_version, created_at, description, wf_key, name, updated_at, workflow_definition_pk) 
    values
        (?, ?, ?, ?, ?, ?, ?)
Hibernate: 
    select
        coalesce(max(wv1_0.version), 0) 
    from
        workflow_versions wv1_0 
    where
        wv1_0.workflow_definition_id=?
Hibernate: 
    select
        wv1_0.workflow_version_pk,
        wv1_0.created_at,
        wv1_0.created_by,
        wv1_0.definition_json,
        wv1_0.status,
        wv1_0.updated_at,
        wv1_0.updated_by,
        wv1_0.version,
        wv1_0.workflow_definition_id 
    from
        workflow_versions wv1_0 
    where
        wv1_0.workflow_version_pk=?
Hibernate: 
    select
        ed1_0.event_definition_pk,
        ed1_0.active,
        ed1_0.correlation_key_path,
        ed1_0.created_at,
        ed1_0.description,
        ed1_0.event_key,
        ed1_0.kafka_topic,
        ed1_0.name,
        ed1_0.payload_schema,
        ed1_0.updated_at 
    from
        event_definitions ed1_0 
    where
        ed1_0.event_key=?
Hibernate: 
    select
        ed1_0.event_definition_pk,
        ed1_0.active,
        ed1_0.correlation_key_path,
        ed1_0.created_at,
        ed1_0.description,
        ed1_0.event_key,
        ed1_0.kafka_topic,
        ed1_0.name,
        ed1_0.payload_schema,
        ed1_0.updated_at 
    from
        event_definitions ed1_0 
    where
        ed1_0.event_key=?
Hibernate: 
    select
        ed1_0.event_definition_pk,
        ed1_0.active,
        ed1_0.correlation_key_path,
        ed1_0.created_at,
        ed1_0.description,
        ed1_0.event_key,
        ed1_0.kafka_topic,
        ed1_0.name,
        ed1_0.payload_schema,
        ed1_0.updated_at 
    from
        event_definitions ed1_0 
    where
        ed1_0.event_definition_pk=?
Hibernate: 
    insert 
    into
        workflow_versions
        (created_at, created_by, definition_json, status, updated_at, updated_by, version, workflow_definition_id, workflow_version_pk) 
    values
        (?, ?, ?, ?, ?, ?, ?, ?, ?)
Hibernate: 
    insert 
    into
        event_definitions
        (active, correlation_key_path, created_at, description, event_key, kafka_topic, name, payload_schema, updated_at, event_definition_pk) 
    values
        (?, ?, ?, ?, ?, ?, ?, ?, ?, ?)
Hibernate: 
    update
        workflow_versions 
    set
        created_by=?,
        definition_json=?,
        status=?,
        updated_at=?,
        updated_by=?,
        version=?,
        workflow_definition_id=? 
    where
        workflow_version_pk=?
Hibernate: 
    select
        ed1_0.event_definition_pk,
        ed1_0.active,
        ed1_0.correlation_key_path,
        ed1_0.created_at,
        ed1_0.description,
        ed1_0.event_key,
        ed1_0.kafka_topic,
        ed1_0.name,
        ed1_0.payload_schema,
        ed1_0.updated_at 
    from
        event_definitions ed1_0 
    where
        ed1_0.event_key=?
]]></system-out>
  </testcase>
</testsuite>