<?xml version="1.0" encoding="UTF-8"?>
<testsuite xmlns:xsi="http://www.w3.org/2001/XMLSchema-instance" xsi:noNamespaceSchemaLocation="https://maven.apache.org/surefire/maven-surefire-plugin/xsd/surefire-test-report-3.0.xsd" version="3.0" name="com.enterprise.atlas.workflow.service.EmitEventCommandIntegrationTest" time="1.608" tests="1" errors="0" skipped="0" failures="0">
  <properties>
[...]
</properties>
  <testcase name="testEmitEventResumesWaitingWorkflowInstance" classname="com.enterprise.atlas.workflow.service.EmitEventCommandIntegrationTest" time="0.26">
    <system-out><![CDATA[2026-06-16 15:20:55.422 [main] INFO  org.springframework.test.context.support.AnnotationConfigContextLoaderUtils.detectDefaultConfigurationClasses [AnnotationConfigContextLoaderUtils.java:83] - Could not detect default configuration classes for test class [com.enterprise.atlas.workflow.service.EmitEventCommandIntegrationTest]: EmitEventCommandIntegrationTest does not declare any static, non-private, non-final, nested classes annotated with @Configuration.
2026-06-16 15:20:55.425 [main] INFO  org.springframework.boot.test.context.SpringBootTestContextBootstrapper.getOrFindConfigurationClasses [SpringBootTestContextBootstrapper.java:234] - Found @SpringBootConfiguration com.enterprise.atlas.workflow.WorkflowServiceApplication for test class com.enterprise.atlas.workflow.service.EmitEventCommandIntegrationTest

  .   ____          _            __ _ _
 /\\ / ___'_ __ _ _(_)_ __  __ _ \ \ \ \
( ( )\___ | '_ | '_| | '_ \/ _` | \ \ \ \
 \\/  ___)| |_)| | | | | || (_| |  ) ) ) )
  '  |____| .__|_| |_|_| |_\__, | / / / /
 =========|_|==============|___/=/_/_/_/

 :: Spring Boot ::                (v3.3.4)

2026-06-16 15:20:55.497 [main] INFO  com.enterprise.atlas.workflow.service.EmitEventCommandIntegrationTest.logStarting [StartupInfoLogger.java:50] - Starting EmitEventCommandIntegrationTest using Java 24.0.2 with PID 10096 (started by hemant in C:\Users\hemant\Desktop\Projects\state-machine-engine\atlas-workflow-service)
2026-06-16 15:20:55.499 [main] INFO  com.enterprise.atlas.workflow.service.EmitEventCommandIntegrationTest.logStartupProfileInfo [SpringApplication.java:660] - The following 1 profile is active: "test"
2026-06-16 15:20:55.734 [main] INFO  org.springframework.data.repository.config.RepositoryConfigurationDelegate.registerRepositoriesIn [RepositoryConfigurationDelegate.java:143] - Bootstrapping Spring Data JPA repositories in DEFAULT mode.
2026-06-16 15:20:55.804 [main] INFO  org.springframework.data.repository.config.RepositoryConfigurationDelegate.registerRepositoriesIn [RepositoryConfigurationDelegate.java:211] - Finished Spring Data repository scanning in 68 ms. Found 15 JPA repository interfaces.
2026-06-16 15:20:55.991 [main] INFO  com.enterprise.atlas.workflow.config.DatabaseMigrationRunner.migrate [DatabaseMigrationRunner.java:24] - Starting database schema migration check...
2026-06-16 15:20:55.992 [main] INFO  com.zaxxer.hikari.HikariDataSource.getConnection [HikariDataSource.java:109] - HikariPool-3 - Starting...
2026-06-16 15:20:55.995 [main] INFO  com.zaxxer.hikari.pool.HikariPool.checkFailFast [HikariPool.java:554] - HikariPool-3 - Added connection conn21: url=jdbc:h2:file:./data/atlasdb user=SA
2026-06-16 15:20:55.996 [main] INFO  com.zaxxer.hikari.HikariDataSource.getConnection [HikariDataSource.java:122] - HikariPool-3 - Start completed.
2026-06-16 15:20:56.018 [main] INFO  com.enterprise.atlas.workflow.config.DatabaseMigrationRunner.cleanOrphanedData [DatabaseMigrationRunner.java:94] - Cleaning up orphaned records before constraint creation...
2026-06-16 15:20:56.019 [main] INFO  com.enterprise.atlas.workflow.config.DatabaseMigrationRunner.autoCleanOrphans [DatabaseMigrationRunner.java:116] - Cleaning up orphans in bucket_executions on column execution_log_id...
2026-06-16 15:20:56.021 [main] INFO  com.enterprise.atlas.workflow.config.DatabaseMigrationRunner.autoCleanOrphans [DatabaseMigrationRunner.java:116] - Cleaning up orphans in bucket_executions on column instance_id...
2026-06-16 15:20:56.023 [main] INFO  com.enterprise.atlas.workflow.config.DatabaseMigrationRunner.autoCleanOrphans [DatabaseMigrationRunner.java:116] - Cleaning up orphans in workflow_instances on column version_id...
2026-06-16 15:20:56.024 [main] INFO  com.enterprise.atlas.workflow.config.DatabaseMigrationRunner.autoCleanOrphans [DatabaseMigrationRunner.java:116] - Cleaning up orphans in execution_logs on column version_id...
2026-06-16 15:20:56.025 [main] INFO  com.enterprise.atlas.workflow.config.DatabaseMigrationRunner.autoCleanOrphans [DatabaseMigrationRunner.java:116] - Cleaning up orphans in execution_logs on column instance_id...
2026-06-16 15:20:56.027 [main] INFO  com.enterprise.atlas.workflow.config.DatabaseMigrationRunner.autoCleanOrphans [DatabaseMigrationRunner.java:116] - Cleaning up orphans in revert_status on column workflow_instance_id...
2026-06-16 15:20:56.028 [main] INFO  com.enterprise.atlas.workflow.config.DatabaseMigrationRunner.autoCleanOrphans [DatabaseMigrationRunner.java:116] - Cleaning up orphans in revert_status on column form_id...
2026-06-16 15:20:56.030 [main] INFO  com.enterprise.atlas.workflow.config.DatabaseMigrationRunner.cleanOrphanedData [DatabaseMigrationRunner.java:107] - Cleaning up invalid integration_id references in context_fields...
2026-06-16 15:20:56.033 [main] INFO  com.enterprise.atlas.workflow.config.DatabaseMigrationRunner.healWorkloadDataInconsistency [DatabaseMigrationRunner.java:140] - Healing bucket executions for completed workflow instances...
2026-06-16 15:20:56.035 [main] INFO  com.enterprise.atlas.workflow.config.DatabaseMigrationRunner.healWorkloadDataInconsistency [DatabaseMigrationRunner.java:153] - Healing bucket executions for completed reverts...
2026-06-16 15:20:56.037 [main] INFO  com.enterprise.atlas.workflow.config.DatabaseMigrationRunner.alterColumnLengthIfExist [DatabaseMigrationRunner.java:173] - Altering column task_instances.task_instance_pk length to 255...
2026-06-16 15:20:56.049 [main] INFO  com.enterprise.atlas.workflow.config.DatabaseMigrationRunner.alterColumnLengthIfExist [DatabaseMigrationRunner.java:179] - Successfully altered column task_instances.task_instance_pk length to 255.
2026-06-16 15:20:56.050 [main] INFO  com.enterprise.atlas.workflow.config.DatabaseMigrationRunner.migrate [DatabaseMigrationRunner.java:66] - Database schema migration check completed successfully.
2026-06-16 15:20:56.069 [main] INFO  org.hibernate.jpa.internal.util.LogHelper.logPersistenceUnitInformation [LogHelper.java:31] - HHH000204: Processing PersistenceUnitInfo [name: default]
2026-06-16 15:20:56.076 [main] INFO  org.hibernate.cache.internal.RegionFactoryInitiator.initiateService [RegionFactoryInitiator.java:50] - HHH000026: Second-level cache disabled
2026-06-16 15:20:56.091 [main] INFO  org.springframework.orm.jpa.persistenceunit.SpringPersistenceUnitInfo.addTransformer [SpringPersistenceUnitInfo.java:87] - No LoadTimeWeaver setup: ignoring JPA class transformer
2026-06-16 15:20:56.094 [main] WARN  org.hibernate.orm.deprecation.constructDialect [DialectFactoryImpl.java:153] - HHH90000025: H2Dialect does not need to be specified explicitly using 'hibernate.dialect' (remove the property setting and it will be selected by default)
2026-06-16 15:20:56.355 [main] INFO  org.hibernate.engine.transaction.jta.platform.internal.JtaPlatformInitiator.initiateService [JtaPlatformInitiator.java:59] - HHH000489: No JTA platform available (set 'hibernate.transaction.jta.platform' to enable JTA platform integration)
Hibernate: 
    alter table if exists buckets 
       drop constraint if exists idx_bucket_id_key
Hibernate: 
    alter table if exists buckets 
       add constraint idx_bucket_id_key unique (bucket_id)
Hibernate: 
    alter table if exists context_schemas 
       drop constraint if exists idx_ctx_schema_key
Hibernate: 
    alter table if exists context_schemas 
       add constraint idx_ctx_schema_key unique (workflow_key)
Hibernate: 
    alter table if exists event_definitions 
       drop constraint if exists idx_event_def_key
Hibernate: 
    alter table if exists event_definitions 
       add constraint idx_event_def_key unique (event_key)
Hibernate: 
    alter table if exists integration_registry 
       drop constraint if exists idx_int_key
Hibernate: 
    alter table if exists integration_registry 
       add constraint idx_int_key unique (integration_key)
Hibernate: 
    alter table if exists rules 
       drop constraint if exists idx_rule_key
Hibernate: 
    alter table if exists rules 
       add constraint idx_rule_key unique (rule_key)
Hibernate: 
    alter table if exists workflow_definitions 
       drop constraint if exists idx_wf_def_key
Hibernate: 
    alter table if exists workflow_definitions 
       add constraint idx_wf_def_key unique (wf_key)
Hibernate: 
    alter table if exists workflow_versions 
       drop constraint if exists uq_wf_version
Hibernate: 
    alter table if exists workflow_versions 
       add constraint uq_wf_version unique (workflow_definition_id, version)
2026-06-16 15:20:56.370 [main] INFO  org.springframework.orm.jpa.LocalContainerEntityManagerFactoryBean.buildNativeEntityManagerFactory [AbstractEntityManagerFactoryBean.java:437] - Initialized JPA EntityManagerFactory for persistence unit 'default'
2026-06-16 15:20:56.626 [main] WARN  org.springframework.boot.autoconfigure.orm.jpa.JpaBaseConfiguration$JpaWebConfiguration.openEntityManagerInViewInterceptor [JpaBaseConfiguration.java:236] - spring.jpa.open-in-view is enabled by default. Therefore, database queries may be performed during view rendering. Explicitly configure spring.jpa.open-in-view to disable this warning
2026-06-16 15:20:56.733 [main] INFO  org.springframework.boot.autoconfigure.h2.H2ConsoleAutoConfiguration.logDataSources [H2ConsoleAutoConfiguration.java:88] - H2 console available at '/h2-console'. Database available at 'jdbc:h2:file:./data/atlasdb'
2026-06-16 15:20:56.755 [main] INFO  com.enterprise.atlas.workflow.service.EmitEventCommandIntegrationTest.logStarted [StartupInfoLogger.java:56] - Started EmitEventCommandIntegrationTest in 1.325 seconds (process running for 16.445)
Hibernate: 
    select
        wi1_0.workflow_instance_pk,
        wi1_0.business_key,
        wi1_0.created_at,
        wi1_0.current_node_id,
        wi1_0.runtime_graph,
        wi1_0.serialized_context,
        wi1_0.status,
        wi1_0.updated_at,
        wi1_0.version_number,
        wi1_0.workflow_key,
        wi1_0.version_id 
    from
        workflow_instances wi1_0 
    where
        wi1_0.status=? 
    order by
        wi1_0.created_at desc
Hibernate: 
    select
        el1_0.execution_log_pk,
        el1_0.completed_at,
        el1_0.context_id,
        el1_0.error_message,
        el1_0.execution_trace_json,
        el1_0.input_context_json,
        el1_0.outcome_bucket_id,
        el1_0.outcome_node_id,
        el1_0.outcome_node_label,
        el1_0.started_at,
        el1_0.status,
        el1_0.total_duration_ms,
        el1_0.version_number,
        el1_0.instance_id,
        el1_0.workflow_key,
        el1_0.version_id 
    from
        execution_logs el1_0 
    where
        el1_0.instance_id=? 
        and el1_0.status=?
Hibernate: 
    select
        ed1_0.event_definition_pk,
        ed1_0.active,
        ed1_0.correlation_key_path,
        ed1_0.created_at,
        ed1_0.description,
        ed1_0.event_key,
        ed1_0.kafka_topic,
        ed1_0.name,
        ed1_0.payload_schema,
        ed1_0.updated_at 
    from
        event_definitions ed1_0 
    where
        ed1_0.event_key=?
Hibernate: 
    select
        rs1_0.revert_status_pk,
        rs1_0.bucket_id,
        rs1_0.bucket_name,
        rs1_0.completed_at,
        rs1_0.created_at,
        rs1_0.form_id,
        rs1_0.dependency_bucket_ids,
        rs1_0.previous_step_id,
        rs1_0.resolution_notes,
        rs1_0.resolved_by,
        rs1_0.status,
        rs1_0.workflow_instance_id 
    from
        revert_status rs1_0 
    where
        rs1_0.workflow_instance_id=? 
    order by
        rs1_0.created_at desc
Hibernate: 
    select
        cf1_0.customer_form_pk,
        cf1_0.customer_name,
        cf1_0.form_status,
        cf1_0.updated_at 
    from
        customer_forms cf1_0 
    where
        cf1_0.customer_form_pk=?
Hibernate: 
    delete 
    from
        event_definitions 
    where
        event_definition_pk=?
Hibernate: 
    select
        ed1_0.event_definition_pk,
        ed1_0.active,
        ed1_0.correlation_key_path,
        ed1_0.created_at,
        ed1_0.description,
        ed1_0.event_key,
        ed1_0.kafka_topic,
        ed1_0.name,
        ed1_0.payload_schema,
        ed1_0.updated_at 
    from
        event_definitions ed1_0 
    where
        ed1_0.event_definition_pk=?
Hibernate: 
    insert 
    into
        event_definitions
        (active, correlation_key_path, created_at, description, event_key, kafka_topic, name, payload_schema, updated_at, event_definition_pk) 
    values
        (?, ?, ?, ?, ?, ?, ?, ?, ?, ?)
Hibernate: 
    select
        wd1_0.workflow_definition_pk 
    from
        workflow_definitions wd1_0 
    where
        wd1_0.wf_key=? 
    fetch
        first ? rows only
Hibernate: 
    select
        wd1_0.workflow_definition_pk,
        wd1_0.active_version,
        wd1_0.created_at,
        wd1_0.description,
        wd1_0.wf_key,
        wd1_0.name,
        wd1_0.updated_at,
        v1_0.workflow_definition_id,
        v1_0.workflow_version_pk,
        v1_0.created_at,
        v1_0.created_by,
        v1_0.definition_json,
        v1_0.status,
        v1_0.updated_at,
        v1_0.updated_by,
        v1_0.version 
    from
        workflow_definitions wd1_0 
    left join
        workflow_versions v1_0 
            on wd1_0.workflow_definition_pk=v1_0.workflow_definition_id 
    where
        wd1_0.workflow_definition_pk=? 
    order by
        v1_0.version
Hibernate: 
    insert 
    into
        workflow_definitions
        (active_version, created_at, description, wf_key, name, updated_at, workflow_definition_pk) 
    values
        (?, ?, ?, ?, ?, ?, ?)
Hibernate: 
    select
        coalesce(max(wv1_0.version), 0) 
    from
        workflow_versions wv1_0 
    where
        wv1_0.workflow_definition_id=?
Hibernate: 
    select
        wv1_0.workflow_version_pk,
        wv1_0.created_at,
        wv1_0.created_by,
        wv1_0.definition_json,
        wv1_0.status,
        wv1_0.updated_at,
        wv1_0.updated_by,
        wv1_0.version,
        wv1_0.workflow_definition_id 
    from
        workflow_versions wv1_0 
    where
        wv1_0.workflow_version_pk=?
Hibernate: 
    select
        ed1_0.event_definition_pk,
        ed1_0.active,
        ed1_0.correlation_key_path,
        ed1_0.created_at,
        ed1_0.description,
        ed1_0.event_key,
        ed1_0.kafka_topic,
        ed1_0.name,
        ed1_0.payload_schema,
        ed1_0.updated_at 
    from
        event_definitions ed1_0 
    where
        ed1_0.event_key=?
Hibernate: 
    select
        ed1_0.event_definition_pk,
        ed1_0.active,
        ed1_0.correlation_key_path,
        ed1_0.created_at,
        ed1_0.description,
        ed1_0.event_key,
        ed1_0.kafka_topic,
        ed1_0.name,
        ed1_0.payload_schema,
        ed1_0.updated_at 
    from
        event_definitions ed1_0 
    where
        ed1_0.event_key=?
Hibernate: 
    insert 
    into
        workflow_versions
        (created_at, created_by, definition_json, status, updated_at, updated_by, version, workflow_definition_id, workflow_version_pk) 
    values
        (?, ?, ?, ?, ?, ?, ?, ?, ?)
Hibernate: 
    update
        workflow_definitions 
    set
        active_version=?,
        description=?,
        wf_key=?,
        name=?,
        updated_at=? 
    where
        workflow_definition_pk=?
Hibernate: 
    update
        workflow_versions 
    set
        created_by=?,
        definition_json=?,
        status=?,
        updated_at=?,
        updated_by=?,
        version=?,
        workflow_definition_id=? 
    where
        workflow_version_pk=?
Hibernate: 
    select
        wd1_0.workflow_definition_pk 
    from
        workflow_definitions wd1_0 
    where
        wd1_0.wf_key=? 
    fetch
        first ? rows only
Hibernate: 
    select
        wd1_0.workflow_definition_pk,
        wd1_0.active_version,
        wd1_0.created_at,
        wd1_0.description,
        wd1_0.wf_key,
        wd1_0.name,
        wd1_0.updated_at,
        v1_0.workflow_definition_id,
        v1_0.workflow_version_pk,
        v1_0.created_at,
        v1_0.created_by,
        v1_0.definition_json,
        v1_0.status,
        v1_0.updated_at,
        v1_0.updated_by,
        v1_0.version 
    from
        workflow_definitions wd1_0 
    left join
        workflow_versions v1_0 
            on wd1_0.workflow_definition_pk=v1_0.workflow_definition_id 
    where
        wd1_0.workflow_definition_pk=? 
    order by
        v1_0.version
Hibernate: 
    insert 
    into
        workflow_definitions
        (active_version, created_at, description, wf_key, name, updated_at, workflow_definition_pk) 
    values
        (?, ?, ?, ?, ?, ?, ?)
Hibernate: 
    update
        workflow_versions 
    set
        created_by=?,
        definition_json=?,
        status=?,
        updated_at=?,
        updated_by=?,
        version=?,
        workflow_definition_id=? 
    where
        workflow_version_pk=?
Hibernate: 
    select
        coalesce(max(wv1_0.version), 0) 
    from
        workflow_versions wv1_0 
    where
        wv1_0.workflow_definition_id=?
Hibernate: 
    select
        wv1_0.workflow_version_pk,
        wv1_0.created_at,
        wv1_0.created_by,
        wv1_0.definition_json,
        wv1_0.status,
        wv1_0.updated_at,
        wv1_0.updated_by,
        wv1_0.version,
        wv1_0.workflow_definition_id 
    from
        workflow_versions wv1_0 
    where
        wv1_0.workflow_version_pk=?
Hibernate: 
    select
        ed1_0.event_definition_pk,
        ed1_0.active,
        ed1_0.correlation_key_path,
        ed1_0.created_at,
        ed1_0.description,
        ed1_0.event_key,
        ed1_0.kafka_topic,
        ed1_0.name,
        ed1_0.payload_schema,
        ed1_0.updated_at 
    from
        event_definitions ed1_0 
    where
        ed1_0.event_key=?
Hibernate: 
    select
        ed1_0.event_definition_pk,
        ed1_0.active,
        ed1_0.correlation_key_path,
        ed1_0.created_at,
        ed1_0.description,
        ed1_0.event_key,
        ed1_0.kafka_topic,
        ed1_0.name,
        ed1_0.payload_schema,
        ed1_0.updated_at 
    from
        event_definitions ed1_0 
    where
        ed1_0.event_key=?
Hibernate: 
    insert 
    into
        workflow_versions
        (created_at, created_by, definition_json, status, updated_at, updated_by, version, workflow_definition_id, workflow_version_pk) 
    values
        (?, ?, ?, ?, ?, ?, ?, ?, ?)
Hibernate: 
    update
        workflow_versions 
    set
        created_by=?,
        definition_json=?,
        status=?,
        updated_at=?,
        updated_by=?,
        version=?,
        workflow_definition_id=? 
    where
        workflow_version_pk=?
Hibernate: 
    update
        workflow_definitions 
    set
        active_version=?,
        description=?,
        wf_key=?,
        name=?,
        updated_at=? 
    where
        workflow_definition_pk=?
Hibernate: 
    update
        workflow_versions 
    set
        created_by=?,
        definition_json=?,
        status=?,
        updated_at=?,
        updated_by=?,
        version=?,
        workflow_definition_id=? 
    where
        workflow_version_pk=?
Hibernate: 
    select
        wd1_0.workflow_definition_pk,
        wd1_0.active_version,
        wd1_0.created_at,
        wd1_0.description,
        wd1_0.wf_key,
        wd1_0.name,
        wd1_0.updated_at 
    from
        workflow_definitions wd1_0 
    where
        wd1_0.wf_key=?
Hibernate: 
    update
        workflow_versions 
    set
        created_by=?,
        definition_json=?,
        status=?,
        updated_at=?,
        updated_by=?,
        version=?,
        workflow_definition_id=? 
    where
        workflow_version_pk=?
Hibernate: 
    update
        workflow_versions 
    set
        created_by=?,
        definition_json=?,
        status=?,
        updated_at=?,
        updated_by=?,
        version=?,
        workflow_definition_id=? 
    where
        workflow_version_pk=?
Hibernate: 
    select
        wv1_0.workflow_version_pk,
        wv1_0.created_at,
        wv1_0.created_by,
        wv1_0.definition_json,
        wv1_0.status,
        wv1_0.updated_at,
        wv1_0.updated_by,
        wv1_0.version,
        wv1_0.workflow_definition_id 
    from
        workflow_versions wv1_0 
    where
        wv1_0.workflow_definition_id=? 
        and wv1_0.version=?
2026-06-16 15:20:56.843 [main] INFO  com.enterprise.atlas.workflow.service.ExecutionService.execute [ExecutionService.java:169] - Starting workflow execution. workflowKey=WAIT_WF_e0fa6559, version=1, contextId=null, businessKey=CAF_TEST_EMIT_99, context={}
Hibernate: 
    select
        wi1_0.workflow_instance_pk,
        wi1_0.business_key,
        wi1_0.created_at,
        wi1_0.current_node_id,
        wi1_0.runtime_graph,
        wi1_0.serialized_context,
        wi1_0.status,
        wi1_0.updated_at,
        wi1_0.version_number,
        wi1_0.workflow_key,
        wi1_0.version_id 
    from
        workflow_instances wi1_0 
    where
        wi1_0.workflow_instance_pk=?
Hibernate: 
    insert 
    into
        workflow_instances
        (business_key, created_at, current_node_id, runtime_graph, serialized_context, status, updated_at, version_number, workflow_key, version_id, workflow_instance_pk) 
    values
        (?, ?, ?, ?, ?, ?, ?, ?, ?, ?, ?)
Hibernate: 
    update
        workflow_versions 
    set
        created_by=?,
        definition_json=?,
        status=?,
        updated_at=?,
        updated_by=?,
        version=?,
        workflow_definition_id=? 
    where
        workflow_version_pk=?
Hibernate: 
    update
        workflow_versions 
    set
        created_by=?,
        definition_json=?,
        status=?,
        updated_at=?,
        updated_by=?,
        version=?,
        workflow_definition_id=? 
    where
        workflow_version_pk=?
Hibernate: 
    select
        cs1_0.context_schema_pk,
        cs1_0.created_at,
        cs1_0.description,
        cs1_0.name,
        cs1_0.updated_at,
        cs1_0.workflow_key 
    from
        context_schemas cs1_0 
    where
        cs1_0.workflow_key=?
2026-06-16 15:20:56.855 [main] WARN  com.enterprise.atlas.workflow.service.ExecutionService.execute [ExecutionService.java:189] - Workflow pre-flight schema validation warnings/failures for workflowKey=WAIT_WF_e0fa6559: com.enterprise.atlas.common.dto.ValidationResultDto@163f7d3d
2026-06-16 15:20:56.855 [main] INFO  com.enterprise.atlas.workflow.service.GraphTraversalEngine.traverse [GraphTraversalEngine.java:186] - Engine starting/resuming traversal for workflowKey=WAIT_WF_e0fa6559, versionNumber=1, instanceId=e3741d2d-3ed1-4aa7-8f9e-149d5c95be29, startNodeId=null, contextId=cb18fa8c-f2ad-4cd9-8688-ead90638ac27
2026-06-16 15:20:56.856 [main] INFO  com.enterprise.atlas.workflow.service.GraphTraversalEngine.traverse [GraphTraversalEngine.java:884] - Engine traversing node ID: start-wait, Label: Start, Type: START
Hibernate: 
    select
        ti1_0.task_instance_pk,
        ti1_0.completed_at,
        ti1_0.input_data,
        ti1_0.label,
        ti1_0.output_data,
        ti1_0.started_at,
        ti1_0.status,
        ti1_0.task_type,
        ti1_0.instance_id 
    from
        task_instances ti1_0 
    where
        ti1_0.task_instance_pk=?
2026-06-16 15:20:56.859 [main] INFO  com.enterprise.atlas.workflow.service.GraphTraversalEngine.traverse [GraphTraversalEngine.java:1244] - NodeID: start-wait matched next Node ID: wait-payment via edge ID: we-1
2026-06-16 15:20:56.859 [main] INFO  com.enterprise.atlas.workflow.service.GraphTraversalEngine.traverse [GraphTraversalEngine.java:884] - Engine traversing node ID: wait-payment, Label: Wait For Payment, Type: WAIT_EVENT
Hibernate: 
    select
        ti1_0.task_instance_pk,
        ti1_0.completed_at,
        ti1_0.input_data,
        ti1_0.label,
        ti1_0.output_data,
        ti1_0.started_at,
        ti1_0.status,
        ti1_0.task_type,
        ti1_0.instance_id 
    from
        task_instances ti1_0 
    where
        ti1_0.task_instance_pk=?
Hibernate: 
    select
        es1_0.event_subscription_pk,
        es1_0.business_key,
        es1_0.created_at,
        es1_0.event_type,
        es1_0.filter_attributes,
        es1_0.status,
        es1_0.target_node_id,
        es1_0.instance_id 
    from
        event_subscriptions es1_0 
    where
        es1_0.business_key=? 
        and es1_0.event_type=? 
        and es1_0.status=?
Hibernate: 
    select
        es1_0.event_subscription_pk,
        es1_0.business_key,
        es1_0.created_at,
        es1_0.event_type,
        es1_0.filter_attributes,
        es1_0.status,
        es1_0.target_node_id,
        es1_0.instance_id 
    from
        event_subscriptions es1_0 
    where
        es1_0.event_subscription_pk=?
2026-06-16 15:20:56.868 [main] INFO  com.enterprise.atlas.workflow.service.GraphTraversalEngine.createEventSubscription [GraphTraversalEngine.java:164] - Created EventSubscription for instance: e3741d2d-3ed1-4aa7-8f9e-149d5c95be29, eventType: PAYMENT_RECEIVED, targetNode: wait-payment
2026-06-16 15:20:56.869 [main] INFO  com.enterprise.atlas.workflow.service.GraphTraversalEngine.traverse [GraphTraversalEngine.java:955] - Suspended execution at WAIT_EVENT Node ID: wait-payment, Label: Wait For Payment. Registered subscription on eventType: PAYMENT_RECEIVED
Hibernate: 
    select
        el1_0.execution_log_pk,
        el1_0.completed_at,
        el1_0.context_id,
        el1_0.error_message,
        el1_0.execution_trace_json,
        el1_0.input_context_json,
        el1_0.outcome_bucket_id,
        el1_0.outcome_node_id,
        el1_0.outcome_node_label,
        el1_0.started_at,
        el1_0.status,
        el1_0.total_duration_ms,
        el1_0.version_number,
        el1_0.instance_id,
        el1_0.workflow_key,
        el1_0.version_id 
    from
        execution_logs el1_0 
    where
        el1_0.execution_log_pk=?
Hibernate: 
    select
        wd1_0.workflow_definition_pk,
        wd1_0.active_version,
        wd1_0.created_at,
        wd1_0.description,
        wd1_0.wf_key,
        wd1_0.name,
        wd1_0.updated_at 
    from
        workflow_definitions wd1_0 
    where
        wd1_0.wf_key=?
Hibernate: 
    insert 
    into
        task_instances
        (completed_at, input_data, label, output_data, started_at, status, task_type, instance_id, task_instance_pk) 
    values
        (?, ?, ?, ?, ?, ?, ?, ?, ?)
Hibernate: 
    insert 
    into
        task_instances
        (completed_at, input_data, label, output_data, started_at, status, task_type, instance_id, task_instance_pk) 
    values
        (?, ?, ?, ?, ?, ?, ?, ?, ?)
Hibernate: 
    insert 
    into
        event_subscriptions
        (business_key, created_at, event_type, filter_attributes, status, target_node_id, instance_id, event_subscription_pk) 
    values
        (?, ?, ?, ?, ?, ?, ?, ?)
Hibernate: 
    insert 
    into
        execution_logs
        (completed_at, context_id, error_message, execution_trace_json, input_context_json, outcome_bucket_id, outcome_node_id, outcome_node_label, started_at, status, total_duration_ms, version_number, instance_id, workflow_key, version_id, execution_log_pk) 
    values
        (?, ?, ?, ?, ?, ?, ?, ?, ?, ?, ?, ?, ?, ?, ?, ?)
Hibernate: 
    update
        workflow_versions 
    set
        created_by=?,
        definition_json=?,
        status=?,
        updated_at=?,
        updated_by=?,
        version=?,
        workflow_definition_id=? 
    where
        workflow_version_pk=?
Hibernate: 
    update
        workflow_versions 
    set
        created_by=?,
        definition_json=?,
        status=?,
        updated_at=?,
        updated_by=?,
        version=?,
        workflow_definition_id=? 
    where
        workflow_version_pk=?
Hibernate: 
    update
        workflow_instances 
    set
        business_key=?,
        created_at=?,
        current_node_id=?,
        runtime_graph=?,
        serialized_context=?,
        status=?,
        updated_at=?,
        version_number=?,
        workflow_key=?,
        version_id=? 
    where
        workflow_instance_pk=?
Hibernate: 
    update
        task_instances 
    set
        completed_at=?,
        input_data=?,
        label=?,
        output_data=?,
        started_at=?,
        status=?,
        task_type=?,
        instance_id=? 
    where
        task_instance_pk=?
Hibernate: 
    update
        task_instances 
    set
        completed_at=?,
        input_data=?,
        label=?,
        output_data=?,
        started_at=?,
        status=?,
        task_type=?,
        instance_id=? 
    where
        task_instance_pk=?
Hibernate: 
    update
        execution_logs 
    set
        completed_at=?,
        context_id=?,
        error_message=?,
        execution_trace_json=?,
        input_context_json=?,
        outcome_bucket_id=?,
        outcome_node_id=?,
        outcome_node_label=?,
        started_at=?,
        status=?,
        total_duration_ms=?,
        version_number=?,
        instance_id=?,
        workflow_key=?,
        version_id=? 
    where
        execution_log_pk=?
Hibernate: 
    select
        wv1_0.workflow_version_pk,
        wv1_0.created_at,
        wv1_0.created_by,
        wv1_0.definition_json,
        wv1_0.status,
        wv1_0.updated_at,
        wv1_0.updated_by,
        wv1_0.version,
        wv1_0.workflow_definition_id 
    from
        workflow_versions wv1_0 
    where
        wv1_0.workflow_definition_id=? 
        and wv1_0.version=?
2026-06-16 15:20:56.892 [main] INFO  com.enterprise.atlas.workflow.service.ExecutionService.execute [ExecutionService.java:169] - Starting workflow execution. workflowKey=EMIT_WF_713746ba, version=1, contextId=null, businessKey=CAF_EMITTER, context={val=25000, targetCafId=CAF_TEST_EMIT_99}
Hibernate: 
    select
        wi1_0.workflow_instance_pk,
        wi1_0.business_key,
        wi1_0.created_at,
        wi1_0.current_node_id,
        wi1_0.runtime_graph,
        wi1_0.serialized_context,
        wi1_0.status,
        wi1_0.updated_at,
        wi1_0.version_number,
        wi1_0.workflow_key,
        wi1_0.version_id 
    from
        workflow_instances wi1_0 
    where
        wi1_0.workflow_instance_pk=?
Hibernate: 
    insert 
    into
        workflow_instances
        (business_key, created_at, current_node_id, runtime_graph, serialized_context, status, updated_at, version_number, workflow_key, version_id, workflow_instance_pk) 
    values
        (?, ?, ?, ?, ?, ?, ?, ?, ?, ?, ?)
Hibernate: 
    update
        workflow_versions 
    set
        created_by=?,
        definition_json=?,
        status=?,
        updated_at=?,
        updated_by=?,
        version=?,
        workflow_definition_id=? 
    where
        workflow_version_pk=?
Hibernate: 
    update
        workflow_versions 
    set
        created_by=?,
        definition_json=?,
        status=?,
        updated_at=?,
        updated_by=?,
        version=?,
        workflow_definition_id=? 
    where
        workflow_version_pk=?
Hibernate: 
    update
        workflow_instances 
    set
        business_key=?,
        created_at=?,
        current_node_id=?,
        runtime_graph=?,
        serialized_context=?,
        status=?,
        updated_at=?,
        version_number=?,
        workflow_key=?,
        version_id=? 
    where
        workflow_instance_pk=?
Hibernate: 
    update
        task_instances 
    set
        completed_at=?,
        input_data=?,
        label=?,
        output_data=?,
        started_at=?,
        status=?,
        task_type=?,
        instance_id=? 
    where
        task_instance_pk=?
Hibernate: 
    update
        task_instances 
    set
        completed_at=?,
        input_data=?,
        label=?,
        output_data=?,
        started_at=?,
        status=?,
        task_type=?,
        instance_id=? 
    where
        task_instance_pk=?
Hibernate: 
    update
        execution_logs 
    set
        completed_at=?,
        context_id=?,
        error_message=?,
        execution_trace_json=?,
        input_context_json=?,
        outcome_bucket_id=?,
        outcome_node_id=?,
        outcome_node_label=?,
        started_at=?,
        status=?,
        total_duration_ms=?,
        version_number=?,
        instance_id=?,
        workflow_key=?,
        version_id=? 
    where
        execution_log_pk=?
Hibernate: 
    select
        cs1_0.context_schema_pk,
        cs1_0.created_at,
        cs1_0.description,
        cs1_0.name,
        cs1_0.updated_at,
        cs1_0.workflow_key 
    from
        context_schemas cs1_0 
    where
        cs1_0.workflow_key=?
2026-06-16 15:20:56.907 [main] WARN  com.enterprise.atlas.workflow.service.ExecutionService.execute [ExecutionService.java:189] - Workflow pre-flight schema validation warnings/failures for workflowKey=EMIT_WF_713746ba: com.enterprise.atlas.common.dto.ValidationResultDto@6ea9efde
2026-06-16 15:20:56.908 [main] INFO  com.enterprise.atlas.workflow.service.GraphTraversalEngine.traverse [GraphTraversalEngine.java:186] - Engine starting/resuming traversal for workflowKey=EMIT_WF_713746ba, versionNumber=1, instanceId=41a80d20-7473-414b-a535-96e1f2bd5e7e, startNodeId=null, contextId=d6164744-6f69-4787-a3da-59ae4d5b8563
2026-06-16 15:20:56.909 [main] INFO  com.enterprise.atlas.workflow.service.GraphTraversalEngine.traverse [GraphTraversalEngine.java:884] - Engine traversing node ID: start-emit, Label: Start, Type: START
Hibernate: 
    select
        ti1_0.task_instance_pk,
        ti1_0.completed_at,
        ti1_0.input_data,
        ti1_0.label,
        ti1_0.output_data,
        ti1_0.started_at,
        ti1_0.status,
        ti1_0.task_type,
        ti1_0.instance_id 
    from
        task_instances ti1_0 
    where
        ti1_0.task_instance_pk=?
2026-06-16 15:20:56.911 [main] INFO  com.enterprise.atlas.workflow.service.GraphTraversalEngine.traverse [GraphTraversalEngine.java:1244] - NodeID: start-emit matched next Node ID: command-emit via edge ID: ee-1
2026-06-16 15:20:56.912 [main] INFO  com.enterprise.atlas.workflow.service.GraphTraversalEngine.traverse [GraphTraversalEngine.java:884] - Engine traversing node ID: command-emit, Label: Emit Payment Received Event, Type: COMMAND
Hibernate: 
    select
        ti1_0.task_instance_pk,
        ti1_0.completed_at,
        ti1_0.input_data,
        ti1_0.label,
        ti1_0.output_data,
        ti1_0.started_at,
        ti1_0.status,
        ti1_0.task_type,
        ti1_0.instance_id 
    from
        task_instances ti1_0 
    where
        ti1_0.task_instance_pk=?
2026-06-16 15:20:56.913 [main] INFO  com.enterprise.atlas.workflow.service.EmitEventCommand.execute [EmitEventCommand.java:95] - Executing EMIT_EVENT command: eventKey=PAYMENT_RECEIVED, businessKey=41a80d20-7473-414b-a535-96e1f2bd5e7e, payload={amount=25000, cafId=CAF_TEST_EMIT_99}
Hibernate: 
    select
        ed1_0.event_definition_pk,
        ed1_0.active,
        ed1_0.correlation_key_path,
        ed1_0.created_at,
        ed1_0.description,
        ed1_0.event_key,
        ed1_0.kafka_topic,
        ed1_0.name,
        ed1_0.payload_schema,
        ed1_0.updated_at 
    from
        event_definitions ed1_0 
    where
        ed1_0.event_key=?
2026-06-16 15:20:56.918 [main] INFO  com.enterprise.atlas.workflow.service.EventRoutingService.resolveCorrelationKey [EventRoutingService.java:57] - Resolving correlation key: eventType=PAYMENT_RECEIVED, path='payload.cafId', originalKey='41a80d20-7473-414b-a535-96e1f2bd5e7e', resolvedKey='CAF_TEST_EMIT_99', payload={amount=25000, cafId=CAF_TEST_EMIT_99}
2026-06-16 15:20:56.918 [main] INFO  com.enterprise.atlas.workflow.service.EventRoutingService.routeEvent [EventRoutingService.java:89] - Inbound event received - type: PAYMENT_RECEIVED, originalKey: 41a80d20-7473-414b-a535-96e1f2bd5e7e, resolvedKey: CAF_TEST_EMIT_99, payload: {amount=25000, cafId=CAF_TEST_EMIT_99}
Hibernate: 
    select
        es1_0.event_subscription_pk,
        es1_0.business_key,
        es1_0.created_at,
        es1_0.event_type,
        es1_0.filter_attributes,
        es1_0.status,
        es1_0.target_node_id,
        es1_0.instance_id 
    from
        event_subscriptions es1_0 
    where
        es1_0.business_key=? 
        and es1_0.event_type=? 
        and es1_0.status=?
2026-06-16 15:20:56.924 [main] INFO  com.enterprise.atlas.workflow.service.EventRoutingService.routeEvent [EventRoutingService.java:100] - Found 1 active subscription(s) matching correlatedKey: CAF_TEST_EMIT_99, eventType: PAYMENT_RECEIVED
2026-06-16 15:20:56.924 [main] INFO  com.enterprise.atlas.workflow.service.EventRoutingService.routeEvent [EventRoutingService.java:103] - Checking subscription filter matches for sub ID: 3c2162b5-a72f-4ac0-9c9a-96160dfa7491, filters: {}
2026-06-16 15:20:56.925 [main] INFO  com.enterprise.atlas.workflow.service.EventRoutingService.routeEvent [EventRoutingService.java:105] - Correlation matched successfully for event subscription ID: 3c2162b5-a72f-4ac0-9c9a-96160dfa7491
Hibernate: 
    insert 
    into
        task_instances
        (completed_at, input_data, label, output_data, started_at, status, task_type, instance_id, task_instance_pk) 
    values
        (?, ?, ?, ?, ?, ?, ?, ?, ?)
Hibernate: 
    insert 
    into
        task_instances
        (completed_at, input_data, label, output_data, started_at, status, task_type, instance_id, task_instance_pk) 
    values
        (?, ?, ?, ?, ?, ?, ?, ?, ?)
Hibernate: 
    update
        workflow_versions 
    set
        created_by=?,
        definition_json=?,
        status=?,
        updated_at=?,
        updated_by=?,
        version=?,
        workflow_definition_id=? 
    where
        workflow_version_pk=?
Hibernate: 
    update
        workflow_versions 
    set
        created_by=?,
        definition_json=?,
        status=?,
        updated_at=?,
        updated_by=?,
        version=?,
        workflow_definition_id=? 
    where
        workflow_version_pk=?
Hibernate: 
    update
        workflow_instances 
    set
        business_key=?,
        created_at=?,
        current_node_id=?,
        runtime_graph=?,
        serialized_context=?,
        status=?,
        updated_at=?,
        version_number=?,
        workflow_key=?,
        version_id=? 
    where
        workflow_instance_pk=?
Hibernate: 
    update
        task_instances 
    set
        completed_at=?,
        input_data=?,
        label=?,
        output_data=?,
        started_at=?,
        status=?,
        task_type=?,
        instance_id=? 
    where
        task_instance_pk=?
Hibernate: 
    update
        task_instances 
    set
        completed_at=?,
        input_data=?,
        label=?,
        output_data=?,
        started_at=?,
        status=?,
        task_type=?,
        instance_id=? 
    where
        task_instance_pk=?
Hibernate: 
    update
        event_subscriptions 
    set
        business_key=?,
        created_at=?,
        event_type=?,
        filter_attributes=?,
        status=?,
        target_node_id=?,
        instance_id=? 
    where
        event_subscription_pk=?
Hibernate: 
    update
        execution_logs 
    set
        completed_at=?,
        context_id=?,
        error_message=?,
        execution_trace_json=?,
        input_context_json=?,
        outcome_bucket_id=?,
        outcome_node_id=?,
        outcome_node_label=?,
        started_at=?,
        status=?,
        total_duration_ms=?,
        version_number=?,
        instance_id=?,
        workflow_key=?,
        version_id=? 
    where
        execution_log_pk=?
Hibernate: 
    update
        workflow_instances 
    set
        business_key=?,
        created_at=?,
        current_node_id=?,
        runtime_graph=?,
        serialized_context=?,
        status=?,
        updated_at=?,
        version_number=?,
        workflow_key=?,
        version_id=? 
    where
        workflow_instance_pk=?
Hibernate: 
    update
        task_instances 
    set
        completed_at=?,
        input_data=?,
        label=?,
        output_data=?,
        started_at=?,
        status=?,
        task_type=?,
        instance_id=? 
    where
        task_instance_pk=?
Hibernate: 
    update
        task_instances 
    set
        completed_at=?,
        input_data=?,
        label=?,
        output_data=?,
        started_at=?,
        status=?,
        task_type=?,
        instance_id=? 
    where
        task_instance_pk=?
Hibernate: 
    select
        ti1_0.task_instance_pk,
        ti1_0.completed_at,
        ti1_0.input_data,
        ti1_0.label,
        ti1_0.output_data,
        ti1_0.started_at,
        ti1_0.status,
        ti1_0.task_type,
        ti1_0.instance_id 
    from
        task_instances ti1_0 
    where
        ti1_0.instance_id=? 
    order by
        ti1_0.started_at
2026-06-16 15:20:56.951 [main] INFO  com.enterprise.atlas.workflow.service.EventRoutingService.routeEvent [EventRoutingService.java:134] - Marked TaskInstance e3741d2d-3ed1-4aa7-8f9e-149d5c95be29_wait-payment_1781603456859 as COMPLETED
2026-06-16 15:20:56.952 [main] INFO  com.enterprise.atlas.workflow.service.ExecutionService.resume [ExecutionService.java:326] - Resuming workflow instance. instanceId=e3741d2d-3ed1-4aa7-8f9e-149d5c95be29, additionalContext={amount=25000, cafId=CAF_TEST_EMIT_99}
Hibernate: 
    update
        workflow_versions 
    set
        created_by=?,
        definition_json=?,
        status=?,
        updated_at=?,
        updated_by=?,
        version=?,
        workflow_definition_id=? 
    where
        workflow_version_pk=?
Hibernate: 
    update
        workflow_versions 
    set
        created_by=?,
        definition_json=?,
        status=?,
        updated_at=?,
        updated_by=?,
        version=?,
        workflow_definition_id=? 
    where
        workflow_version_pk=?
Hibernate: 
    update
        workflow_instances 
    set
        business_key=?,
        created_at=?,
        current_node_id=?,
        runtime_graph=?,
        serialized_context=?,
        status=?,
        updated_at=?,
        version_number=?,
        workflow_key=?,
        version_id=? 
    where
        workflow_instance_pk=?
Hibernate: 
    update
        task_instances 
    set
        completed_at=?,
        input_data=?,
        label=?,
        output_data=?,
        started_at=?,
        status=?,
        task_type=?,
        instance_id=? 
    where
        task_instance_pk=?
Hibernate: 
    update
        task_instances 
    set
        completed_at=?,
        input_data=?,
        label=?,
        output_data=?,
        started_at=?,
        status=?,
        task_type=?,
        instance_id=? 
    where
        task_instance_pk=?
Hibernate: 
    update
        execution_logs 
    set
        completed_at=?,
        context_id=?,
        error_message=?,
        execution_trace_json=?,
        input_context_json=?,
        outcome_bucket_id=?,
        outcome_node_id=?,
        outcome_node_label=?,
        started_at=?,
        status=?,
        total_duration_ms=?,
        version_number=?,
        instance_id=?,
        workflow_key=?,
        version_id=? 
    where
        execution_log_pk=?
Hibernate: 
    update
        task_instances 
    set
        completed_at=?,
        input_data=?,
        label=?,
        output_data=?,
        started_at=?,
        status=?,
        task_type=?,
        instance_id=? 
    where
        task_instance_pk=?
Hibernate: 
    update
        task_instances 
    set
        completed_at=?,
        input_data=?,
        label=?,
        output_data=?,
        started_at=?,
        status=?,
        task_type=?,
        instance_id=? 
    where
        task_instance_pk=?
Hibernate: 
    update
        workflow_versions 
    set
        created_by=?,
        definition_json=?,
        status=?,
        updated_at=?,
        updated_by=?,
        version=?,
        workflow_definition_id=? 
    where
        workflow_version_pk=?
Hibernate: 
    update
        workflow_versions 
    set
        created_by=?,
        definition_json=?,
        status=?,
        updated_at=?,
        updated_by=?,
        version=?,
        workflow_definition_id=? 
    where
        workflow_version_pk=?
Hibernate: 
    update
        workflow_instances 
    set
        business_key=?,
        created_at=?,
        current_node_id=?,
        runtime_graph=?,
        serialized_context=?,
        status=?,
        updated_at=?,
        version_number=?,
        workflow_key=?,
        version_id=? 
    where
        workflow_instance_pk=?
Hibernate: 
    update
        task_instances 
    set
        completed_at=?,
        input_data=?,
        label=?,
        output_data=?,
        started_at=?,
        status=?,
        task_type=?,
        instance_id=? 
    where
        task_instance_pk=?
Hibernate: 
    update
        task_instances 
    set
        completed_at=?,
        input_data=?,
        label=?,
        output_data=?,
        started_at=?,
        status=?,
        task_type=?,
        instance_id=? 
    where
        task_instance_pk=?
Hibernate: 
    update
        execution_logs 
    set
        completed_at=?,
        context_id=?,
        error_message=?,
        execution_trace_json=?,
        input_context_json=?,
        outcome_bucket_id=?,
        outcome_node_id=?,
        outcome_node_label=?,
        started_at=?,
        status=?,
        total_duration_ms=?,
        version_number=?,
        instance_id=?,
        workflow_key=?,
        version_id=? 
    where
        execution_log_pk=?
Hibernate: 
    update
        task_instances 
    set
        completed_at=?,
        input_data=?,
        label=?,
        output_data=?,
        started_at=?,
        status=?,
        task_type=?,
        instance_id=? 
    where
        task_instance_pk=?
Hibernate: 
    update
        task_instances 
    set
        completed_at=?,
        input_data=?,
        label=?,
        output_data=?,
        started_at=?,
        status=?,
        task_type=?,
        instance_id=? 
    where
        task_instance_pk=?
Hibernate: 
    select
        el1_0.execution_log_pk,
        el1_0.completed_at,
        el1_0.context_id,
        el1_0.error_message,
        el1_0.execution_trace_json,
        el1_0.input_context_json,
        el1_0.outcome_bucket_id,
        el1_0.outcome_node_id,
        el1_0.outcome_node_label,
        el1_0.started_at,
        el1_0.status,
        el1_0.total_duration_ms,
        el1_0.version_number,
        el1_0.instance_id,
        el1_0.workflow_key,
        el1_0.version_id 
    from
        execution_logs el1_0 
    where
        el1_0.instance_id=? 
        and el1_0.status=?
2026-06-16 15:20:56.973 [main] INFO  com.enterprise.atlas.workflow.service.GraphTraversalEngine.traverse [GraphTraversalEngine.java:186] - Engine starting/resuming traversal for workflowKey=WAIT_WF_e0fa6559, versionNumber=1, instanceId=e3741d2d-3ed1-4aa7-8f9e-149d5c95be29, startNodeId=wait-payment, contextId=97794e19-6f7f-4076-8236-438a4f54f7c5
Hibernate: 
    select
        cs1_0.context_schema_pk,
        cs1_0.created_at,
        cs1_0.description,
        cs1_0.name,
        cs1_0.updated_at,
        cs1_0.workflow_key 
    from
        context_schemas cs1_0 
    where
        cs1_0.workflow_key=?
Hibernate: 
    select
        cs1_0.context_schema_pk,
        cs1_0.created_at,
        cs1_0.description,
        cs1_0.name,
        cs1_0.updated_at,
        cs1_0.workflow_key 
    from
        context_schemas cs1_0 
    where
        cs1_0.workflow_key=?
Hibernate: 
    select
        cs1_0.context_schema_pk,
        cs1_0.created_at,
        cs1_0.description,
        cs1_0.name,
        cs1_0.updated_at,
        cs1_0.workflow_key 
    from
        context_schemas cs1_0 
    where
        cs1_0.workflow_key=?
2026-06-16 15:20:56.984 [main] INFO  com.enterprise.atlas.workflow.service.GraphTraversalEngine.traverse [GraphTraversalEngine.java:884] - Engine traversing node ID: end-wait, Label: End, Type: END
Hibernate: 
    select
        ti1_0.task_instance_pk,
        ti1_0.completed_at,
        ti1_0.input_data,
        ti1_0.label,
        ti1_0.output_data,
        ti1_0.started_at,
        ti1_0.status,
        ti1_0.task_type,
        ti1_0.instance_id 
    from
        task_instances ti1_0 
    where
        ti1_0.task_instance_pk=?
2026-06-16 15:20:56.986 [main] INFO  com.enterprise.atlas.workflow.service.GraphTraversalEngine.traverse [GraphTraversalEngine.java:1226] - Reached END terminal node ID: end-wait, Label: End
Hibernate: 
    select
        el1_0.execution_log_pk,
        el1_0.completed_at,
        el1_0.context_id,
        el1_0.error_message,
        el1_0.execution_trace_json,
        el1_0.input_context_json,
        el1_0.outcome_bucket_id,
        el1_0.outcome_node_id,
        el1_0.outcome_node_label,
        el1_0.started_at,
        el1_0.status,
        el1_0.total_duration_ms,
        el1_0.version_number,
        el1_0.instance_id,
        el1_0.workflow_key,
        el1_0.version_id 
    from
        execution_logs el1_0 
    where
        el1_0.execution_log_pk=?
Hibernate: 
    select
        es1_0.event_subscription_pk,
        es1_0.business_key,
        es1_0.created_at,
        es1_0.event_type,
        es1_0.filter_attributes,
        es1_0.status,
        es1_0.target_node_id,
        es1_0.instance_id 
    from
        event_subscriptions es1_0 
    where
        es1_0.event_type=? 
        and es1_0.status=?
Hibernate: 
    select
        es1_0.event_subscription_pk,
        es1_0.business_key,
        es1_0.created_at,
        es1_0.event_type,
        es1_0.filter_attributes,
        es1_0.status,
        es1_0.target_node_id,
        es1_0.instance_id 
    from
        event_subscriptions es1_0 
    where
        es1_0.event_type=? 
        and es1_0.status=?
2026-06-16 15:20:56.996 [main] INFO  com.enterprise.atlas.workflow.service.EventRoutingService.routeEvent [EventRoutingService.java:143] - Resumed workflow instance: e3741d2d-3ed1-4aa7-8f9e-149d5c95be29 successfully.
2026-06-16 15:20:56.996 [main] INFO  com.enterprise.atlas.workflow.service.EmitEventCommand.execute [EmitEventCommand.java:99] - Successfully emitted event 'PAYMENT_RECEIVED' for businessKey '41a80d20-7473-414b-a535-96e1f2bd5e7e'
2026-06-16 15:20:56.996 [main] INFO  com.enterprise.atlas.workflow.service.GraphTraversalEngine.traverse [GraphTraversalEngine.java:1244] - NodeID: command-emit matched next Node ID: end-emit via edge ID: ee-2
2026-06-16 15:20:56.997 [main] INFO  com.enterprise.atlas.workflow.service.GraphTraversalEngine.traverse [GraphTraversalEngine.java:884] - Engine traversing node ID: end-emit, Label: End, Type: END
Hibernate: 
    select
        ti1_0.task_instance_pk,
        ti1_0.completed_at,
        ti1_0.input_data,
        ti1_0.label,
        ti1_0.output_data,
        ti1_0.started_at,
        ti1_0.status,
        ti1_0.task_type,
        ti1_0.instance_id 
    from
        task_instances ti1_0 
    where
        ti1_0.task_instance_pk=?
2026-06-16 15:20:57.000 [main] INFO  com.enterprise.atlas.workflow.service.GraphTraversalEngine.traverse [GraphTraversalEngine.java:1226] - Reached END terminal node ID: end-emit, Label: End
Hibernate: 
    select
        el1_0.execution_log_pk,
        el1_0.completed_at,
        el1_0.context_id,
        el1_0.error_message,
        el1_0.execution_trace_json,
        el1_0.input_context_json,
        el1_0.outcome_bucket_id,
        el1_0.outcome_node_id,
        el1_0.outcome_node_label,
        el1_0.started_at,
        el1_0.status,
        el1_0.total_duration_ms,
        el1_0.version_number,
        el1_0.instance_id,
        el1_0.workflow_key,
        el1_0.version_id 
    from
        execution_logs el1_0 
    where
        el1_0.execution_log_pk=?
Hibernate: 
    select
        es1_0.event_subscription_pk,
        es1_0.business_key,
        es1_0.created_at,
        es1_0.event_type,
        es1_0.filter_attributes,
        es1_0.status,
        es1_0.target_node_id,
        es1_0.instance_id 
    from
        event_subscriptions es1_0 
    where
        es1_0.event_type=? 
        and es1_0.status=?
Hibernate: 
    select
        es1_0.event_subscription_pk,
        es1_0.business_key,
        es1_0.created_at,
        es1_0.event_type,
        es1_0.filter_attributes,
        es1_0.status,
        es1_0.target_node_id,
        es1_0.instance_id 
    from
        event_subscriptions es1_0 
    where
        es1_0.event_type=? 
        and es1_0.status=?
]]></system-out>
  </testcase>
</testsuite>