<?xml version="1.0" encoding="UTF-8"?>
<testsuite xmlns:xsi="http://www.w3.org/2001/XMLSchema-instance" xsi:noNamespaceSchemaLocation="https://maven.apache.org/surefire/maven-surefire-plugin/xsd/surefire-test-report-3.0.xsd" version="3.0" name="com.enterprise.atlas.workflow.service.BucketApprovalIntegrationTest" time="10.951" tests="4" errors="0" skipped="0" failures="0">
  <properties>
[...]
</properties>
  <testcase name="testSchedulerPollingResumptionRejected" classname="com.enterprise.atlas.workflow.service.BucketApprovalIntegrationTest" time="1.046">
    <system-out><![CDATA[2026-06-16 15:20:41.894 [main] INFO  org.springframework.test.context.support.AnnotationConfigContextLoaderUtils.detectDefaultConfigurationClasses [AnnotationConfigContextLoaderUtils.java:83] - Could not detect default configuration classes for test class [com.enterprise.atlas.workflow.service.BucketApprovalIntegrationTest]: BucketApprovalIntegrationTest does not declare any static, non-private, non-final, nested classes annotated with @Configuration.
2026-06-16 15:20:42.126 [main] INFO  org.springframework.boot.test.context.SpringBootTestContextBootstrapper.getOrFindConfigurationClasses [SpringBootTestContextBootstrapper.java:234] - Found @SpringBootConfiguration com.enterprise.atlas.workflow.WorkflowServiceApplication for test class com.enterprise.atlas.workflow.service.BucketApprovalIntegrationTest

  .   ____          _            __ _ _
 /\\ / ___'_ __ _ _(_)_ __  __ _ \ \ \ \
( ( )\___ | '_ | '_| | '_ \/ _` | \ \ \ \
 \\/  ___)| |_)| | | | | || (_| |  ) ) ) )
  '  |____| .__|_| |_|_| |_\__, | / / / /
 =========|_|==============|___/=/_/_/_/

 :: Spring Boot ::                (v3.3.4)

2026-06-16 15:20:42.617 [background-preinit] INFO  org.hibernate.validator.internal.util.Version.<clinit> [Version.java:21] - HV000001: Hibernate Validator 8.0.1.Final
2026-06-16 15:20:42.640 [main] INFO  com.enterprise.atlas.workflow.service.BucketApprovalIntegrationTest.logStarting [StartupInfoLogger.java:50] - Starting BucketApprovalIntegrationTest using Java 24.0.2 with PID 10096 (started by hemant in C:\Users\hemant\Desktop\Projects\state-machine-engine\atlas-workflow-service)
2026-06-16 15:20:42.645 [main] INFO  com.enterprise.atlas.workflow.service.BucketApprovalIntegrationTest.logStartupProfileInfo [SpringApplication.java:660] - The following 1 profile is active: "test"
2026-06-16 15:20:43.533 [main] INFO  org.springframework.data.repository.config.RepositoryConfigurationDelegate.registerRepositoriesIn [RepositoryConfigurationDelegate.java:143] - Bootstrapping Spring Data JPA repositories in DEFAULT mode.
2026-06-16 15:20:43.689 [main] INFO  org.springframework.data.repository.config.RepositoryConfigurationDelegate.registerRepositoriesIn [RepositoryConfigurationDelegate.java:211] - Finished Spring Data repository scanning in 142 ms. Found 15 JPA repository interfaces.
2026-06-16 15:20:44.792 [main] INFO  com.enterprise.atlas.workflow.config.DatabaseMigrationRunner.migrate [DatabaseMigrationRunner.java:24] - Starting database schema migration check...
2026-06-16 15:20:44.795 [main] INFO  com.zaxxer.hikari.HikariDataSource.getConnection [HikariDataSource.java:109] - HikariPool-1 - Starting...
2026-06-16 15:20:45.229 [main] INFO  com.zaxxer.hikari.pool.HikariPool.checkFailFast [HikariPool.java:554] - HikariPool-1 - Added connection conn1: url=jdbc:h2:file:./data/atlasdb user=SA
2026-06-16 15:20:45.231 [main] INFO  com.zaxxer.hikari.HikariDataSource.getConnection [HikariDataSource.java:122] - HikariPool-1 - Start completed.
2026-06-16 15:20:45.302 [main] INFO  com.enterprise.atlas.workflow.config.DatabaseMigrationRunner.cleanOrphanedData [DatabaseMigrationRunner.java:94] - Cleaning up orphaned records before constraint creation...
2026-06-16 15:20:45.307 [main] INFO  com.enterprise.atlas.workflow.config.DatabaseMigrationRunner.autoCleanOrphans [DatabaseMigrationRunner.java:116] - Cleaning up orphans in bucket_executions on column execution_log_id...
2026-06-16 15:20:45.318 [main] INFO  com.enterprise.atlas.workflow.config.DatabaseMigrationRunner.autoCleanOrphans [DatabaseMigrationRunner.java:116] - Cleaning up orphans in bucket_executions on column instance_id...
2026-06-16 15:20:45.321 [main] INFO  com.enterprise.atlas.workflow.config.DatabaseMigrationRunner.autoCleanOrphans [DatabaseMigrationRunner.java:116] - Cleaning up orphans in workflow_instances on column version_id...
2026-06-16 15:20:45.328 [main] INFO  com.enterprise.atlas.workflow.config.DatabaseMigrationRunner.autoCleanOrphans [DatabaseMigrationRunner.java:116] - Cleaning up orphans in execution_logs on column version_id...
2026-06-16 15:20:45.336 [main] INFO  com.enterprise.atlas.workflow.config.DatabaseMigrationRunner.autoCleanOrphans [DatabaseMigrationRunner.java:116] - Cleaning up orphans in execution_logs on column instance_id...
2026-06-16 15:20:45.342 [main] INFO  com.enterprise.atlas.workflow.config.DatabaseMigrationRunner.autoCleanOrphans [DatabaseMigrationRunner.java:116] - Cleaning up orphans in revert_status on column workflow_instance_id...
2026-06-16 15:20:45.347 [main] INFO  com.enterprise.atlas.workflow.config.DatabaseMigrationRunner.autoCleanOrphans [DatabaseMigrationRunner.java:116] - Cleaning up orphans in revert_status on column form_id...
2026-06-16 15:20:45.350 [main] INFO  com.enterprise.atlas.workflow.config.DatabaseMigrationRunner.cleanOrphanedData [DatabaseMigrationRunner.java:107] - Cleaning up invalid integration_id references in context_fields...
2026-06-16 15:20:45.354 [main] INFO  com.enterprise.atlas.workflow.config.DatabaseMigrationRunner.healWorkloadDataInconsistency [DatabaseMigrationRunner.java:140] - Healing bucket executions for completed workflow instances...
2026-06-16 15:20:45.357 [main] INFO  com.enterprise.atlas.workflow.config.DatabaseMigrationRunner.healWorkloadDataInconsistency [DatabaseMigrationRunner.java:153] - Healing bucket executions for completed reverts...
2026-06-16 15:20:45.361 [main] INFO  com.enterprise.atlas.workflow.config.DatabaseMigrationRunner.alterColumnLengthIfExist [DatabaseMigrationRunner.java:173] - Altering column task_instances.task_instance_pk length to 255...
2026-06-16 15:20:45.398 [main] INFO  com.enterprise.atlas.workflow.config.DatabaseMigrationRunner.alterColumnLengthIfExist [DatabaseMigrationRunner.java:179] - Successfully altered column task_instances.task_instance_pk length to 255.
2026-06-16 15:20:45.399 [main] INFO  com.enterprise.atlas.workflow.config.DatabaseMigrationRunner.migrate [DatabaseMigrationRunner.java:66] - Database schema migration check completed successfully.
2026-06-16 15:20:45.535 [main] INFO  org.hibernate.jpa.internal.util.LogHelper.logPersistenceUnitInformation [LogHelper.java:31] - HHH000204: Processing PersistenceUnitInfo [name: default]
2026-06-16 15:20:45.647 [main] INFO  org.hibernate.Version.logVersion [Version.java:44] - HHH000412: Hibernate ORM core version 6.5.3.Final
2026-06-16 15:20:45.707 [main] INFO  org.hibernate.cache.internal.RegionFactoryInitiator.initiateService [RegionFactoryInitiator.java:50] - HHH000026: Second-level cache disabled
2026-06-16 15:20:46.109 [main] INFO  org.springframework.orm.jpa.persistenceunit.SpringPersistenceUnitInfo.addTransformer [SpringPersistenceUnitInfo.java:87] - No LoadTimeWeaver setup: ignoring JPA class transformer
2026-06-16 15:20:46.188 [main] WARN  org.hibernate.orm.deprecation.constructDialect [DialectFactoryImpl.java:153] - HHH90000025: H2Dialect does not need to be specified explicitly using 'hibernate.dialect' (remove the property setting and it will be selected by default)
2026-06-16 15:20:48.081 [main] INFO  org.hibernate.engine.transaction.jta.platform.internal.JtaPlatformInitiator.initiateService [JtaPlatformInitiator.java:59] - HHH000489: No JTA platform available (set 'hibernate.transaction.jta.platform' to enable JTA platform integration)
Hibernate: 
    alter table if exists buckets 
       drop constraint if exists idx_bucket_id_key
Hibernate: 
    alter table if exists buckets 
       add constraint idx_bucket_id_key unique (bucket_id)
Hibernate: 
    alter table if exists context_schemas 
       drop constraint if exists idx_ctx_schema_key
Hibernate: 
    alter table if exists context_schemas 
       add constraint idx_ctx_schema_key unique (workflow_key)
Hibernate: 
    alter table if exists event_definitions 
       drop constraint if exists idx_event_def_key
Hibernate: 
    alter table if exists event_definitions 
       add constraint idx_event_def_key unique (event_key)
Hibernate: 
    alter table if exists integration_registry 
       drop constraint if exists idx_int_key
Hibernate: 
    alter table if exists integration_registry 
       add constraint idx_int_key unique (integration_key)
Hibernate: 
    alter table if exists rules 
       drop constraint if exists idx_rule_key
Hibernate: 
    alter table if exists rules 
       add constraint idx_rule_key unique (rule_key)
Hibernate: 
    alter table if exists workflow_definitions 
       drop constraint if exists idx_wf_def_key
Hibernate: 
    alter table if exists workflow_definitions 
       add constraint idx_wf_def_key unique (wf_key)
Hibernate: 
    alter table if exists workflow_versions 
       drop constraint if exists uq_wf_version
Hibernate: 
    alter table if exists workflow_versions 
       add constraint uq_wf_version unique (workflow_definition_id, version)
2026-06-16 15:20:48.143 [main] INFO  org.springframework.orm.jpa.LocalContainerEntityManagerFactoryBean.buildNativeEntityManagerFactory [AbstractEntityManagerFactoryBean.java:437] - Initialized JPA EntityManagerFactory for persistence unit 'default'
2026-06-16 15:20:48.611 [main] INFO  org.springframework.data.jpa.repository.query.QueryEnhancerFactory.<clinit> [QueryEnhancerFactory.java:49] - Hibernate is in classpath; If applicable, HQL parser will be used.
2026-06-16 15:20:50.598 [main] WARN  org.springframework.boot.autoconfigure.orm.jpa.JpaBaseConfiguration$JpaWebConfiguration.openEntityManagerInViewInterceptor [JpaBaseConfiguration.java:236] - spring.jpa.open-in-view is enabled by default. Therefore, database queries may be performed during view rendering. Explicitly configure spring.jpa.open-in-view to disable this warning
2026-06-16 15:20:51.194 [main] INFO  org.springframework.boot.autoconfigure.h2.H2ConsoleAutoConfiguration.logDataSources [H2ConsoleAutoConfiguration.java:88] - H2 console available at '/h2-console'. Database available at 'jdbc:h2:file:./data/atlasdb'
2026-06-16 15:20:51.255 [main] INFO  com.enterprise.atlas.workflow.service.BucketApprovalIntegrationTest.logStarted [StartupInfoLogger.java:56] - Started BucketApprovalIntegrationTest in 8.953 seconds (process running for 10.946)
Hibernate: 
    select
        wi1_0.workflow_instance_pk,
        wi1_0.business_key,
        wi1_0.created_at,
        wi1_0.current_node_id,
        wi1_0.runtime_graph,
        wi1_0.serialized_context,
        wi1_0.status,
        wi1_0.updated_at,
        wi1_0.version_number,
        wi1_0.workflow_key,
        wi1_0.version_id 
    from
        workflow_instances wi1_0 
    where
        wi1_0.status=? 
    order by
        wi1_0.created_at desc
Hibernate: 
    select
        el1_0.execution_log_pk,
        el1_0.completed_at,
        el1_0.context_id,
        el1_0.error_message,
        el1_0.execution_trace_json,
        el1_0.input_context_json,
        el1_0.outcome_bucket_id,
        el1_0.outcome_node_id,
        el1_0.outcome_node_label,
        el1_0.started_at,
        el1_0.status,
        el1_0.total_duration_ms,
        el1_0.version_number,
        el1_0.instance_id,
        el1_0.workflow_key,
        el1_0.version_id 
    from
        execution_logs el1_0 
    where
        el1_0.instance_id=? 
        and el1_0.status=?
Hibernate: 
    select
        rs1_0.revert_status_pk,
        rs1_0.bucket_id,
        rs1_0.bucket_name,
        rs1_0.completed_at,
        rs1_0.created_at,
        rs1_0.form_id,
        rs1_0.dependency_bucket_ids,
        rs1_0.previous_step_id,
        rs1_0.resolution_notes,
        rs1_0.resolved_by,
        rs1_0.status,
        rs1_0.workflow_instance_id 
    from
        revert_status rs1_0 
    where
        rs1_0.workflow_instance_id=? 
    order by
        rs1_0.created_at desc
Hibernate: 
    select
        cf1_0.customer_form_pk,
        cf1_0.customer_name,
        cf1_0.form_status,
        cf1_0.updated_at 
    from
        customer_forms cf1_0 
    where
        cf1_0.customer_form_pk=?
Hibernate: 
    select
        wd1_0.workflow_definition_pk 
    from
        workflow_definitions wd1_0 
    where
        wd1_0.wf_key=? 
    fetch
        first ? rows only
Hibernate: 
    select
        wd1_0.workflow_definition_pk,
        wd1_0.active_version,
        wd1_0.created_at,
        wd1_0.description,
        wd1_0.wf_key,
        wd1_0.name,
        wd1_0.updated_at,
        v1_0.workflow_definition_id,
        v1_0.workflow_version_pk,
        v1_0.created_at,
        v1_0.created_by,
        v1_0.definition_json,
        v1_0.status,
        v1_0.updated_at,
        v1_0.updated_by,
        v1_0.version 
    from
        workflow_definitions wd1_0 
    left join
        workflow_versions v1_0 
            on wd1_0.workflow_definition_pk=v1_0.workflow_definition_id 
    where
        wd1_0.workflow_definition_pk=? 
    order by
        v1_0.version
Hibernate: 
    insert 
    into
        workflow_definitions
        (active_version, created_at, description, wf_key, name, updated_at, workflow_definition_pk) 
    values
        (?, ?, ?, ?, ?, ?, ?)
Hibernate: 
    select
        coalesce(max(wv1_0.version), 0) 
    from
        workflow_versions wv1_0 
    where
        wv1_0.workflow_definition_id=?
Hibernate: 
    select
        wv1_0.workflow_version_pk,
        wv1_0.created_at,
        wv1_0.created_by,
        wv1_0.definition_json,
        wv1_0.status,
        wv1_0.updated_at,
        wv1_0.updated_by,
        wv1_0.version,
        wv1_0.workflow_definition_id 
    from
        workflow_versions wv1_0 
    where
        wv1_0.workflow_version_pk=?
Hibernate: 
    insert 
    into
        workflow_versions
        (created_at, created_by, definition_json, status, updated_at, updated_by, version, workflow_definition_id, workflow_version_pk) 
    values
        (?, ?, ?, ?, ?, ?, ?, ?, ?)
Hibernate: 
    update
        workflow_definitions 
    set
        active_version=?,
        description=?,
        wf_key=?,
        name=?,
        updated_at=? 
    where
        workflow_definition_pk=?
Hibernate: 
    update
        workflow_versions 
    set
        created_by=?,
        definition_json=?,
        status=?,
        updated_at=?,
        updated_by=?,
        version=?,
        workflow_definition_id=? 
    where
        workflow_version_pk=?
Hibernate: 
    select
        wd1_0.workflow_definition_pk,
        wd1_0.active_version,
        wd1_0.created_at,
        wd1_0.description,
        wd1_0.wf_key,
        wd1_0.name,
        wd1_0.updated_at 
    from
        workflow_definitions wd1_0 
    where
        wd1_0.wf_key=?
Hibernate: 
    update
        workflow_versions 
    set
        created_by=?,
        definition_json=?,
        status=?,
        updated_at=?,
        updated_by=?,
        version=?,
        workflow_definition_id=? 
    where
        workflow_version_pk=?
Hibernate: 
    select
        wv1_0.workflow_version_pk,
        wv1_0.created_at,
        wv1_0.created_by,
        wv1_0.definition_json,
        wv1_0.status,
        wv1_0.updated_at,
        wv1_0.updated_by,
        wv1_0.version,
        wv1_0.workflow_definition_id 
    from
        workflow_versions wv1_0 
    where
        wv1_0.workflow_definition_id=? 
        and wv1_0.version=?
2026-06-16 15:20:52.001 [main] INFO  com.enterprise.atlas.workflow.service.ExecutionService.execute [ExecutionService.java:169] - Starting workflow execution. workflowKey=APPROVAL_TEST_WF_5ad7c74a, version=1, contextId=FORM_c19d17da, businessKey=BK-f1ec8a87, context={}
Hibernate: 
    select
        wi1_0.workflow_instance_pk,
        wi1_0.business_key,
        wi1_0.created_at,
        wi1_0.current_node_id,
        wi1_0.runtime_graph,
        wi1_0.serialized_context,
        wi1_0.status,
        wi1_0.updated_at,
        wi1_0.version_number,
        wi1_0.workflow_key,
        wi1_0.version_id 
    from
        workflow_instances wi1_0 
    where
        wi1_0.workflow_instance_pk=?
Hibernate: 
    insert 
    into
        workflow_instances
        (business_key, created_at, current_node_id, runtime_graph, serialized_context, status, updated_at, version_number, workflow_key, version_id, workflow_instance_pk) 
    values
        (?, ?, ?, ?, ?, ?, ?, ?, ?, ?, ?)
Hibernate: 
    update
        workflow_versions 
    set
        created_by=?,
        definition_json=?,
        status=?,
        updated_at=?,
        updated_by=?,
        version=?,
        workflow_definition_id=? 
    where
        workflow_version_pk=?
Hibernate: 
    select
        cs1_0.context_schema_pk,
        cs1_0.created_at,
        cs1_0.description,
        cs1_0.name,
        cs1_0.updated_at,
        cs1_0.workflow_key 
    from
        context_schemas cs1_0 
    where
        cs1_0.workflow_key=?
2026-06-16 15:20:52.019 [main] WARN  com.enterprise.atlas.workflow.service.ExecutionService.execute [ExecutionService.java:189] - Workflow pre-flight schema validation warnings/failures for workflowKey=APPROVAL_TEST_WF_5ad7c74a: com.enterprise.atlas.common.dto.ValidationResultDto@4faca5d
2026-06-16 15:20:52.020 [main] INFO  com.enterprise.atlas.workflow.service.GraphTraversalEngine.traverse [GraphTraversalEngine.java:186] - Engine starting/resuming traversal for workflowKey=APPROVAL_TEST_WF_5ad7c74a, versionNumber=1, instanceId=f1ec8a87-b560-4a50-8e65-bbe256e23ceb, startNodeId=null, contextId=FORM_c19d17da
2026-06-16 15:20:52.024 [main] INFO  com.enterprise.atlas.workflow.service.GraphTraversalEngine.traverse [GraphTraversalEngine.java:884] - Engine traversing node ID: start-1, Label: Start, Type: START
Hibernate: 
    select
        ti1_0.task_instance_pk,
        ti1_0.completed_at,
        ti1_0.input_data,
        ti1_0.label,
        ti1_0.output_data,
        ti1_0.started_at,
        ti1_0.status,
        ti1_0.task_type,
        ti1_0.instance_id 
    from
        task_instances ti1_0 
    where
        ti1_0.task_instance_pk=?
2026-06-16 15:20:52.034 [main] INFO  com.enterprise.atlas.workflow.service.GraphTraversalEngine.traverse [GraphTraversalEngine.java:1244] - NodeID: start-1 matched next Node ID: bucket-a2 via edge ID: e-1
2026-06-16 15:20:52.035 [main] INFO  com.enterprise.atlas.workflow.service.GraphTraversalEngine.traverse [GraphTraversalEngine.java:884] - Engine traversing node ID: bucket-a2, Label: Form A2 Verification, Type: BUCKET
Hibernate: 
    select
        ti1_0.task_instance_pk,
        ti1_0.completed_at,
        ti1_0.input_data,
        ti1_0.label,
        ti1_0.output_data,
        ti1_0.started_at,
        ti1_0.status,
        ti1_0.task_type,
        ti1_0.instance_id 
    from
        task_instances ti1_0 
    where
        ti1_0.task_instance_pk=?
Hibernate: 
    select
        cf1_0.customer_form_pk,
        cf1_0.customer_name,
        cf1_0.form_status,
        cf1_0.updated_at 
    from
        customer_forms cf1_0 
    where
        cf1_0.customer_form_pk=?
Hibernate: 
    select
        cf1_0.customer_form_pk,
        cf1_0.customer_name,
        cf1_0.form_status,
        cf1_0.updated_at 
    from
        customer_forms cf1_0 
    where
        cf1_0.customer_form_pk=?
2026-06-16 15:20:52.043 [main] INFO  com.enterprise.atlas.workflow.service.GraphTraversalEngine.createBucketRevertStatusAndFormPending [GraphTraversalEngine.java:1380] - Created CustomerForm and updated status to 'A2 Pending' for formId=FORM_c19d17da
Hibernate: 
    select
        rs1_0.revert_status_pk,
        rs1_0.bucket_id,
        rs1_0.bucket_name,
        rs1_0.completed_at,
        rs1_0.created_at,
        rs1_0.form_id,
        rs1_0.dependency_bucket_ids,
        rs1_0.previous_step_id,
        rs1_0.resolution_notes,
        rs1_0.resolved_by,
        rs1_0.status,
        rs1_0.workflow_instance_id 
    from
        revert_status rs1_0 
    where
        rs1_0.workflow_instance_id=? 
    order by
        rs1_0.created_at desc
Hibernate: 
    select
        rs1_0.revert_status_pk,
        rs1_0.bucket_id,
        rs1_0.bucket_name,
        rs1_0.completed_at,
        rs1_0.created_at,
        rs1_0.form_id,
        rs1_0.dependency_bucket_ids,
        rs1_0.previous_step_id,
        rs1_0.resolution_notes,
        rs1_0.resolved_by,
        rs1_0.status,
        rs1_0.workflow_instance_id 
    from
        revert_status rs1_0 
    where
        rs1_0.workflow_instance_id=? 
        and rs1_0.bucket_id=? 
        and rs1_0.status=?
Hibernate: 
    select
        rs1_0.revert_status_pk,
        rs1_0.bucket_id,
        rs1_0.bucket_name,
        rs1_0.completed_at,
        rs1_0.created_at,
        rs1_0.form_id,
        rs1_0.dependency_bucket_ids,
        rs1_0.previous_step_id,
        rs1_0.resolution_notes,
        rs1_0.resolved_by,
        rs1_0.status,
        rs1_0.workflow_instance_id 
    from
        revert_status rs1_0 
    where
        rs1_0.revert_status_pk=?
2026-06-16 15:20:52.059 [main] INFO  com.enterprise.atlas.workflow.service.GraphTraversalEngine.createBucketRevertStatusAndFormPending [GraphTraversalEngine.java:1424] - Created PENDING RevertStatus entry for bucketId=A2, instanceId=f1ec8a87-b560-4a50-8e65-bbe256e23ceb, previousStepId=null
Hibernate: 
    select
        es1_0.event_subscription_pk,
        es1_0.business_key,
        es1_0.created_at,
        es1_0.event_type,
        es1_0.filter_attributes,
        es1_0.status,
        es1_0.target_node_id,
        es1_0.instance_id 
    from
        event_subscriptions es1_0 
    where
        es1_0.business_key=? 
        and es1_0.event_type=? 
        and es1_0.status=?
Hibernate: 
    select
        es1_0.event_subscription_pk,
        es1_0.business_key,
        es1_0.created_at,
        es1_0.event_type,
        es1_0.filter_attributes,
        es1_0.status,
        es1_0.target_node_id,
        es1_0.instance_id 
    from
        event_subscriptions es1_0 
    where
        es1_0.event_subscription_pk=?
2026-06-16 15:20:52.070 [main] INFO  com.enterprise.atlas.workflow.service.GraphTraversalEngine.createEventSubscription [GraphTraversalEngine.java:164] - Created EventSubscription for instance: f1ec8a87-b560-4a50-8e65-bbe256e23ceb, eventType: A2, targetNode: bucket-a2
2026-06-16 15:20:52.070 [main] INFO  com.enterprise.atlas.workflow.service.GraphTraversalEngine.traverse [GraphTraversalEngine.java:1073] - Suspended execution at BUCKET Node ID: bucket-a2, Label: Form A2 Verification. Registered subscription on bucketId: A2
Hibernate: 
    select
        b1_0.bucket_pk,
        b1_0.active,
        b1_0.auto_actions,
        b1_0.bucket_id,
        b1_0.category,
        b1_0.created_at,
        b1_0.description,
        b1_0.name,
        b1_0.owner_group,
        b1_0.priority,
        b1_0.sla_hours,
        b1_0.updated_at 
    from
        buckets b1_0 
    where
        b1_0.bucket_id=?
Hibernate: 
    select
        el1_0.execution_log_pk,
        el1_0.completed_at,
        el1_0.context_id,
        el1_0.error_message,
        el1_0.execution_trace_json,
        el1_0.input_context_json,
        el1_0.outcome_bucket_id,
        el1_0.outcome_node_id,
        el1_0.outcome_node_label,
        el1_0.started_at,
        el1_0.status,
        el1_0.total_duration_ms,
        el1_0.version_number,
        el1_0.instance_id,
        el1_0.workflow_key,
        el1_0.version_id 
    from
        execution_logs el1_0 
    where
        el1_0.execution_log_pk=?
Hibernate: 
    select
        b1_0.bucket_pk,
        b1_0.active,
        b1_0.auto_actions,
        b1_0.bucket_id,
        b1_0.category,
        b1_0.created_at,
        b1_0.description,
        b1_0.name,
        b1_0.owner_group,
        b1_0.priority,
        b1_0.sla_hours,
        b1_0.updated_at 
    from
        buckets b1_0 
    where
        b1_0.bucket_id=?
Hibernate: 
    select
        be1_0.bucket_execution_pk,
        be1_0.bucket_id,
        be1_0.bucket_name,
        be1_0.created_at,
        be1_0.execution_log_id,
        be1_0.priority,
        be1_0.resolution_notes,
        be1_0.resolved_at,
        be1_0.resolved_by,
        be1_0.sla_hours,
        be1_0.status,
        be1_0.instance_id,
        be1_0.workflow_key 
    from
        bucket_executions be1_0 
    where
        be1_0.bucket_execution_pk=?
2026-06-16 15:20:52.108 [main] WARN  com.enterprise.atlas.workflow.event.BucketEventListener.handleBucketReady [BucketEventListener.java:36] - KafkaTemplate not available. Skipping publishing BucketReadyEvent for bucketId=A2
Hibernate: 
    insert 
    into
        task_instances
        (completed_at, input_data, label, output_data, started_at, status, task_type, instance_id, task_instance_pk) 
    values
        (?, ?, ?, ?, ?, ?, ?, ?, ?)
Hibernate: 
    insert 
    into
        task_instances
        (completed_at, input_data, label, output_data, started_at, status, task_type, instance_id, task_instance_pk) 
    values
        (?, ?, ?, ?, ?, ?, ?, ?, ?)
Hibernate: 
    insert 
    into
        customer_forms
        (customer_name, form_status, updated_at, customer_form_pk) 
    values
        (?, ?, ?, ?)
Hibernate: 
    insert 
    into
        revert_status
        (bucket_id, bucket_name, completed_at, created_at, form_id, dependency_bucket_ids, previous_step_id, resolution_notes, resolved_by, status, workflow_instance_id, revert_status_pk) 
    values
        (?, ?, ?, ?, ?, ?, ?, ?, ?, ?, ?, ?)
Hibernate: 
    insert 
    into
        event_subscriptions
        (business_key, created_at, event_type, filter_attributes, status, target_node_id, instance_id, event_subscription_pk) 
    values
        (?, ?, ?, ?, ?, ?, ?, ?)
Hibernate: 
    insert 
    into
        execution_logs
        (completed_at, context_id, error_message, execution_trace_json, input_context_json, outcome_bucket_id, outcome_node_id, outcome_node_label, started_at, status, total_duration_ms, version_number, instance_id, workflow_key, version_id, execution_log_pk) 
    values
        (?, ?, ?, ?, ?, ?, ?, ?, ?, ?, ?, ?, ?, ?, ?, ?)
Hibernate: 
    insert 
    into
        bucket_executions
        (bucket_id, bucket_name, created_at, execution_log_id, priority, resolution_notes, resolved_at, resolved_by, sla_hours, status, instance_id, workflow_key, bucket_execution_pk) 
    values
        (?, ?, ?, ?, ?, ?, ?, ?, ?, ?, ?, ?, ?)
Hibernate: 
    update
        workflow_versions 
    set
        created_by=?,
        definition_json=?,
        status=?,
        updated_at=?,
        updated_by=?,
        version=?,
        workflow_definition_id=? 
    where
        workflow_version_pk=?
Hibernate: 
    update
        workflow_instances 
    set
        business_key=?,
        created_at=?,
        current_node_id=?,
        runtime_graph=?,
        serialized_context=?,
        status=?,
        updated_at=?,
        version_number=?,
        workflow_key=?,
        version_id=? 
    where
        workflow_instance_pk=?
Hibernate: 
    update
        task_instances 
    set
        completed_at=?,
        input_data=?,
        label=?,
        output_data=?,
        started_at=?,
        status=?,
        task_type=?,
        instance_id=? 
    where
        task_instance_pk=?
Hibernate: 
    update
        task_instances 
    set
        completed_at=?,
        input_data=?,
        label=?,
        output_data=?,
        started_at=?,
        status=?,
        task_type=?,
        instance_id=? 
    where
        task_instance_pk=?
Hibernate: 
    update
        customer_forms 
    set
        customer_name=?,
        form_status=?,
        updated_at=? 
    where
        customer_form_pk=?
Hibernate: 
    update
        execution_logs 
    set
        completed_at=?,
        context_id=?,
        error_message=?,
        execution_trace_json=?,
        input_context_json=?,
        outcome_bucket_id=?,
        outcome_node_id=?,
        outcome_node_label=?,
        started_at=?,
        status=?,
        total_duration_ms=?,
        version_number=?,
        instance_id=?,
        workflow_key=?,
        version_id=? 
    where
        execution_log_pk=?
Hibernate: 
    update
        workflow_versions 
    set
        created_by=?,
        definition_json=?,
        status=?,
        updated_at=?,
        updated_by=?,
        version=?,
        workflow_definition_id=? 
    where
        workflow_version_pk=?
Hibernate: 
    update
        workflow_instances 
    set
        business_key=?,
        created_at=?,
        current_node_id=?,
        runtime_graph=?,
        serialized_context=?,
        status=?,
        updated_at=?,
        version_number=?,
        workflow_key=?,
        version_id=? 
    where
        workflow_instance_pk=?
Hibernate: 
    update
        task_instances 
    set
        completed_at=?,
        input_data=?,
        label=?,
        output_data=?,
        started_at=?,
        status=?,
        task_type=?,
        instance_id=? 
    where
        task_instance_pk=?
Hibernate: 
    update
        task_instances 
    set
        completed_at=?,
        input_data=?,
        label=?,
        output_data=?,
        started_at=?,
        status=?,
        task_type=?,
        instance_id=? 
    where
        task_instance_pk=?
Hibernate: 
    update
        execution_logs 
    set
        completed_at=?,
        context_id=?,
        error_message=?,
        execution_trace_json=?,
        input_context_json=?,
        outcome_bucket_id=?,
        outcome_node_id=?,
        outcome_node_label=?,
        started_at=?,
        status=?,
        total_duration_ms=?,
        version_number=?,
        instance_id=?,
        workflow_key=?,
        version_id=? 
    where
        execution_log_pk=?
Hibernate: 
    select
        wi1_0.workflow_instance_pk,
        wi1_0.business_key,
        wi1_0.created_at,
        wi1_0.current_node_id,
        wi1_0.runtime_graph,
        wi1_0.serialized_context,
        wi1_0.status,
        wi1_0.updated_at,
        wi1_0.version_number,
        wi1_0.workflow_key,
        wi1_0.version_id 
    from
        workflow_instances wi1_0 
    where
        wi1_0.status=? 
    order by
        wi1_0.created_at desc
Hibernate: 
    update
        workflow_versions 
    set
        created_by=?,
        definition_json=?,
        status=?,
        updated_at=?,
        updated_by=?,
        version=?,
        workflow_definition_id=? 
    where
        workflow_version_pk=?
Hibernate: 
    update
        workflow_instances 
    set
        business_key=?,
        created_at=?,
        current_node_id=?,
        runtime_graph=?,
        serialized_context=?,
        status=?,
        updated_at=?,
        version_number=?,
        workflow_key=?,
        version_id=? 
    where
        workflow_instance_pk=?
Hibernate: 
    update
        task_instances 
    set
        completed_at=?,
        input_data=?,
        label=?,
        output_data=?,
        started_at=?,
        status=?,
        task_type=?,
        instance_id=? 
    where
        task_instance_pk=?
Hibernate: 
    update
        task_instances 
    set
        completed_at=?,
        input_data=?,
        label=?,
        output_data=?,
        started_at=?,
        status=?,
        task_type=?,
        instance_id=? 
    where
        task_instance_pk=?
Hibernate: 
    update
        execution_logs 
    set
        completed_at=?,
        context_id=?,
        error_message=?,
        execution_trace_json=?,
        input_context_json=?,
        outcome_bucket_id=?,
        outcome_node_id=?,
        outcome_node_label=?,
        started_at=?,
        status=?,
        total_duration_ms=?,
        version_number=?,
        instance_id=?,
        workflow_key=?,
        version_id=? 
    where
        execution_log_pk=?
Hibernate: 
    select
        el1_0.execution_log_pk,
        el1_0.completed_at,
        el1_0.context_id,
        el1_0.error_message,
        el1_0.execution_trace_json,
        el1_0.input_context_json,
        el1_0.outcome_bucket_id,
        el1_0.outcome_node_id,
        el1_0.outcome_node_label,
        el1_0.started_at,
        el1_0.status,
        el1_0.total_duration_ms,
        el1_0.version_number,
        el1_0.instance_id,
        el1_0.workflow_key,
        el1_0.version_id 
    from
        execution_logs el1_0 
    where
        el1_0.instance_id=? 
        and el1_0.status=?
Hibernate: 
    select
        rs1_0.revert_status_pk,
        rs1_0.bucket_id,
        rs1_0.bucket_name,
        rs1_0.completed_at,
        rs1_0.created_at,
        rs1_0.form_id,
        rs1_0.dependency_bucket_ids,
        rs1_0.previous_step_id,
        rs1_0.resolution_notes,
        rs1_0.resolved_by,
        rs1_0.status,
        rs1_0.workflow_instance_id 
    from
        revert_status rs1_0 
    where
        rs1_0.workflow_instance_id=? 
    order by
        rs1_0.created_at desc
2026-06-16 15:20:52.167 [main] INFO  com.enterprise.atlas.workflow.scheduler.FormApprovalScheduler.pollExternalApprovals [FormApprovalScheduler.java:91] - Scheduler detected external status transition for formId=FORM_c19d17da: 'A2 Pending' -> 'A2Reject'. Triggering resumption...
2026-06-16 15:20:52.168 [main] INFO  com.enterprise.atlas.workflow.service.BucketResolutionService.resolveBucket [BucketResolutionService.java:54] - Resolving bucket for instanceId=f1ec8a87-b560-4a50-8e65-bbe256e23ceb, bucketId=A2, outcome=Reject, resolvedBy=SchedulerPoller, notes='Detected status transition from pending bucket 'A2' to outcome status 'A2Reject''
Hibernate: 
    select
        be1_0.bucket_execution_pk,
        be1_0.bucket_id,
        be1_0.bucket_name,
        be1_0.created_at,
        be1_0.execution_log_id,
        be1_0.priority,
        be1_0.resolution_notes,
        be1_0.resolved_at,
        be1_0.resolved_by,
        be1_0.sla_hours,
        be1_0.status,
        be1_0.instance_id,
        be1_0.workflow_key 
    from
        bucket_executions be1_0 
    where
        be1_0.instance_id=? 
        and be1_0.bucket_id=? 
        and be1_0.status<>'RESOLVED'
2026-06-16 15:20:52.174 [main] INFO  com.enterprise.atlas.workflow.service.BucketResolutionService.resolveBucket [BucketResolutionService.java:59] - Found 1 pending BucketExecution record(s) to resolve
2026-06-16 15:20:52.175 [main] INFO  com.enterprise.atlas.workflow.service.BucketResolutionService.resolveBucket [BucketResolutionService.java:66] - Successfully resolved BucketExecution ID: 3e898be0-7ff2-4e41-877a-9718df0a88a6 for bucketId: A2
Hibernate: 
    select
        rs1_0.revert_status_pk,
        rs1_0.bucket_id,
        rs1_0.bucket_name,
        rs1_0.completed_at,
        rs1_0.created_at,
        rs1_0.form_id,
        rs1_0.dependency_bucket_ids,
        rs1_0.previous_step_id,
        rs1_0.resolution_notes,
        rs1_0.resolved_by,
        rs1_0.status,
        rs1_0.workflow_instance_id 
    from
        revert_status rs1_0 
    where
        rs1_0.workflow_instance_id=? 
        and rs1_0.bucket_id=? 
        and rs1_0.status=?
2026-06-16 15:20:52.178 [main] INFO  com.enterprise.atlas.workflow.service.BucketResolutionService.resolveBucket [BucketResolutionService.java:78] - Successfully completed RevertStatus ID: b89e5175-660d-4cb6-afa6-604edf30bb11 for bucketId: A2
Hibernate: 
    select
        cf1_0.customer_form_pk,
        cf1_0.customer_name,
        cf1_0.form_status,
        cf1_0.updated_at 
    from
        customer_forms cf1_0 
    where
        cf1_0.customer_form_pk=?
2026-06-16 15:20:52.180 [main] INFO  com.enterprise.atlas.workflow.service.BucketResolutionService.resolveBucket [BucketResolutionService.java:103] - No CustomerForm found with ID: BK-f1ec8a87. Skipping status update.
2026-06-16 15:20:52.180 [main] INFO  com.enterprise.atlas.workflow.service.BucketResolutionService.resolveBucket [BucketResolutionService.java:117] - Routing bucket resolution event: eventType=A2, correlationKey=BK-f1ec8a87, payload={A2_resolvedBy=SchedulerPoller, form_status=A2Reject, notes=Detected status transition from pending bucket 'A2' to outcome status 'A2Reject', A2_resolutionNotes=Detected status transition from pending bucket 'A2' to outcome status 'A2Reject', lastOutcome=Reject, resolvedBy=SchedulerPoller, lastBucketId=A2, A2_status=RESOLVED}
Hibernate: 
    select
        ed1_0.event_definition_pk,
        ed1_0.active,
        ed1_0.correlation_key_path,
        ed1_0.created_at,
        ed1_0.description,
        ed1_0.event_key,
        ed1_0.kafka_topic,
        ed1_0.name,
        ed1_0.payload_schema,
        ed1_0.updated_at 
    from
        event_definitions ed1_0 
    where
        ed1_0.event_key=?
2026-06-16 15:20:52.184 [main] INFO  com.enterprise.atlas.workflow.service.EventRoutingService.routeEvent [EventRoutingService.java:89] - Inbound event received - type: A2, originalKey: BK-f1ec8a87, resolvedKey: BK-f1ec8a87, payload: {A2_resolvedBy=SchedulerPoller, form_status=A2Reject, notes=Detected status transition from pending bucket 'A2' to outcome status 'A2Reject', A2_resolutionNotes=Detected status transition from pending bucket 'A2' to outcome status 'A2Reject', lastOutcome=Reject, resolvedBy=SchedulerPoller, lastBucketId=A2, A2_status=RESOLVED}
Hibernate: 
    select
        es1_0.event_subscription_pk,
        es1_0.business_key,
        es1_0.created_at,
        es1_0.event_type,
        es1_0.filter_attributes,
        es1_0.status,
        es1_0.target_node_id,
        es1_0.instance_id 
    from
        event_subscriptions es1_0 
    where
        es1_0.business_key=? 
        and es1_0.event_type=? 
        and es1_0.status=?
2026-06-16 15:20:52.187 [main] INFO  com.enterprise.atlas.workflow.service.EventRoutingService.routeEvent [EventRoutingService.java:100] - Found 1 active subscription(s) matching correlatedKey: BK-f1ec8a87, eventType: A2
2026-06-16 15:20:52.187 [main] INFO  com.enterprise.atlas.workflow.service.EventRoutingService.routeEvent [EventRoutingService.java:103] - Checking subscription filter matches for sub ID: e9576222-94cb-4814-ba2e-376268bcae3b, filters: {}
2026-06-16 15:20:52.187 [main] INFO  com.enterprise.atlas.workflow.service.EventRoutingService.routeEvent [EventRoutingService.java:105] - Correlation matched successfully for event subscription ID: e9576222-94cb-4814-ba2e-376268bcae3b
Hibernate: 
    update
        workflow_versions 
    set
        created_by=?,
        definition_json=?,
        status=?,
        updated_at=?,
        updated_by=?,
        version=?,
        workflow_definition_id=? 
    where
        workflow_version_pk=?
Hibernate: 
    update
        workflow_instances 
    set
        business_key=?,
        created_at=?,
        current_node_id=?,
        runtime_graph=?,
        serialized_context=?,
        status=?,
        updated_at=?,
        version_number=?,
        workflow_key=?,
        version_id=? 
    where
        workflow_instance_pk=?
Hibernate: 
    update
        task_instances 
    set
        completed_at=?,
        input_data=?,
        label=?,
        output_data=?,
        started_at=?,
        status=?,
        task_type=?,
        instance_id=? 
    where
        task_instance_pk=?
Hibernate: 
    update
        task_instances 
    set
        completed_at=?,
        input_data=?,
        label=?,
        output_data=?,
        started_at=?,
        status=?,
        task_type=?,
        instance_id=? 
    where
        task_instance_pk=?
Hibernate: 
    update
        revert_status 
    set
        bucket_id=?,
        bucket_name=?,
        completed_at=?,
        created_at=?,
        form_id=?,
        dependency_bucket_ids=?,
        previous_step_id=?,
        resolution_notes=?,
        resolved_by=?,
        status=?,
        workflow_instance_id=? 
    where
        revert_status_pk=?
Hibernate: 
    update
        event_subscriptions 
    set
        business_key=?,
        created_at=?,
        event_type=?,
        filter_attributes=?,
        status=?,
        target_node_id=?,
        instance_id=? 
    where
        event_subscription_pk=?
Hibernate: 
    update
        execution_logs 
    set
        completed_at=?,
        context_id=?,
        error_message=?,
        execution_trace_json=?,
        input_context_json=?,
        outcome_bucket_id=?,
        outcome_node_id=?,
        outcome_node_label=?,
        started_at=?,
        status=?,
        total_duration_ms=?,
        version_number=?,
        instance_id=?,
        workflow_key=?,
        version_id=? 
    where
        execution_log_pk=?
Hibernate: 
    update
        bucket_executions 
    set
        bucket_id=?,
        bucket_name=?,
        execution_log_id=?,
        priority=?,
        resolution_notes=?,
        resolved_at=?,
        resolved_by=?,
        sla_hours=?,
        status=?,
        instance_id=?,
        workflow_key=? 
    where
        bucket_execution_pk=?
Hibernate: 
    select
        ti1_0.task_instance_pk,
        ti1_0.completed_at,
        ti1_0.input_data,
        ti1_0.label,
        ti1_0.output_data,
        ti1_0.started_at,
        ti1_0.status,
        ti1_0.task_type,
        ti1_0.instance_id 
    from
        task_instances ti1_0 
    where
        ti1_0.instance_id=? 
    order by
        ti1_0.started_at
2026-06-16 15:20:52.210 [main] INFO  com.enterprise.atlas.workflow.service.EventRoutingService.routeEvent [EventRoutingService.java:134] - Marked TaskInstance f1ec8a87-b560-4a50-8e65-bbe256e23ceb_bucket-a2_1781603452035 as COMPLETED
2026-06-16 15:20:52.211 [main] INFO  com.enterprise.atlas.workflow.service.ExecutionService.resume [ExecutionService.java:326] - Resuming workflow instance. instanceId=f1ec8a87-b560-4a50-8e65-bbe256e23ceb, additionalContext={A2_resolvedBy=SchedulerPoller, form_status=A2Reject, notes=Detected status transition from pending bucket 'A2' to outcome status 'A2Reject', A2_resolutionNotes=Detected status transition from pending bucket 'A2' to outcome status 'A2Reject', lastOutcome=Reject, resolvedBy=SchedulerPoller, lastBucketId=A2, A2_status=RESOLVED}
Hibernate: 
    select
        be1_0.bucket_execution_pk,
        be1_0.bucket_id,
        be1_0.bucket_name,
        be1_0.created_at,
        be1_0.execution_log_id,
        be1_0.priority,
        be1_0.resolution_notes,
        be1_0.resolved_at,
        be1_0.resolved_by,
        be1_0.sla_hours,
        be1_0.status,
        be1_0.instance_id,
        be1_0.workflow_key 
    from
        bucket_executions be1_0 
    where
        be1_0.instance_id=? 
        and be1_0.bucket_id=? 
        and be1_0.status<>'RESOLVED'
Hibernate: 
    update
        workflow_versions 
    set
        created_by=?,
        definition_json=?,
        status=?,
        updated_at=?,
        updated_by=?,
        version=?,
        workflow_definition_id=? 
    where
        workflow_version_pk=?
Hibernate: 
    update
        workflow_instances 
    set
        business_key=?,
        created_at=?,
        current_node_id=?,
        runtime_graph=?,
        serialized_context=?,
        status=?,
        updated_at=?,
        version_number=?,
        workflow_key=?,
        version_id=? 
    where
        workflow_instance_pk=?
Hibernate: 
    update
        task_instances 
    set
        completed_at=?,
        input_data=?,
        label=?,
        output_data=?,
        started_at=?,
        status=?,
        task_type=?,
        instance_id=? 
    where
        task_instance_pk=?
Hibernate: 
    update
        task_instances 
    set
        completed_at=?,
        input_data=?,
        label=?,
        output_data=?,
        started_at=?,
        status=?,
        task_type=?,
        instance_id=? 
    where
        task_instance_pk=?
Hibernate: 
    update
        execution_logs 
    set
        completed_at=?,
        context_id=?,
        error_message=?,
        execution_trace_json=?,
        input_context_json=?,
        outcome_bucket_id=?,
        outcome_node_id=?,
        outcome_node_label=?,
        started_at=?,
        status=?,
        total_duration_ms=?,
        version_number=?,
        instance_id=?,
        workflow_key=?,
        version_id=? 
    where
        execution_log_pk=?
Hibernate: 
    update
        workflow_versions 
    set
        created_by=?,
        definition_json=?,
        status=?,
        updated_at=?,
        updated_by=?,
        version=?,
        workflow_definition_id=? 
    where
        workflow_version_pk=?
Hibernate: 
    update
        workflow_instances 
    set
        business_key=?,
        created_at=?,
        current_node_id=?,
        runtime_graph=?,
        serialized_context=?,
        status=?,
        updated_at=?,
        version_number=?,
        workflow_key=?,
        version_id=? 
    where
        workflow_instance_pk=?
Hibernate: 
    update
        task_instances 
    set
        completed_at=?,
        input_data=?,
        label=?,
        output_data=?,
        started_at=?,
        status=?,
        task_type=?,
        instance_id=? 
    where
        task_instance_pk=?
Hibernate: 
    update
        task_instances 
    set
        completed_at=?,
        input_data=?,
        label=?,
        output_data=?,
        started_at=?,
        status=?,
        task_type=?,
        instance_id=? 
    where
        task_instance_pk=?
Hibernate: 
    update
        execution_logs 
    set
        completed_at=?,
        context_id=?,
        error_message=?,
        execution_trace_json=?,
        input_context_json=?,
        outcome_bucket_id=?,
        outcome_node_id=?,
        outcome_node_label=?,
        started_at=?,
        status=?,
        total_duration_ms=?,
        version_number=?,
        instance_id=?,
        workflow_key=?,
        version_id=? 
    where
        execution_log_pk=?
Hibernate: 
    select
        el1_0.execution_log_pk,
        el1_0.completed_at,
        el1_0.context_id,
        el1_0.error_message,
        el1_0.execution_trace_json,
        el1_0.input_context_json,
        el1_0.outcome_bucket_id,
        el1_0.outcome_node_id,
        el1_0.outcome_node_label,
        el1_0.started_at,
        el1_0.status,
        el1_0.total_duration_ms,
        el1_0.version_number,
        el1_0.instance_id,
        el1_0.workflow_key,
        el1_0.version_id 
    from
        execution_logs el1_0 
    where
        el1_0.instance_id=? 
        and el1_0.status=?
2026-06-16 15:20:52.243 [main] INFO  com.enterprise.atlas.workflow.service.GraphTraversalEngine.traverse [GraphTraversalEngine.java:186] - Engine starting/resuming traversal for workflowKey=APPROVAL_TEST_WF_5ad7c74a, versionNumber=1, instanceId=f1ec8a87-b560-4a50-8e65-bbe256e23ceb, startNodeId=bucket-a2, contextId=56fbbe5d-356b-49a5-8ea7-2416db49a073
2026-06-16 15:20:52.244 [main] INFO  com.enterprise.atlas.workflow.service.GraphTraversalEngine.traverse [GraphTraversalEngine.java:884] - Engine traversing node ID: decision-1, Label: Check Outcome, Type: DECISION
Hibernate: 
    select
        ti1_0.task_instance_pk,
        ti1_0.completed_at,
        ti1_0.input_data,
        ti1_0.label,
        ti1_0.output_data,
        ti1_0.started_at,
        ti1_0.status,
        ti1_0.task_type,
        ti1_0.instance_id 
    from
        task_instances ti1_0 
    where
        ti1_0.task_instance_pk=?
2026-06-16 15:20:52.247 [main] INFO  com.enterprise.atlas.workflow.service.GraphTraversalEngine.traverse [GraphTraversalEngine.java:1040] - DECISION Node Evaluation - NodeID: decision-1, Label: Check Outcome, Field/Expr: context['form_status'], Resolved Value: A2Reject
2026-06-16 15:20:52.248 [main] INFO  com.enterprise.atlas.workflow.service.GraphTraversalEngine.traverse [GraphTraversalEngine.java:1244] - NodeID: decision-1 matched next Node ID: end-rejected via edge ID: e-reject
2026-06-16 15:20:52.248 [main] INFO  com.enterprise.atlas.workflow.service.GraphTraversalEngine.traverse [GraphTraversalEngine.java:884] - Engine traversing node ID: end-rejected, Label: Rejected Out, Type: END
Hibernate: 
    select
        ti1_0.task_instance_pk,
        ti1_0.completed_at,
        ti1_0.input_data,
        ti1_0.label,
        ti1_0.output_data,
        ti1_0.started_at,
        ti1_0.status,
        ti1_0.task_type,
        ti1_0.instance_id 
    from
        task_instances ti1_0 
    where
        ti1_0.task_instance_pk=?
2026-06-16 15:20:52.249 [main] INFO  com.enterprise.atlas.workflow.service.GraphTraversalEngine.traverse [GraphTraversalEngine.java:1226] - Reached END terminal node ID: end-rejected, Label: Rejected Out
Hibernate: 
    select
        b1_0.bucket_pk,
        b1_0.active,
        b1_0.auto_actions,
        b1_0.bucket_id,
        b1_0.category,
        b1_0.created_at,
        b1_0.description,
        b1_0.name,
        b1_0.owner_group,
        b1_0.priority,
        b1_0.sla_hours,
        b1_0.updated_at 
    from
        buckets b1_0 
    where
        b1_0.bucket_id=?
Hibernate: 
    select
        el1_0.execution_log_pk,
        el1_0.completed_at,
        el1_0.context_id,
        el1_0.error_message,
        el1_0.execution_trace_json,
        el1_0.input_context_json,
        el1_0.outcome_bucket_id,
        el1_0.outcome_node_id,
        el1_0.outcome_node_label,
        el1_0.started_at,
        el1_0.status,
        el1_0.total_duration_ms,
        el1_0.version_number,
        el1_0.instance_id,
        el1_0.workflow_key,
        el1_0.version_id 
    from
        execution_logs el1_0 
    where
        el1_0.execution_log_pk=?
Hibernate: 
    select
        es1_0.event_subscription_pk,
        es1_0.business_key,
        es1_0.created_at,
        es1_0.event_type,
        es1_0.filter_attributes,
        es1_0.status,
        es1_0.target_node_id,
        es1_0.instance_id 
    from
        event_subscriptions es1_0 
    where
        es1_0.event_type=? 
        and es1_0.status=?
Hibernate: 
    select
        es1_0.event_subscription_pk,
        es1_0.business_key,
        es1_0.created_at,
        es1_0.event_type,
        es1_0.filter_attributes,
        es1_0.status,
        es1_0.target_node_id,
        es1_0.instance_id 
    from
        event_subscriptions es1_0 
    where
        es1_0.event_type=? 
        and es1_0.status=?
2026-06-16 15:20:52.268 [main] INFO  com.enterprise.atlas.workflow.service.EventRoutingService.routeEvent [EventRoutingService.java:143] - Resumed workflow instance: f1ec8a87-b560-4a50-8e65-bbe256e23ceb successfully.
Hibernate: 
    insert 
    into
        task_instances
        (completed_at, input_data, label, output_data, started_at, status, task_type, instance_id, task_instance_pk) 
    values
        (?, ?, ?, ?, ?, ?, ?, ?, ?)
Hibernate: 
    insert 
    into
        task_instances
        (completed_at, input_data, label, output_data, started_at, status, task_type, instance_id, task_instance_pk) 
    values
        (?, ?, ?, ?, ?, ?, ?, ?, ?)
Hibernate: 
    insert 
    into
        execution_logs
        (completed_at, context_id, error_message, execution_trace_json, input_context_json, outcome_bucket_id, outcome_node_id, outcome_node_label, started_at, status, total_duration_ms, version_number, instance_id, workflow_key, version_id, execution_log_pk) 
    values
        (?, ?, ?, ?, ?, ?, ?, ?, ?, ?, ?, ?, ?, ?, ?, ?)
Hibernate: 
    update
        workflow_versions 
    set
        created_by=?,
        definition_json=?,
        status=?,
        updated_at=?,
        updated_by=?,
        version=?,
        workflow_definition_id=? 
    where
        workflow_version_pk=?
Hibernate: 
    update
        workflow_instances 
    set
        business_key=?,
        created_at=?,
        current_node_id=?,
        runtime_graph=?,
        serialized_context=?,
        status=?,
        updated_at=?,
        version_number=?,
        workflow_key=?,
        version_id=? 
    where
        workflow_instance_pk=?
Hibernate: 
    update
        task_instances 
    set
        completed_at=?,
        input_data=?,
        label=?,
        output_data=?,
        started_at=?,
        status=?,
        task_type=?,
        instance_id=? 
    where
        task_instance_pk=?
Hibernate: 
    update
        task_instances 
    set
        completed_at=?,
        input_data=?,
        label=?,
        output_data=?,
        started_at=?,
        status=?,
        task_type=?,
        instance_id=? 
    where
        task_instance_pk=?
Hibernate: 
    update
        execution_logs 
    set
        completed_at=?,
        context_id=?,
        error_message=?,
        execution_trace_json=?,
        input_context_json=?,
        outcome_bucket_id=?,
        outcome_node_id=?,
        outcome_node_label=?,
        started_at=?,
        status=?,
        total_duration_ms=?,
        version_number=?,
        instance_id=?,
        workflow_key=?,
        version_id=? 
    where
        execution_log_pk=?
Hibernate: 
    update
        task_instances 
    set
        completed_at=?,
        input_data=?,
        label=?,
        output_data=?,
        started_at=?,
        status=?,
        task_type=?,
        instance_id=? 
    where
        task_instance_pk=?
Hibernate: 
    update
        task_instances 
    set
        completed_at=?,
        input_data=?,
        label=?,
        output_data=?,
        started_at=?,
        status=?,
        task_type=?,
        instance_id=? 
    where
        task_instance_pk=?
Hibernate: 
    update
        execution_logs 
    set
        completed_at=?,
        context_id=?,
        error_message=?,
        execution_trace_json=?,
        input_context_json=?,
        outcome_bucket_id=?,
        outcome_node_id=?,
        outcome_node_label=?,
        started_at=?,
        status=?,
        total_duration_ms=?,
        version_number=?,
        instance_id=?,
        workflow_key=?,
        version_id=? 
    where
        execution_log_pk=?
Hibernate: 
    select
        el1_0.execution_log_pk,
        el1_0.completed_at,
        el1_0.context_id,
        el1_0.error_message,
        el1_0.execution_trace_json,
        el1_0.input_context_json,
        el1_0.outcome_bucket_id,
        el1_0.outcome_node_id,
        el1_0.outcome_node_label,
        el1_0.started_at,
        el1_0.status,
        el1_0.total_duration_ms,
        el1_0.version_number,
        el1_0.instance_id,
        el1_0.workflow_key,
        el1_0.version_id 
    from
        execution_logs el1_0 
    where
        el1_0.instance_id=? 
        and el1_0.status=?
Hibernate: 
    select
        rs1_0.revert_status_pk,
        rs1_0.bucket_id,
        rs1_0.bucket_name,
        rs1_0.completed_at,
        rs1_0.created_at,
        rs1_0.form_id,
        rs1_0.dependency_bucket_ids,
        rs1_0.previous_step_id,
        rs1_0.resolution_notes,
        rs1_0.resolved_by,
        rs1_0.status,
        rs1_0.workflow_instance_id 
    from
        revert_status rs1_0 
    where
        rs1_0.workflow_instance_id=? 
    order by
        rs1_0.created_at desc
Hibernate: 
    select
        cf1_0.customer_form_pk,
        cf1_0.customer_name,
        cf1_0.form_status,
        cf1_0.updated_at 
    from
        customer_forms cf1_0 
    where
        cf1_0.customer_form_pk=?
Hibernate: 
    select
        rs1_0.revert_status_pk,
        rs1_0.bucket_id,
        rs1_0.bucket_name,
        rs1_0.completed_at,
        rs1_0.created_at,
        rs1_0.form_id,
        rs1_0.dependency_bucket_ids,
        rs1_0.previous_step_id,
        rs1_0.resolution_notes,
        rs1_0.resolved_by,
        rs1_0.status,
        rs1_0.workflow_instance_id 
    from
        revert_status rs1_0 
    where
        rs1_0.workflow_instance_id=? 
    order by
        rs1_0.created_at desc
]]></system-out>
    <system-err><![CDATA[Jun 16, 2026 3:20:40 PM org.junit.platform.launcher.core.LauncherConfigurationParameters loadClasspathResource
WARNING: Discovered 2 'junit-platform.properties' configuration files in the classpath; only the first will be used.
Jun 16, 2026 3:20:40 PM org.junit.platform.launcher.core.LauncherConfigurationParameters loadClasspathResource
WARNING: Discovered 2 'junit-platform.properties' configuration files in the classpath; only the first will be used.
Jun 16, 2026 3:20:40 PM org.junit.platform.launcher.core.LauncherConfigurationParameters loadClasspathResource
WARNING: Discovered 2 'junit-platform.properties' configuration files in the classpath; only the first will be used.
Jun 16, 2026 3:20:40 PM org.junit.platform.launcher.core.LauncherConfigurationParameters loadClasspathResource
WARNING: Discovered 2 'junit-platform.properties' configuration files in the classpath; only the first will be used.
Jun 16, 2026 3:20:40 PM org.junit.platform.launcher.core.LauncherConfigurationParameters loadClasspathResource
WARNING: Discovered 2 'junit-platform.properties' configuration files in the classpath; only the first will be used.
Jun 16, 2026 3:20:41 PM org.junit.platform.launcher.core.LauncherConfigurationParameters loadClasspathResource
WARNING: Discovered 2 'junit-platform.properties' configuration files in the classpath; only the first will be used.
Jun 16, 2026 3:20:41 PM org.junit.platform.launcher.core.LauncherConfigurationParameters loadClasspathResource
WARNING: Discovered 2 'junit-platform.properties' configuration files in the classpath; only the first will be used.
Jun 16, 2026 3:20:41 PM org.junit.platform.launcher.core.LauncherConfigurationParameters loadClasspathResource
WARNING: Discovered 2 'junit-platform.properties' configuration files in the classpath; only the first will be used.
WARNING: A Java agent has been loaded dynamically (C:\Users\hemant\.m2\repository\net\bytebuddy\byte-buddy-agent\1.14.19\byte-buddy-agent-1.14.19.jar)
WARNING: If a serviceability tool is in use, please run with -XX:+EnableDynamicAgentLoading to hide this warning
WARNING: If a serviceability tool is not in use, please run with -Djdk.instrument.traceUsage for more information
WARNING: Dynamic loading of agents will be disallowed by default in a future release
]]></system-err>
  </testcase>
  <testcase name="testBucketEntryAndStatusChange" classname="com.enterprise.atlas.workflow.service.BucketApprovalIntegrationTest" time="0.104">
    <system-out><![CDATA[Hibernate: 
    select
        wd1_0.workflow_definition_pk 
    from
        workflow_definitions wd1_0 
    where
        wd1_0.wf_key=? 
    fetch
        first ? rows only
Hibernate: 
    select
        wd1_0.workflow_definition_pk,
        wd1_0.active_version,
        wd1_0.created_at,
        wd1_0.description,
        wd1_0.wf_key,
        wd1_0.name,
        wd1_0.updated_at,
        v1_0.workflow_definition_id,
        v1_0.workflow_version_pk,
        v1_0.created_at,
        v1_0.created_by,
        v1_0.definition_json,
        v1_0.status,
        v1_0.updated_at,
        v1_0.updated_by,
        v1_0.version 
    from
        workflow_definitions wd1_0 
    left join
        workflow_versions v1_0 
            on wd1_0.workflow_definition_pk=v1_0.workflow_definition_id 
    where
        wd1_0.workflow_definition_pk=? 
    order by
        v1_0.version
Hibernate: 
    insert 
    into
        workflow_definitions
        (active_version, created_at, description, wf_key, name, updated_at, workflow_definition_pk) 
    values
        (?, ?, ?, ?, ?, ?, ?)
Hibernate: 
    select
        coalesce(max(wv1_0.version), 0) 
    from
        workflow_versions wv1_0 
    where
        wv1_0.workflow_definition_id=?
Hibernate: 
    select
        wv1_0.workflow_version_pk,
        wv1_0.created_at,
        wv1_0.created_by,
        wv1_0.definition_json,
        wv1_0.status,
        wv1_0.updated_at,
        wv1_0.updated_by,
        wv1_0.version,
        wv1_0.workflow_definition_id 
    from
        workflow_versions wv1_0 
    where
        wv1_0.workflow_version_pk=?
Hibernate: 
    insert 
    into
        workflow_versions
        (created_at, created_by, definition_json, status, updated_at, updated_by, version, workflow_definition_id, workflow_version_pk) 
    values
        (?, ?, ?, ?, ?, ?, ?, ?, ?)
Hibernate: 
    update
        workflow_definitions 
    set
        active_version=?,
        description=?,
        wf_key=?,
        name=?,
        updated_at=? 
    where
        workflow_definition_pk=?
Hibernate: 
    update
        workflow_versions 
    set
        created_by=?,
        definition_json=?,
        status=?,
        updated_at=?,
        updated_by=?,
        version=?,
        workflow_definition_id=? 
    where
        workflow_version_pk=?
Hibernate: 
    select
        wd1_0.workflow_definition_pk,
        wd1_0.active_version,
        wd1_0.created_at,
        wd1_0.description,
        wd1_0.wf_key,
        wd1_0.name,
        wd1_0.updated_at 
    from
        workflow_definitions wd1_0 
    where
        wd1_0.wf_key=?
Hibernate: 
    update
        workflow_versions 
    set
        created_by=?,
        definition_json=?,
        status=?,
        updated_at=?,
        updated_by=?,
        version=?,
        workflow_definition_id=? 
    where
        workflow_version_pk=?
Hibernate: 
    select
        wv1_0.workflow_version_pk,
        wv1_0.created_at,
        wv1_0.created_by,
        wv1_0.definition_json,
        wv1_0.status,
        wv1_0.updated_at,
        wv1_0.updated_by,
        wv1_0.version,
        wv1_0.workflow_definition_id 
    from
        workflow_versions wv1_0 
    where
        wv1_0.workflow_definition_id=? 
        and wv1_0.version=?
2026-06-16 15:20:52.358 [main] INFO  com.enterprise.atlas.workflow.service.ExecutionService.execute [ExecutionService.java:169] - Starting workflow execution. workflowKey=APPROVAL_TEST_WF_e174f094, version=1, contextId=FORM_1571d787, businessKey=BK-d2382e05, context={}
Hibernate: 
    select
        wi1_0.workflow_instance_pk,
        wi1_0.business_key,
        wi1_0.created_at,
        wi1_0.current_node_id,
        wi1_0.runtime_graph,
        wi1_0.serialized_context,
        wi1_0.status,
        wi1_0.updated_at,
        wi1_0.version_number,
        wi1_0.workflow_key,
        wi1_0.version_id 
    from
        workflow_instances wi1_0 
    where
        wi1_0.workflow_instance_pk=?
Hibernate: 
    insert 
    into
        workflow_instances
        (business_key, created_at, current_node_id, runtime_graph, serialized_context, status, updated_at, version_number, workflow_key, version_id, workflow_instance_pk) 
    values
        (?, ?, ?, ?, ?, ?, ?, ?, ?, ?, ?)
Hibernate: 
    update
        workflow_versions 
    set
        created_by=?,
        definition_json=?,
        status=?,
        updated_at=?,
        updated_by=?,
        version=?,
        workflow_definition_id=? 
    where
        workflow_version_pk=?
Hibernate: 
    select
        cs1_0.context_schema_pk,
        cs1_0.created_at,
        cs1_0.description,
        cs1_0.name,
        cs1_0.updated_at,
        cs1_0.workflow_key 
    from
        context_schemas cs1_0 
    where
        cs1_0.workflow_key=?
2026-06-16 15:20:52.370 [main] WARN  com.enterprise.atlas.workflow.service.ExecutionService.execute [ExecutionService.java:189] - Workflow pre-flight schema validation warnings/failures for workflowKey=APPROVAL_TEST_WF_e174f094: com.enterprise.atlas.common.dto.ValidationResultDto@2bb480d0
2026-06-16 15:20:52.370 [main] INFO  com.enterprise.atlas.workflow.service.GraphTraversalEngine.traverse [GraphTraversalEngine.java:186] - Engine starting/resuming traversal for workflowKey=APPROVAL_TEST_WF_e174f094, versionNumber=1, instanceId=d2382e05-67b1-49c7-a9cd-9f3290ba121e, startNodeId=null, contextId=FORM_1571d787
2026-06-16 15:20:52.371 [main] INFO  com.enterprise.atlas.workflow.service.GraphTraversalEngine.traverse [GraphTraversalEngine.java:884] - Engine traversing node ID: start-1, Label: Start, Type: START
Hibernate: 
    select
        ti1_0.task_instance_pk,
        ti1_0.completed_at,
        ti1_0.input_data,
        ti1_0.label,
        ti1_0.output_data,
        ti1_0.started_at,
        ti1_0.status,
        ti1_0.task_type,
        ti1_0.instance_id 
    from
        task_instances ti1_0 
    where
        ti1_0.task_instance_pk=?
2026-06-16 15:20:52.373 [main] INFO  com.enterprise.atlas.workflow.service.GraphTraversalEngine.traverse [GraphTraversalEngine.java:1244] - NodeID: start-1 matched next Node ID: bucket-a2 via edge ID: e-1
2026-06-16 15:20:52.374 [main] INFO  com.enterprise.atlas.workflow.service.GraphTraversalEngine.traverse [GraphTraversalEngine.java:884] - Engine traversing node ID: bucket-a2, Label: Form A2 Verification, Type: BUCKET
Hibernate: 
    select
        ti1_0.task_instance_pk,
        ti1_0.completed_at,
        ti1_0.input_data,
        ti1_0.label,
        ti1_0.output_data,
        ti1_0.started_at,
        ti1_0.status,
        ti1_0.task_type,
        ti1_0.instance_id 
    from
        task_instances ti1_0 
    where
        ti1_0.task_instance_pk=?
Hibernate: 
    select
        cf1_0.customer_form_pk,
        cf1_0.customer_name,
        cf1_0.form_status,
        cf1_0.updated_at 
    from
        customer_forms cf1_0 
    where
        cf1_0.customer_form_pk=?
Hibernate: 
    select
        cf1_0.customer_form_pk,
        cf1_0.customer_name,
        cf1_0.form_status,
        cf1_0.updated_at 
    from
        customer_forms cf1_0 
    where
        cf1_0.customer_form_pk=?
2026-06-16 15:20:52.376 [main] INFO  com.enterprise.atlas.workflow.service.GraphTraversalEngine.createBucketRevertStatusAndFormPending [GraphTraversalEngine.java:1380] - Created CustomerForm and updated status to 'A2 Pending' for formId=FORM_1571d787
Hibernate: 
    select
        rs1_0.revert_status_pk,
        rs1_0.bucket_id,
        rs1_0.bucket_name,
        rs1_0.completed_at,
        rs1_0.created_at,
        rs1_0.form_id,
        rs1_0.dependency_bucket_ids,
        rs1_0.previous_step_id,
        rs1_0.resolution_notes,
        rs1_0.resolved_by,
        rs1_0.status,
        rs1_0.workflow_instance_id 
    from
        revert_status rs1_0 
    where
        rs1_0.workflow_instance_id=? 
    order by
        rs1_0.created_at desc
Hibernate: 
    select
        rs1_0.revert_status_pk,
        rs1_0.bucket_id,
        rs1_0.bucket_name,
        rs1_0.completed_at,
        rs1_0.created_at,
        rs1_0.form_id,
        rs1_0.dependency_bucket_ids,
        rs1_0.previous_step_id,
        rs1_0.resolution_notes,
        rs1_0.resolved_by,
        rs1_0.status,
        rs1_0.workflow_instance_id 
    from
        revert_status rs1_0 
    where
        rs1_0.workflow_instance_id=? 
        and rs1_0.bucket_id=? 
        and rs1_0.status=?
Hibernate: 
    select
        rs1_0.revert_status_pk,
        rs1_0.bucket_id,
        rs1_0.bucket_name,
        rs1_0.completed_at,
        rs1_0.created_at,
        rs1_0.form_id,
        rs1_0.dependency_bucket_ids,
        rs1_0.previous_step_id,
        rs1_0.resolution_notes,
        rs1_0.resolved_by,
        rs1_0.status,
        rs1_0.workflow_instance_id 
    from
        revert_status rs1_0 
    where
        rs1_0.revert_status_pk=?
2026-06-16 15:20:52.384 [main] INFO  com.enterprise.atlas.workflow.service.GraphTraversalEngine.createBucketRevertStatusAndFormPending [GraphTraversalEngine.java:1424] - Created PENDING RevertStatus entry for bucketId=A2, instanceId=d2382e05-67b1-49c7-a9cd-9f3290ba121e, previousStepId=null
Hibernate: 
    select
        es1_0.event_subscription_pk,
        es1_0.business_key,
        es1_0.created_at,
        es1_0.event_type,
        es1_0.filter_attributes,
        es1_0.status,
        es1_0.target_node_id,
        es1_0.instance_id 
    from
        event_subscriptions es1_0 
    where
        es1_0.business_key=? 
        and es1_0.event_type=? 
        and es1_0.status=?
Hibernate: 
    select
        es1_0.event_subscription_pk,
        es1_0.business_key,
        es1_0.created_at,
        es1_0.event_type,
        es1_0.filter_attributes,
        es1_0.status,
        es1_0.target_node_id,
        es1_0.instance_id 
    from
        event_subscriptions es1_0 
    where
        es1_0.event_subscription_pk=?
2026-06-16 15:20:52.389 [main] INFO  com.enterprise.atlas.workflow.service.GraphTraversalEngine.createEventSubscription [GraphTraversalEngine.java:164] - Created EventSubscription for instance: d2382e05-67b1-49c7-a9cd-9f3290ba121e, eventType: A2, targetNode: bucket-a2
2026-06-16 15:20:52.389 [main] INFO  com.enterprise.atlas.workflow.service.GraphTraversalEngine.traverse [GraphTraversalEngine.java:1073] - Suspended execution at BUCKET Node ID: bucket-a2, Label: Form A2 Verification. Registered subscription on bucketId: A2
Hibernate: 
    select
        b1_0.bucket_pk,
        b1_0.active,
        b1_0.auto_actions,
        b1_0.bucket_id,
        b1_0.category,
        b1_0.created_at,
        b1_0.description,
        b1_0.name,
        b1_0.owner_group,
        b1_0.priority,
        b1_0.sla_hours,
        b1_0.updated_at 
    from
        buckets b1_0 
    where
        b1_0.bucket_id=?
Hibernate: 
    select
        el1_0.execution_log_pk,
        el1_0.completed_at,
        el1_0.context_id,
        el1_0.error_message,
        el1_0.execution_trace_json,
        el1_0.input_context_json,
        el1_0.outcome_bucket_id,
        el1_0.outcome_node_id,
        el1_0.outcome_node_label,
        el1_0.started_at,
        el1_0.status,
        el1_0.total_duration_ms,
        el1_0.version_number,
        el1_0.instance_id,
        el1_0.workflow_key,
        el1_0.version_id 
    from
        execution_logs el1_0 
    where
        el1_0.execution_log_pk=?
Hibernate: 
    select
        b1_0.bucket_pk,
        b1_0.active,
        b1_0.auto_actions,
        b1_0.bucket_id,
        b1_0.category,
        b1_0.created_at,
        b1_0.description,
        b1_0.name,
        b1_0.owner_group,
        b1_0.priority,
        b1_0.sla_hours,
        b1_0.updated_at 
    from
        buckets b1_0 
    where
        b1_0.bucket_id=?
Hibernate: 
    select
        be1_0.bucket_execution_pk,
        be1_0.bucket_id,
        be1_0.bucket_name,
        be1_0.created_at,
        be1_0.execution_log_id,
        be1_0.priority,
        be1_0.resolution_notes,
        be1_0.resolved_at,
        be1_0.resolved_by,
        be1_0.sla_hours,
        be1_0.status,
        be1_0.instance_id,
        be1_0.workflow_key 
    from
        bucket_executions be1_0 
    where
        be1_0.bucket_execution_pk=?
2026-06-16 15:20:52.402 [main] WARN  com.enterprise.atlas.workflow.event.BucketEventListener.handleBucketReady [BucketEventListener.java:36] - KafkaTemplate not available. Skipping publishing BucketReadyEvent for bucketId=A2
Hibernate: 
    insert 
    into
        task_instances
        (completed_at, input_data, label, output_data, started_at, status, task_type, instance_id, task_instance_pk) 
    values
        (?, ?, ?, ?, ?, ?, ?, ?, ?)
Hibernate: 
    insert 
    into
        task_instances
        (completed_at, input_data, label, output_data, started_at, status, task_type, instance_id, task_instance_pk) 
    values
        (?, ?, ?, ?, ?, ?, ?, ?, ?)
Hibernate: 
    insert 
    into
        customer_forms
        (customer_name, form_status, updated_at, customer_form_pk) 
    values
        (?, ?, ?, ?)
Hibernate: 
    insert 
    into
        revert_status
        (bucket_id, bucket_name, completed_at, created_at, form_id, dependency_bucket_ids, previous_step_id, resolution_notes, resolved_by, status, workflow_instance_id, revert_status_pk) 
    values
        (?, ?, ?, ?, ?, ?, ?, ?, ?, ?, ?, ?)
Hibernate: 
    insert 
    into
        event_subscriptions
        (business_key, created_at, event_type, filter_attributes, status, target_node_id, instance_id, event_subscription_pk) 
    values
        (?, ?, ?, ?, ?, ?, ?, ?)
Hibernate: 
    insert 
    into
        execution_logs
        (completed_at, context_id, error_message, execution_trace_json, input_context_json, outcome_bucket_id, outcome_node_id, outcome_node_label, started_at, status, total_duration_ms, version_number, instance_id, workflow_key, version_id, execution_log_pk) 
    values
        (?, ?, ?, ?, ?, ?, ?, ?, ?, ?, ?, ?, ?, ?, ?, ?)
Hibernate: 
    insert 
    into
        bucket_executions
        (bucket_id, bucket_name, created_at, execution_log_id, priority, resolution_notes, resolved_at, resolved_by, sla_hours, status, instance_id, workflow_key, bucket_execution_pk) 
    values
        (?, ?, ?, ?, ?, ?, ?, ?, ?, ?, ?, ?, ?)
Hibernate: 
    update
        workflow_versions 
    set
        created_by=?,
        definition_json=?,
        status=?,
        updated_at=?,
        updated_by=?,
        version=?,
        workflow_definition_id=? 
    where
        workflow_version_pk=?
Hibernate: 
    update
        workflow_instances 
    set
        business_key=?,
        created_at=?,
        current_node_id=?,
        runtime_graph=?,
        serialized_context=?,
        status=?,
        updated_at=?,
        version_number=?,
        workflow_key=?,
        version_id=? 
    where
        workflow_instance_pk=?
Hibernate: 
    update
        task_instances 
    set
        completed_at=?,
        input_data=?,
        label=?,
        output_data=?,
        started_at=?,
        status=?,
        task_type=?,
        instance_id=? 
    where
        task_instance_pk=?
Hibernate: 
    update
        task_instances 
    set
        completed_at=?,
        input_data=?,
        label=?,
        output_data=?,
        started_at=?,
        status=?,
        task_type=?,
        instance_id=? 
    where
        task_instance_pk=?
Hibernate: 
    update
        execution_logs 
    set
        completed_at=?,
        context_id=?,
        error_message=?,
        execution_trace_json=?,
        input_context_json=?,
        outcome_bucket_id=?,
        outcome_node_id=?,
        outcome_node_label=?,
        started_at=?,
        status=?,
        total_duration_ms=?,
        version_number=?,
        instance_id=?,
        workflow_key=?,
        version_id=? 
    where
        execution_log_pk=?
Hibernate: 
    select
        rs1_0.revert_status_pk,
        rs1_0.bucket_id,
        rs1_0.bucket_name,
        rs1_0.completed_at,
        rs1_0.created_at,
        rs1_0.form_id,
        rs1_0.dependency_bucket_ids,
        rs1_0.previous_step_id,
        rs1_0.resolution_notes,
        rs1_0.resolved_by,
        rs1_0.status,
        rs1_0.workflow_instance_id 
    from
        revert_status rs1_0 
    where
        rs1_0.form_id=? 
        and rs1_0.bucket_id=? 
        and rs1_0.status=?
]]></system-out>
  </testcase>
  <testcase name="testRuleNodeFalseOutcome" classname="com.enterprise.atlas.workflow.service.BucketApprovalIntegrationTest" time="0.101">
    <system-out><![CDATA[Hibernate: 
    select
        wd1_0.workflow_definition_pk 
    from
        workflow_definitions wd1_0 
    where
        wd1_0.wf_key=? 
    fetch
        first ? rows only
Hibernate: 
    select
        wd1_0.workflow_definition_pk,
        wd1_0.active_version,
        wd1_0.created_at,
        wd1_0.description,
        wd1_0.wf_key,
        wd1_0.name,
        wd1_0.updated_at,
        v1_0.workflow_definition_id,
        v1_0.workflow_version_pk,
        v1_0.created_at,
        v1_0.created_by,
        v1_0.definition_json,
        v1_0.status,
        v1_0.updated_at,
        v1_0.updated_by,
        v1_0.version 
    from
        workflow_definitions wd1_0 
    left join
        workflow_versions v1_0 
            on wd1_0.workflow_definition_pk=v1_0.workflow_definition_id 
    where
        wd1_0.workflow_definition_pk=? 
    order by
        v1_0.version
Hibernate: 
    insert 
    into
        workflow_definitions
        (active_version, created_at, description, wf_key, name, updated_at, workflow_definition_pk) 
    values
        (?, ?, ?, ?, ?, ?, ?)
Hibernate: 
    select
        coalesce(max(wv1_0.version), 0) 
    from
        workflow_versions wv1_0 
    where
        wv1_0.workflow_definition_id=?
Hibernate: 
    select
        wv1_0.workflow_version_pk,
        wv1_0.created_at,
        wv1_0.created_by,
        wv1_0.definition_json,
        wv1_0.status,
        wv1_0.updated_at,
        wv1_0.updated_by,
        wv1_0.version,
        wv1_0.workflow_definition_id 
    from
        workflow_versions wv1_0 
    where
        wv1_0.workflow_version_pk=?
Hibernate: 
    insert 
    into
        workflow_versions
        (created_at, created_by, definition_json, status, updated_at, updated_by, version, workflow_definition_id, workflow_version_pk) 
    values
        (?, ?, ?, ?, ?, ?, ?, ?, ?)
Hibernate: 
    update
        workflow_definitions 
    set
        active_version=?,
        description=?,
        wf_key=?,
        name=?,
        updated_at=? 
    where
        workflow_definition_pk=?
Hibernate: 
    update
        workflow_versions 
    set
        created_by=?,
        definition_json=?,
        status=?,
        updated_at=?,
        updated_by=?,
        version=?,
        workflow_definition_id=? 
    where
        workflow_version_pk=?
Hibernate: 
    select
        wd1_0.workflow_definition_pk 
    from
        workflow_definitions wd1_0 
    where
        wd1_0.wf_key=? 
    fetch
        first ? rows only
Hibernate: 
    select
        wd1_0.workflow_definition_pk,
        wd1_0.active_version,
        wd1_0.created_at,
        wd1_0.description,
        wd1_0.wf_key,
        wd1_0.name,
        wd1_0.updated_at,
        v1_0.workflow_definition_id,
        v1_0.workflow_version_pk,
        v1_0.created_at,
        v1_0.created_by,
        v1_0.definition_json,
        v1_0.status,
        v1_0.updated_at,
        v1_0.updated_by,
        v1_0.version 
    from
        workflow_definitions wd1_0 
    left join
        workflow_versions v1_0 
            on wd1_0.workflow_definition_pk=v1_0.workflow_definition_id 
    where
        wd1_0.workflow_definition_pk=? 
    order by
        v1_0.version
Hibernate: 
    insert 
    into
        workflow_definitions
        (active_version, created_at, description, wf_key, name, updated_at, workflow_definition_pk) 
    values
        (?, ?, ?, ?, ?, ?, ?)
Hibernate: 
    update
        workflow_versions 
    set
        created_by=?,
        definition_json=?,
        status=?,
        updated_at=?,
        updated_by=?,
        version=?,
        workflow_definition_id=? 
    where
        workflow_version_pk=?
Hibernate: 
    select
        coalesce(max(wv1_0.version), 0) 
    from
        workflow_versions wv1_0 
    where
        wv1_0.workflow_definition_id=?
Hibernate: 
    select
        wv1_0.workflow_version_pk,
        wv1_0.created_at,
        wv1_0.created_by,
        wv1_0.definition_json,
        wv1_0.status,
        wv1_0.updated_at,
        wv1_0.updated_by,
        wv1_0.version,
        wv1_0.workflow_definition_id 
    from
        workflow_versions wv1_0 
    where
        wv1_0.workflow_version_pk=?
Hibernate: 
    insert 
    into
        workflow_versions
        (created_at, created_by, definition_json, status, updated_at, updated_by, version, workflow_definition_id, workflow_version_pk) 
    values
        (?, ?, ?, ?, ?, ?, ?, ?, ?)
Hibernate: 
    update
        workflow_versions 
    set
        created_by=?,
        definition_json=?,
        status=?,
        updated_at=?,
        updated_by=?,
        version=?,
        workflow_definition_id=? 
    where
        workflow_version_pk=?
Hibernate: 
    update
        workflow_definitions 
    set
        active_version=?,
        description=?,
        wf_key=?,
        name=?,
        updated_at=? 
    where
[...]
    into
        customer_forms
        (customer_name, form_status, updated_at, customer_form_pk) 
    values
        (?, ?, ?, ?)
Hibernate: 
    insert 
    into
        revert_status
        (bucket_id, bucket_name, completed_at, created_at, form_id, dependency_bucket_ids, previous_step_id, resolution_notes, resolved_by, status, workflow_instance_id, revert_status_pk) 
    values
        (?, ?, ?, ?, ?, ?, ?, ?, ?, ?, ?, ?)
Hibernate: 
    insert 
    into
        event_subscriptions
        (business_key, created_at, event_type, filter_attributes, status, target_node_id, instance_id, event_subscription_pk) 
    values
        (?, ?, ?, ?, ?, ?, ?, ?)
Hibernate: 
    insert 
    into
        execution_logs
        (completed_at, context_id, error_message, execution_trace_json, input_context_json, outcome_bucket_id, outcome_node_id, outcome_node_label, started_at, status, total_duration_ms, version_number, instance_id, workflow_key, version_id, execution_log_pk) 
    values
        (?, ?, ?, ?, ?, ?, ?, ?, ?, ?, ?, ?, ?, ?, ?, ?)
Hibernate: 
    insert 
    into
        bucket_executions
        (bucket_id, bucket_name, created_at, execution_log_id, priority, resolution_notes, resolved_at, resolved_by, sla_hours, status, instance_id, workflow_key, bucket_execution_pk) 
    values
        (?, ?, ?, ?, ?, ?, ?, ?, ?, ?, ?, ?, ?)
Hibernate: 
    update
        workflow_versions 
    set
        created_by=?,
        definition_json=?,
        status=?,
        updated_at=?,
        updated_by=?,
        version=?,
        workflow_definition_id=? 
    where
        workflow_version_pk=?
Hibernate: 
    update
        workflow_instances 
    set
        business_key=?,
        created_at=?,
        current_node_id=?,
        runtime_graph=?,
        serialized_context=?,
        status=?,
        updated_at=?,
        version_number=?,
        workflow_key=?,
        version_id=? 
    where
        workflow_instance_pk=?
Hibernate: 
    update
        task_instances 
    set
        completed_at=?,
        input_data=?,
        label=?,
        output_data=?,
        started_at=?,
        status=?,
        task_type=?,
        instance_id=? 
    where
        task_instance_pk=?
Hibernate: 
    update
        task_instances 
    set
        completed_at=?,
        input_data=?,
        label=?,
        output_data=?,
        started_at=?,
        status=?,
        task_type=?,
        instance_id=? 
    where
        task_instance_pk=?
Hibernate: 
    update
        execution_logs 
    set
        completed_at=?,
        context_id=?,
        error_message=?,
        execution_trace_json=?,
        input_context_json=?,
        outcome_bucket_id=?,
        outcome_node_id=?,
        outcome_node_label=?,
        started_at=?,
        status=?,
        total_duration_ms=?,
        version_number=?,
        instance_id=?,
        workflow_key=?,
        version_id=? 
    where
        execution_log_pk=?
Hibernate: 
    select
        be1_0.bucket_execution_pk,
        be1_0.bucket_id,
        be1_0.bucket_name,
        be1_0.created_at,
        be1_0.execution_log_id,
        be1_0.priority,
        be1_0.resolution_notes,
        be1_0.resolved_at,
        be1_0.resolved_by,
        be1_0.sla_hours,
        be1_0.status,
        be1_0.instance_id,
        be1_0.workflow_key 
    from
        bucket_executions be1_0 
    where
        be1_0.instance_id=? 
        and be1_0.bucket_id=? 
        and be1_0.status<>'RESOLVED'
2026-06-16 15:20:52.615 [main] INFO  com.enterprise.atlas.workflow.service.BucketResolutionService.resolveBucket [BucketResolutionService.java:59] - Found 1 pending BucketExecution record(s) to resolve
2026-06-16 15:20:52.616 [main] INFO  com.enterprise.atlas.workflow.service.BucketResolutionService.resolveBucket [BucketResolutionService.java:66] - Successfully resolved BucketExecution ID: 8477dfa6-34b6-48da-9433-61aa06e98645 for bucketId: A2
Hibernate: 
    select
        rs1_0.revert_status_pk,
        rs1_0.bucket_id,
        rs1_0.bucket_name,
        rs1_0.completed_at,
        rs1_0.created_at,
        rs1_0.form_id,
        rs1_0.dependency_bucket_ids,
        rs1_0.previous_step_id,
        rs1_0.resolution_notes,
        rs1_0.resolved_by,
        rs1_0.status,
        rs1_0.workflow_instance_id 
    from
        revert_status rs1_0 
    where
        rs1_0.workflow_instance_id=? 
        and rs1_0.bucket_id=? 
        and rs1_0.status=?
2026-06-16 15:20:52.619 [main] INFO  com.enterprise.atlas.workflow.service.BucketResolutionService.resolveBucket [BucketResolutionService.java:78] - Successfully completed RevertStatus ID: e2984187-322e-4707-b62d-1a9d849302cd for bucketId: A2
Hibernate: 
    select
        cf1_0.customer_form_pk,
        cf1_0.customer_name,
        cf1_0.form_status,
        cf1_0.updated_at 
    from
        customer_forms cf1_0 
    where
        cf1_0.customer_form_pk=?
2026-06-16 15:20:52.621 [main] INFO  com.enterprise.atlas.workflow.service.BucketResolutionService.resolveBucket [BucketResolutionService.java:103] - No CustomerForm found with ID: BK-0e5b6e9d. Skipping status update.
2026-06-16 15:20:52.621 [main] INFO  com.enterprise.atlas.workflow.service.BucketResolutionService.resolveBucket [BucketResolutionService.java:117] - Routing bucket resolution event: eventType=A2, correlationKey=BK-0e5b6e9d, payload={A2_resolvedBy=ApproverBob, form_status=A2Accept, notes=Verification complete, A2_resolutionNotes=Verification complete, lastOutcome=Accept, resolvedBy=ApproverBob, lastBucketId=A2, A2_status=RESOLVED}
Hibernate: 
    select
        ed1_0.event_definition_pk,
        ed1_0.active,
        ed1_0.correlation_key_path,
        ed1_0.created_at,
        ed1_0.description,
        ed1_0.event_key,
        ed1_0.kafka_topic,
        ed1_0.name,
        ed1_0.payload_schema,
        ed1_0.updated_at 
    from
        event_definitions ed1_0 
    where
        ed1_0.event_key=?
2026-06-16 15:20:52.625 [main] INFO  com.enterprise.atlas.workflow.service.EventRoutingService.routeEvent [EventRoutingService.java:89] - Inbound event received - type: A2, originalKey: BK-0e5b6e9d, resolvedKey: BK-0e5b6e9d, payload: {A2_resolvedBy=ApproverBob, form_status=A2Accept, notes=Verification complete, A2_resolutionNotes=Verification complete, lastOutcome=Accept, resolvedBy=ApproverBob, lastBucketId=A2, A2_status=RESOLVED}
Hibernate: 
    select
        es1_0.event_subscription_pk,
        es1_0.business_key,
        es1_0.created_at,
        es1_0.event_type,
        es1_0.filter_attributes,
        es1_0.status,
        es1_0.target_node_id,
        es1_0.instance_id 
    from
        event_subscriptions es1_0 
    where
        es1_0.business_key=? 
        and es1_0.event_type=? 
        and es1_0.status=?
2026-06-16 15:20:52.628 [main] INFO  com.enterprise.atlas.workflow.service.EventRoutingService.routeEvent [EventRoutingService.java:100] - Found 1 active subscription(s) matching correlatedKey: BK-0e5b6e9d, eventType: A2
2026-06-16 15:20:52.629 [main] INFO  com.enterprise.atlas.workflow.service.EventRoutingService.routeEvent [EventRoutingService.java:103] - Checking subscription filter matches for sub ID: 212d4963-59a3-450c-9864-014e01c64d1f, filters: {}
2026-06-16 15:20:52.629 [main] INFO  com.enterprise.atlas.workflow.service.EventRoutingService.routeEvent [EventRoutingService.java:105] - Correlation matched successfully for event subscription ID: 212d4963-59a3-450c-9864-014e01c64d1f
Hibernate: 
    update
        workflow_versions 
    set
        created_by=?,
        definition_json=?,
        status=?,
        updated_at=?,
        updated_by=?,
        version=?,
        workflow_definition_id=? 
    where
        workflow_version_pk=?
Hibernate: 
    update
        workflow_instances 
    set
        business_key=?,
        created_at=?,
        current_node_id=?,
        runtime_graph=?,
        serialized_context=?,
        status=?,
        updated_at=?,
        version_number=?,
        workflow_key=?,
        version_id=? 
    where
        workflow_instance_pk=?
Hibernate: 
    update
        task_instances 
    set
        completed_at=?,
        input_data=?,
        label=?,
        output_data=?,
        started_at=?,
        status=?,
        task_type=?,
        instance_id=? 
    where
        task_instance_pk=?
Hibernate: 
    update
        task_instances 
    set
        completed_at=?,
        input_data=?,
        label=?,
        output_data=?,
        started_at=?,
        status=?,
        task_type=?,
        instance_id=? 
    where
        task_instance_pk=?
Hibernate: 
    update
        revert_status 
    set
        bucket_id=?,
        bucket_name=?,
        completed_at=?,
        created_at=?,
        form_id=?,
        dependency_bucket_ids=?,
        previous_step_id=?,
        resolution_notes=?,
        resolved_by=?,
        status=?,
        workflow_instance_id=? 
    where
        revert_status_pk=?
Hibernate: 
    update
        event_subscriptions 
    set
        business_key=?,
        created_at=?,
        event_type=?,
        filter_attributes=?,
        status=?,
        target_node_id=?,
        instance_id=? 
    where
        event_subscription_pk=?
Hibernate: 
    update
        execution_logs 
    set
        completed_at=?,
        context_id=?,
        error_message=?,
        execution_trace_json=?,
        input_context_json=?,
        outcome_bucket_id=?,
        outcome_node_id=?,
        outcome_node_label=?,
        started_at=?,
        status=?,
        total_duration_ms=?,
        version_number=?,
        instance_id=?,
        workflow_key=?,
        version_id=? 
    where
        execution_log_pk=?
Hibernate: 
    update
        bucket_executions 
    set
        bucket_id=?,
        bucket_name=?,
        execution_log_id=?,
        priority=?,
        resolution_notes=?,
        resolved_at=?,
        resolved_by=?,
        sla_hours=?,
        status=?,
        instance_id=?,
        workflow_key=? 
    where
        bucket_execution_pk=?
Hibernate: 
    select
        ti1_0.task_instance_pk,
        ti1_0.completed_at,
        ti1_0.input_data,
        ti1_0.label,
        ti1_0.output_data,
        ti1_0.started_at,
        ti1_0.status,
        ti1_0.task_type,
        ti1_0.instance_id 
    from
        task_instances ti1_0 
    where
        ti1_0.instance_id=? 
    order by
        ti1_0.started_at
2026-06-16 15:20:52.645 [main] INFO  com.enterprise.atlas.workflow.service.EventRoutingService.routeEvent [EventRoutingService.java:134] - Marked TaskInstance 0e5b6e9d-65d2-4704-8f82-91a58161169c_bucket-a2_1781603452573 as COMPLETED
2026-06-16 15:20:52.647 [main] INFO  com.enterprise.atlas.workflow.service.ExecutionService.resume [ExecutionService.java:326] - Resuming workflow instance. instanceId=0e5b6e9d-65d2-4704-8f82-91a58161169c, additionalContext={A2_resolvedBy=ApproverBob, form_status=A2Accept, notes=Verification complete, A2_resolutionNotes=Verification complete, lastOutcome=Accept, resolvedBy=ApproverBob, lastBucketId=A2, A2_status=RESOLVED}
Hibernate: 
    select
        be1_0.bucket_execution_pk,
        be1_0.bucket_id,
        be1_0.bucket_name,
        be1_0.created_at,
        be1_0.execution_log_id,
        be1_0.priority,
        be1_0.resolution_notes,
        be1_0.resolved_at,
        be1_0.resolved_by,
        be1_0.sla_hours,
        be1_0.status,
        be1_0.instance_id,
        be1_0.workflow_key 
    from
        bucket_executions be1_0 
    where
        be1_0.instance_id=? 
        and be1_0.bucket_id=? 
        and be1_0.status<>'RESOLVED'
Hibernate: 
    update
        workflow_versions 
    set
        created_by=?,
        definition_json=?,
        status=?,
        updated_at=?,
        updated_by=?,
        version=?,
        workflow_definition_id=? 
    where
        workflow_version_pk=?
Hibernate: 
    update
        workflow_instances 
    set
        business_key=?,
        created_at=?,
        current_node_id=?,
        runtime_graph=?,
        serialized_context=?,
        status=?,
        updated_at=?,
        version_number=?,
        workflow_key=?,
        version_id=? 
    where
        workflow_instance_pk=?
Hibernate: 
    update
        task_instances 
    set
        completed_at=?,
        input_data=?,
        label=?,
        output_data=?,
        started_at=?,
        status=?,
        task_type=?,
        instance_id=? 
    where
        task_instance_pk=?
Hibernate: 
    update
        task_instances 
    set
        completed_at=?,
        input_data=?,
        label=?,
        output_data=?,
        started_at=?,
        status=?,
        task_type=?,
        instance_id=? 
    where
        task_instance_pk=?
Hibernate: 
    update
        execution_logs 
    set
        completed_at=?,
        context_id=?,
        error_message=?,
        execution_trace_json=?,
        input_context_json=?,
        outcome_bucket_id=?,
        outcome_node_id=?,
        outcome_node_label=?,
        started_at=?,
        status=?,
        total_duration_ms=?,
        version_number=?,
        instance_id=?,
        workflow_key=?,
        version_id=? 
    where
        execution_log_pk=?
Hibernate: 
    update
        workflow_versions 
    set
        created_by=?,
        definition_json=?,
        status=?,
        updated_at=?,
        updated_by=?,
        version=?,
        workflow_definition_id=? 
    where
        workflow_version_pk=?
Hibernate: 
    update
        workflow_instances 
    set
        business_key=?,
        created_at=?,
        current_node_id=?,
        runtime_graph=?,
        serialized_context=?,
        status=?,
        updated_at=?,
        version_number=?,
        workflow_key=?,
        version_id=? 
    where
        workflow_instance_pk=?
Hibernate: 
    update
        task_instances 
    set
        completed_at=?,
        input_data=?,
        label=?,
        output_data=?,
        started_at=?,
        status=?,
        task_type=?,
        instance_id=? 
    where
        task_instance_pk=?
Hibernate: 
    update
        task_instances 
    set
        completed_at=?,
        input_data=?,
        label=?,
        output_data=?,
        started_at=?,
        status=?,
        task_type=?,
        instance_id=? 
    where
        task_instance_pk=?
Hibernate: 
    update
        execution_logs 
    set
        completed_at=?,
        context_id=?,
        error_message=?,
        execution_trace_json=?,
        input_context_json=?,
        outcome_bucket_id=?,
        outcome_node_id=?,
        outcome_node_label=?,
        started_at=?,
        status=?,
        total_duration_ms=?,
        version_number=?,
        instance_id=?,
        workflow_key=?,
        version_id=? 
    where
        execution_log_pk=?
Hibernate: 
    select
        el1_0.execution_log_pk,
        el1_0.completed_at,
        el1_0.context_id,
        el1_0.error_message,
        el1_0.execution_trace_json,
        el1_0.input_context_json,
        el1_0.outcome_bucket_id,
        el1_0.outcome_node_id,
        el1_0.outcome_node_label,
        el1_0.started_at,
        el1_0.status,
        el1_0.total_duration_ms,
        el1_0.version_number,
        el1_0.instance_id,
        el1_0.workflow_key,
        el1_0.version_id 
    from
        execution_logs el1_0 
    where
        el1_0.instance_id=? 
        and el1_0.status=?
2026-06-16 15:20:52.666 [main] INFO  com.enterprise.atlas.workflow.service.GraphTraversalEngine.traverse [GraphTraversalEngine.java:186] - Engine starting/resuming traversal for workflowKey=APPROVAL_TEST_WF_c462b7d4, versionNumber=1, instanceId=0e5b6e9d-65d2-4704-8f82-91a58161169c, startNodeId=bucket-a2, contextId=09772484-e7ac-4848-9427-4f52e771ebf3
2026-06-16 15:20:52.667 [main] INFO  com.enterprise.atlas.workflow.service.GraphTraversalEngine.traverse [GraphTraversalEngine.java:884] - Engine traversing node ID: decision-1, Label: Check Outcome, Type: DECISION
Hibernate: 
    select
        ti1_0.task_instance_pk,
        ti1_0.completed_at,
        ti1_0.input_data,
        ti1_0.label,
        ti1_0.output_data,
        ti1_0.started_at,
        ti1_0.status,
        ti1_0.task_type,
        ti1_0.instance_id 
    from
        task_instances ti1_0 
    where
        ti1_0.task_instance_pk=?
2026-06-16 15:20:52.669 [main] INFO  com.enterprise.atlas.workflow.service.GraphTraversalEngine.traverse [GraphTraversalEngine.java:1040] - DECISION Node Evaluation - NodeID: decision-1, Label: Check Outcome, Field/Expr: context['form_status'], Resolved Value: A2Accept
2026-06-16 15:20:52.670 [main] INFO  com.enterprise.atlas.workflow.service.GraphTraversalEngine.traverse [GraphTraversalEngine.java:1244] - NodeID: decision-1 matched next Node ID: end-approved via edge ID: e-accept
2026-06-16 15:20:52.670 [main] INFO  com.enterprise.atlas.workflow.service.GraphTraversalEngine.traverse [GraphTraversalEngine.java:884] - Engine traversing node ID: end-approved, Label: Approved Out, Type: END
Hibernate: 
    select
        ti1_0.task_instance_pk,
        ti1_0.completed_at,
        ti1_0.input_data,
        ti1_0.label,
        ti1_0.output_data,
        ti1_0.started_at,
        ti1_0.status,
        ti1_0.task_type,
        ti1_0.instance_id 
    from
        task_instances ti1_0 
    where
        ti1_0.task_instance_pk=?
2026-06-16 15:20:52.671 [main] INFO  com.enterprise.atlas.workflow.service.GraphTraversalEngine.traverse [GraphTraversalEngine.java:1226] - Reached END terminal node ID: end-approved, Label: Approved Out
Hibernate: 
    select
        b1_0.bucket_pk,
        b1_0.active,
        b1_0.auto_actions,
        b1_0.bucket_id,
        b1_0.category,
        b1_0.created_at,
        b1_0.description,
        b1_0.name,
        b1_0.owner_group,
        b1_0.priority,
        b1_0.sla_hours,
        b1_0.updated_at 
    from
        buckets b1_0 
    where
        b1_0.bucket_id=?
Hibernate: 
    select
        el1_0.execution_log_pk,
        el1_0.completed_at,
        el1_0.context_id,
        el1_0.error_message,
        el1_0.execution_trace_json,
        el1_0.input_context_json,
        el1_0.outcome_bucket_id,
        el1_0.outcome_node_id,
        el1_0.outcome_node_label,
        el1_0.started_at,
        el1_0.status,
        el1_0.total_duration_ms,
        el1_0.version_number,
        el1_0.instance_id,
        el1_0.workflow_key,
        el1_0.version_id 
    from
        execution_logs el1_0 
    where
        el1_0.execution_log_pk=?
Hibernate: 
    select
        es1_0.event_subscription_pk,
        es1_0.business_key,
        es1_0.created_at,
        es1_0.event_type,
        es1_0.filter_attributes,
        es1_0.status,
        es1_0.target_node_id,
        es1_0.instance_id 
    from
        event_subscriptions es1_0 
    where
        es1_0.event_type=? 
        and es1_0.status=?
Hibernate: 
    select
        es1_0.event_subscription_pk,
        es1_0.business_key,
        es1_0.created_at,
        es1_0.event_type,
        es1_0.filter_attributes,
        es1_0.status,
        es1_0.target_node_id,
        es1_0.instance_id 
    from
        event_subscriptions es1_0 
    where
        es1_0.event_type=? 
        and es1_0.status=?
2026-06-16 15:20:52.678 [main] INFO  com.enterprise.atlas.workflow.service.EventRoutingService.routeEvent [EventRoutingService.java:143] - Resumed workflow instance: 0e5b6e9d-65d2-4704-8f82-91a58161169c successfully.
Hibernate: 
    select
        rs1_0.revert_status_pk,
        rs1_0.bucket_id,
        rs1_0.bucket_name,
        rs1_0.completed_at,
        rs1_0.created_at,
        rs1_0.form_id,
        rs1_0.dependency_bucket_ids,
        rs1_0.previous_step_id,
        rs1_0.resolution_notes,
        rs1_0.resolved_by,
        rs1_0.status,
        rs1_0.workflow_instance_id 
    from
        revert_status rs1_0 
    where
        rs1_0.workflow_instance_id=? 
    order by
        rs1_0.created_at desc
]]></system-out>
  </testcase>
</testsuite>