<?xml version="1.0" encoding="UTF-8"?>
<testsuite xmlns:xsi="http://www.w3.org/2001/XMLSchema-instance" xsi:noNamespaceSchemaLocation="https://maven.apache.org/surefire/maven-surefire-plugin/xsd/surefire-test-report-3.0.xsd" version="3.0" name="com.enterprise.atlas.workflow.service.WorkflowServiceTest" time="0.872" tests="3" errors="0" skipped="0" failures="0">
  <properties>
[...]
</properties>
  <testcase name="testCreateWorkflowDefinition" classname="com.enterprise.atlas.workflow.service.WorkflowServiceTest" time="0.015">
    <system-out><![CDATA[2026-06-16 15:21:08.050 [main] INFO  org.springframework.test.context.support.AnnotationConfigContextLoaderUtils.detectDefaultConfigurationClasses [AnnotationConfigContextLoaderUtils.java:83] - Could not detect default configuration classes for test class [com.enterprise.atlas.workflow.service.WorkflowServiceTest]: WorkflowServiceTest does not declare any static, non-private, non-final, nested classes annotated with @Configuration.
2026-06-16 15:21:08.052 [main] INFO  org.springframework.boot.test.context.SpringBootTestContextBootstrapper.getOrFindConfigurationClasses [SpringBootTestContextBootstrapper.java:234] - Found @SpringBootConfiguration com.enterprise.atlas.workflow.WorkflowServiceApplication for test class com.enterprise.atlas.workflow.service.WorkflowServiceTest

  .   ____          _            __ _ _
 /\\ / ___'_ __ _ _(_)_ __  __ _ \ \ \ \
( ( )\___ | '_ | '_| | '_ \/ _` | \ \ \ \
 \\/  ___)| |_)| | | | | || (_| |  ) ) ) )
  '  |____| .__|_| |_|_| |_\__, | / / / /
 =========|_|==============|___/=/_/_/_/

 :: Spring Boot ::                (v3.3.4)

2026-06-16 15:21:08.105 [main] INFO  com.enterprise.atlas.workflow.service.WorkflowServiceTest.logStarting [StartupInfoLogger.java:50] - Starting WorkflowServiceTest using Java 24.0.2 with PID 10096 (started by hemant in C:\Users\hemant\Desktop\Projects\state-machine-engine\atlas-workflow-service)
2026-06-16 15:21:08.105 [main] INFO  com.enterprise.atlas.workflow.service.WorkflowServiceTest.logStartupProfileInfo [SpringApplication.java:660] - The following 1 profile is active: "test"
2026-06-16 15:21:08.232 [main] INFO  org.springframework.data.repository.config.RepositoryConfigurationDelegate.registerRepositoriesIn [RepositoryConfigurationDelegate.java:143] - Bootstrapping Spring Data JPA repositories in DEFAULT mode.
2026-06-16 15:21:08.247 [main] INFO  org.springframework.data.repository.config.RepositoryConfigurationDelegate.registerRepositoriesIn [RepositoryConfigurationDelegate.java:211] - Finished Spring Data repository scanning in 14 ms. Found 15 JPA repository interfaces.
2026-06-16 15:21:08.317 [main] INFO  com.enterprise.atlas.workflow.config.DatabaseMigrationRunner.migrate [DatabaseMigrationRunner.java:24] - Starting database schema migration check...
2026-06-16 15:21:08.317 [main] INFO  com.zaxxer.hikari.HikariDataSource.getConnection [HikariDataSource.java:109] - HikariPool-5 - Starting...
2026-06-16 15:21:08.319 [main] INFO  com.zaxxer.hikari.pool.HikariPool.checkFailFast [HikariPool.java:554] - HikariPool-5 - Added connection conn41: url=jdbc:h2:file:./data/atlasdb user=SA
2026-06-16 15:21:08.319 [main] INFO  com.zaxxer.hikari.HikariDataSource.getConnection [HikariDataSource.java:122] - HikariPool-5 - Start completed.
2026-06-16 15:21:08.328 [main] INFO  com.enterprise.atlas.workflow.config.DatabaseMigrationRunner.cleanOrphanedData [DatabaseMigrationRunner.java:94] - Cleaning up orphaned records before constraint creation...
2026-06-16 15:21:08.328 [main] INFO  com.enterprise.atlas.workflow.config.DatabaseMigrationRunner.autoCleanOrphans [DatabaseMigrationRunner.java:116] - Cleaning up orphans in bucket_executions on column execution_log_id...
2026-06-16 15:21:08.330 [main] INFO  com.enterprise.atlas.workflow.config.DatabaseMigrationRunner.autoCleanOrphans [DatabaseMigrationRunner.java:116] - Cleaning up orphans in bucket_executions on column instance_id...
2026-06-16 15:21:08.330 [main] INFO  com.enterprise.atlas.workflow.config.DatabaseMigrationRunner.autoCleanOrphans [DatabaseMigrationRunner.java:116] - Cleaning up orphans in workflow_instances on column version_id...
2026-06-16 15:21:08.331 [main] INFO  com.enterprise.atlas.workflow.config.DatabaseMigrationRunner.autoCleanOrphans [DatabaseMigrationRunner.java:116] - Cleaning up orphans in execution_logs on column version_id...
2026-06-16 15:21:08.331 [main] INFO  com.enterprise.atlas.workflow.config.DatabaseMigrationRunner.autoCleanOrphans [DatabaseMigrationRunner.java:116] - Cleaning up orphans in execution_logs on column instance_id...
2026-06-16 15:21:08.332 [main] INFO  com.enterprise.atlas.workflow.config.DatabaseMigrationRunner.autoCleanOrphans [DatabaseMigrationRunner.java:116] - Cleaning up orphans in revert_status on column workflow_instance_id...
2026-06-16 15:21:08.332 [main] INFO  com.enterprise.atlas.workflow.config.DatabaseMigrationRunner.autoCleanOrphans [DatabaseMigrationRunner.java:116] - Cleaning up orphans in revert_status on column form_id...
2026-06-16 15:21:08.333 [main] INFO  com.enterprise.atlas.workflow.config.DatabaseMigrationRunner.cleanOrphanedData [DatabaseMigrationRunner.java:107] - Cleaning up invalid integration_id references in context_fields...
2026-06-16 15:21:08.333 [main] INFO  com.enterprise.atlas.workflow.config.DatabaseMigrationRunner.healWorkloadDataInconsistency [DatabaseMigrationRunner.java:140] - Healing bucket executions for completed workflow instances...
2026-06-16 15:21:08.333 [main] INFO  com.enterprise.atlas.workflow.config.DatabaseMigrationRunner.healWorkloadDataInconsistency [DatabaseMigrationRunner.java:153] - Healing bucket executions for completed reverts...
2026-06-16 15:21:08.335 [main] INFO  com.enterprise.atlas.workflow.config.DatabaseMigrationRunner.alterColumnLengthIfExist [DatabaseMigrationRunner.java:173] - Altering column task_instances.task_instance_pk length to 255...
2026-06-16 15:21:08.340 [main] INFO  com.enterprise.atlas.workflow.config.DatabaseMigrationRunner.alterColumnLengthIfExist [DatabaseMigrationRunner.java:179] - Successfully altered column task_instances.task_instance_pk length to 255.
2026-06-16 15:21:08.341 [main] INFO  com.enterprise.atlas.workflow.config.DatabaseMigrationRunner.migrate [DatabaseMigrationRunner.java:66] - Database schema migration check completed successfully.
2026-06-16 15:21:08.351 [main] INFO  org.hibernate.jpa.internal.util.LogHelper.logPersistenceUnitInformation [LogHelper.java:31] - HHH000204: Processing PersistenceUnitInfo [name: default]
2026-06-16 15:21:08.354 [main] INFO  org.hibernate.cache.internal.RegionFactoryInitiator.initiateService [RegionFactoryInitiator.java:50] - HHH000026: Second-level cache disabled
2026-06-16 15:21:08.364 [main] INFO  org.springframework.orm.jpa.persistenceunit.SpringPersistenceUnitInfo.addTransformer [SpringPersistenceUnitInfo.java:87] - No LoadTimeWeaver setup: ignoring JPA class transformer
2026-06-16 15:21:08.365 [main] WARN  org.hibernate.orm.deprecation.constructDialect [DialectFactoryImpl.java:153] - HHH90000025: H2Dialect does not need to be specified explicitly using 'hibernate.dialect' (remove the property setting and it will be selected by default)
2026-06-16 15:21:08.491 [SessionTracker] INFO  org.apache.zookeeper.server.SessionTrackerImpl.run [SessionTrackerImpl.java:176] - SessionTrackerImpl exited loop!
2026-06-16 15:21:08.601 [main] INFO  org.hibernate.engine.transaction.jta.platform.internal.JtaPlatformInitiator.initiateService [JtaPlatformInitiator.java:59] - HHH000489: No JTA platform available (set 'hibernate.transaction.jta.platform' to enable JTA platform integration)
Hibernate: 
    alter table if exists buckets 
       drop constraint if exists idx_bucket_id_key
Hibernate: 
    alter table if exists buckets 
       add constraint idx_bucket_id_key unique (bucket_id)
Hibernate: 
    alter table if exists context_schemas 
       drop constraint if exists idx_ctx_schema_key
Hibernate: 
    alter table if exists context_schemas 
       add constraint idx_ctx_schema_key unique (workflow_key)
Hibernate: 
    alter table if exists event_definitions 
       drop constraint if exists idx_event_def_key
Hibernate: 
    alter table if exists event_definitions 
       add constraint idx_event_def_key unique (event_key)
Hibernate: 
    alter table if exists integration_registry 
       drop constraint if exists idx_int_key
Hibernate: 
    alter table if exists integration_registry 
       add constraint idx_int_key unique (integration_key)
Hibernate: 
    alter table if exists rules 
       drop constraint if exists idx_rule_key
Hibernate: 
    alter table if exists rules 
       add constraint idx_rule_key unique (rule_key)
Hibernate: 
    alter table if exists workflow_definitions 
       drop constraint if exists idx_wf_def_key
Hibernate: 
    alter table if exists workflow_definitions 
       add constraint idx_wf_def_key unique (wf_key)
Hibernate: 
    alter table if exists workflow_versions 
       drop constraint if exists uq_wf_version
Hibernate: 
    alter table if exists workflow_versions 
       add constraint uq_wf_version unique (workflow_definition_id, version)
2026-06-16 15:21:08.612 [main] INFO  org.springframework.orm.jpa.LocalContainerEntityManagerFactoryBean.buildNativeEntityManagerFactory [AbstractEntityManagerFactoryBean.java:437] - Initialized JPA EntityManagerFactory for persistence unit 'default'
2026-06-16 15:21:08.784 [main] WARN  org.springframework.boot.autoconfigure.orm.jpa.JpaBaseConfiguration$JpaWebConfiguration.openEntityManagerInViewInterceptor [JpaBaseConfiguration.java:236] - spring.jpa.open-in-view is enabled by default. Therefore, database queries may be performed during view rendering. Explicitly configure spring.jpa.open-in-view to disable this warning
2026-06-16 15:21:08.858 [main] INFO  org.springframework.boot.autoconfigure.h2.H2ConsoleAutoConfiguration.logDataSources [H2ConsoleAutoConfiguration.java:88] - H2 console available at '/h2-console'. Database available at 'jdbc:h2:file:./data/atlasdb'
2026-06-16 15:21:08.870 [main] INFO  com.enterprise.atlas.workflow.service.WorkflowServiceTest.logStarted [StartupInfoLogger.java:56] - Started WorkflowServiceTest in 0.814 seconds (process running for 28.561)
Hibernate: 
    select
        wi1_0.workflow_instance_pk,
        wi1_0.business_key,
        wi1_0.created_at,
        wi1_0.current_node_id,
        wi1_0.runtime_graph,
        wi1_0.serialized_context,
        wi1_0.status,
        wi1_0.updated_at,
        wi1_0.version_number,
        wi1_0.workflow_key,
        wi1_0.version_id 
    from
        workflow_instances wi1_0 
    where
        wi1_0.status=? 
    order by
        wi1_0.created_at desc
Hibernate: 
    select
        wd1_0.workflow_definition_pk 
    from
        workflow_definitions wd1_0 
    where
        wd1_0.wf_key=? 
    fetch
        first ? rows only
Hibernate: 
    select
        el1_0.execution_log_pk,
        el1_0.completed_at,
        el1_0.context_id,
        el1_0.error_message,
        el1_0.execution_trace_json,
        el1_0.input_context_json,
        el1_0.outcome_bucket_id,
        el1_0.outcome_node_id,
        el1_0.outcome_node_label,
        el1_0.started_at,
        el1_0.status,
        el1_0.total_duration_ms,
        el1_0.version_number,
        el1_0.instance_id,
        el1_0.workflow_key,
        el1_0.version_id 
    from
        execution_logs el1_0 
    where
        el1_0.instance_id=? 
        and el1_0.status=?
Hibernate: 
    select
        wd1_0.workflow_definition_pk,
        wd1_0.active_version,
        wd1_0.created_at,
        wd1_0.description,
        wd1_0.wf_key,
        wd1_0.name,
        wd1_0.updated_at,
        v1_0.workflow_definition_id,
        v1_0.workflow_version_pk,
        v1_0.created_at,
        v1_0.created_by,
        v1_0.definition_json,
        v1_0.status,
        v1_0.updated_at,
        v1_0.updated_by,
        v1_0.version 
    from
        workflow_definitions wd1_0 
    left join
        workflow_versions v1_0 
            on wd1_0.workflow_definition_pk=v1_0.workflow_definition_id 
    where
        wd1_0.workflow_definition_pk=? 
    order by
        v1_0.version
Hibernate: 
    select
        rs1_0.revert_status_pk,
        rs1_0.bucket_id,
        rs1_0.bucket_name,
        rs1_0.completed_at,
        rs1_0.created_at,
        rs1_0.form_id,
        rs1_0.dependency_bucket_ids,
        rs1_0.previous_step_id,
        rs1_0.resolution_notes,
        rs1_0.resolved_by,
        rs1_0.status,
        rs1_0.workflow_instance_id 
    from
        revert_status rs1_0 
    where
        rs1_0.workflow_instance_id=? 
    order by
        rs1_0.created_at desc
Hibernate: 
    select
        cf1_0.customer_form_pk,
        cf1_0.customer_name,
        cf1_0.form_status,
        cf1_0.updated_at 
    from
        customer_forms cf1_0 
    where
        cf1_0.customer_form_pk=?
Hibernate: 
    insert 
    into
        workflow_definitions
        (active_version, created_at, description, wf_key, name, updated_at, workflow_definition_pk) 
    values
        (?, ?, ?, ?, ?, ?, ?)
Hibernate: 
    select
        coalesce(max(wv1_0.version), 0) 
    from
        workflow_versions wv1_0 
    where
        wv1_0.workflow_definition_id=?
Hibernate: 
    select
        wv1_0.workflow_version_pk,
        wv1_0.created_at,
        wv1_0.created_by,
        wv1_0.definition_json,
        wv1_0.status,
        wv1_0.updated_at,
        wv1_0.updated_by,
        wv1_0.version,
        wv1_0.workflow_definition_id 
    from
        workflow_versions wv1_0 
    where
        wv1_0.workflow_version_pk=?
]]></system-out>
  </testcase>
  <testcase name="testUpdateDraftVersionAndImmutability" classname="com.enterprise.atlas.workflow.service.WorkflowServiceTest" time="0.015">
    <system-out><![CDATA[Hibernate: 
    select
        wd1_0.workflow_definition_pk 
    from
        workflow_definitions wd1_0 
    where
        wd1_0.wf_key=? 
    fetch
        first ? rows only
Hibernate: 
    select
        wd1_0.workflow_definition_pk,
        wd1_0.active_version,
        wd1_0.created_at,
        wd1_0.description,
        wd1_0.wf_key,
        wd1_0.name,
        wd1_0.updated_at,
        v1_0.workflow_definition_id,
        v1_0.workflow_version_pk,
        v1_0.created_at,
        v1_0.created_by,
        v1_0.definition_json,
        v1_0.status,
        v1_0.updated_at,
        v1_0.updated_by,
        v1_0.version 
    from
        workflow_definitions wd1_0 
    left join
        workflow_versions v1_0 
            on wd1_0.workflow_definition_pk=v1_0.workflow_definition_id 
    where
        wd1_0.workflow_definition_pk=? 
    order by
        v1_0.version
Hibernate: 
    insert 
    into
        workflow_definitions
        (active_version, created_at, description, wf_key, name, updated_at, workflow_definition_pk) 
    values
        (?, ?, ?, ?, ?, ?, ?)
Hibernate: 
    select
        coalesce(max(wv1_0.version), 0) 
    from
        workflow_versions wv1_0 
    where
        wv1_0.workflow_definition_id=?
Hibernate: 
    select
        wv1_0.workflow_version_pk,
        wv1_0.created_at,
        wv1_0.created_by,
        wv1_0.definition_json,
        wv1_0.status,
        wv1_0.updated_at,
        wv1_0.updated_by,
        wv1_0.version,
        wv1_0.workflow_definition_id 
    from
        workflow_versions wv1_0 
    where
        wv1_0.workflow_version_pk=?
]]></system-out>
  </testcase>
  <testcase name="testGovernanceFlowTransitions" classname="com.enterprise.atlas.workflow.service.WorkflowServiceTest" time="0.015">
    <system-out><![CDATA[Hibernate: 
    select
        wd1_0.workflow_definition_pk 
    from
        workflow_definitions wd1_0 
    where
        wd1_0.wf_key=? 
    fetch
        first ? rows only
Hibernate: 
    select
        wd1_0.workflow_definition_pk,
        wd1_0.active_version,
        wd1_0.created_at,
        wd1_0.description,
        wd1_0.wf_key,
        wd1_0.name,
        wd1_0.updated_at,
        v1_0.workflow_definition_id,
        v1_0.workflow_version_pk,
        v1_0.created_at,
        v1_0.created_by,
        v1_0.definition_json,
        v1_0.status,
        v1_0.updated_at,
        v1_0.updated_by,
        v1_0.version 
    from
        workflow_definitions wd1_0 
    left join
        workflow_versions v1_0 
            on wd1_0.workflow_definition_pk=v1_0.workflow_definition_id 
    where
        wd1_0.workflow_definition_pk=? 
    order by
        v1_0.version
Hibernate: 
    insert 
    into
        workflow_definitions
        (active_version, created_at, description, wf_key, name, updated_at, workflow_definition_pk) 
    values
        (?, ?, ?, ?, ?, ?, ?)
Hibernate: 
    select
        coalesce(max(wv1_0.version), 0) 
    from
        workflow_versions wv1_0 
    where
        wv1_0.workflow_definition_id=?
Hibernate: 
    select
        wv1_0.workflow_version_pk,
        wv1_0.created_at,
        wv1_0.created_by,
        wv1_0.definition_json,
        wv1_0.status,
        wv1_0.updated_at,
        wv1_0.updated_by,
        wv1_0.version,
        wv1_0.workflow_definition_id 
    from
        workflow_versions wv1_0 
    where
        wv1_0.workflow_version_pk=?
]]></system-out>
  </testcase>
</testsuite>